
===== run started at 2026-05-18T20:01:36 =====
[formal_group] config=configs/runs/formal/zero_shot_olmo3_7b_instruct_csqa.yaml
[formal_group] log_path=/home/xuyang_lab/cse12311031/26Spring-CS310-NLP-Project/output/log/A/sampled_50/zero_shot/olmo3_7b_instruct_csqa.log
[zero_shot][olmo3_7b_instruct][csqa] loaded 50 samples from split=validation
[zero_shot][olmo3_7b_instruct][csqa] sample 1/50 start id=7ea9f721ffc662918bb0c0937a487f04
[zero_shot][olmo3_7b_instruct][csqa] sample 1/50 done id=7ea9f721ffc662918bb0c0937a487f04 prediction='E' gold='D' correct=False
[zero_shot][olmo3_7b_instruct][csqa] sample 2/50 start id=435a728f45d32faa4b3c4553c966fd6b
[zero_shot][olmo3_7b_instruct][csqa] sample 2/50 done id=435a728f45d32faa4b3c4553c966fd6b prediction='B' gold='B' correct=True
[zero_shot][olmo3_7b_instruct][csqa] sample 3/50 start id=b47d912136e3304cb5e5890b6b879551
[zero_shot][olmo3_7b_instruct][csqa] sample 3/50 done id=b47d912136e3304cb5e5890b6b879551 prediction='D' gold='D' correct=True
[zero_shot][olmo3_7b_instruct][csqa] sample 4/50 start id=a8a8ae7792901c7179ff5538c701af1f
[zero_shot][olmo3_7b_instruct][csqa] sample 4/50 done id=a8a8ae7792901c7179ff5538c701af1f prediction='E' gold='E' correct=True
[zero_shot][olmo3_7b_instruct][csqa] sample 5/50 start id=2d33cde5e3987adc8fa2bca0af4dd3dd
[zero_shot][olmo3_7b_instruct][csqa] sample 5/50 done id=2d33cde5e3987adc8fa2bca0af4dd3dd prediction='A' gold='A' correct=True
[zero_shot][olmo3_7b_instruct][csqa] sample 6/50 start id=1a8b3c2a46efabcbd506f9cf70886ed0
[zero_shot][olmo3_7b_instruct][csqa] sample 6/50 done id=1a8b3c2a46efabcbd506f9cf70886ed0 prediction='E' gold='E' correct=True
[zero_shot][olmo3_7b_instruct][csqa] sample 7/50 start id=e476e2c8c278eaecfe1a8b884b6aeb8e
[zero_shot][olmo3_7b_instruct][csqa] sample 7/50 done id=e476e2c8c278eaecfe1a8b884b6aeb8e prediction='A' gold='B' correct=False
[zero_shot][olmo3_7b_instruct][csqa] sample 8/50 start id=3e2222c99e11fca2ad4af2d470eb8ea2_1
[zero_shot][olmo3_7b_instruct][csqa] sample 8/50 done id=3e2222c99e11fca2ad4af2d470eb8ea2_1 prediction='D' gold='D' correct=True
[zero_shot][olmo3_7b_instruct][csqa] sample 9/50 start id=76b6f0765a3b2fba71021f902142edc0
[zero_shot][olmo3_7b_instruct][csqa] sample 9/50 done id=76b6f0765a3b2fba71021f902142edc0 prediction='The question asks for a reason someone might choose to watch TV instead of doing something else. We evaluate the options:\n\n- **A. headache**: Having a headache would likely make someone want to rest *from* watching TV, not the reason to watch it.\n- **B. laughter**: Watching TV often causes laughter, but the question is about why one *chooses* to watch TV, not a consequence of watching.\n- **C. laziness**: If someone is lazy, they might choose to watch TV rather than engage in more active or productive tasks.\n- **D. erections**: This is a physiological response and not a deliberate choice related to leisure activity.\n- **E. wasting time**: Watching TV is commonly done because it is seen as a way to waste time, rather than to be productive.\n\nThe most direct and common reason given for watching TV instead of doing something else is **C. laziness** or **E. wasting time**, depending on the context. However, in the context of "why would you be doing this instead of something else," laziness is a common psychological reason. But if the question is about the *intention* (i.e., are they choosing to waste time?), then E is also plausible. Since the question is' gold='C' correct=False
[zero_shot][olmo3_7b_instruct][csqa] sample 10/50 start id=d107d67d525a686fbd8282314d2ea33c
[zero_shot][olmo3_7b_instruct][csqa] sample 10/50 done id=d107d67d525a686fbd8282314d2ea33c prediction='A' gold='A' correct=True
[zero_shot][olmo3_7b_instruct][csqa] sample 11/50 start id=e69da59cbcf2a302e4523571eba8186b
[zero_shot][olmo3_7b_instruct][csqa] sample 11/50 done id=e69da59cbcf2a302e4523571eba8186b prediction='E' gold='E' correct=True
[zero_shot][olmo3_7b_instruct][csqa] sample 12/50 start id=ec5a336080e37fbe95d72ad5f9c65ba7
[zero_shot][olmo3_7b_instruct][csqa] sample 12/50 done id=ec5a336080e37fbe95d72ad5f9c65ba7 prediction='C' gold='C' correct=True
[zero_shot][olmo3_7b_instruct][csqa] sample 13/50 start id=60e8f1a86d4063895f340cd1e3c55f50
[zero_shot][olmo3_7b_instruct][csqa] sample 13/50 done id=60e8f1a86d4063895f340cd1e3c55f50 prediction='E' gold='C' correct=False
[zero_shot][olmo3_7b_instruct][csqa] sample 14/50 start id=03ee30b5801b61aee791a551a9d9a49f
[zero_shot][olmo3_7b_instruct][csqa] sample 14/50 done id=03ee30b5801b61aee791a551a9d9a49f prediction='A' gold='A' correct=True
[zero_shot][olmo3_7b_instruct][csqa] sample 15/50 start id=0542414710025f56b0c26e1bae5c4d06
[zero_shot][olmo3_7b_instruct][csqa] sample 15/50 done id=0542414710025f56b0c26e1bae5c4d06 prediction='A' gold='A' correct=True
[zero_shot][olmo3_7b_instruct][csqa] sample 16/50 start id=93b52e7ea1acf10db891e9355e234123
[zero_shot][olmo3_7b_instruct][csqa] sample 16/50 done id=93b52e7ea1acf10db891e9355e234123 prediction='A' gold='A' correct=True
[zero_shot][olmo3_7b_instruct][csqa] sample 17/50 start id=5215e26c99b2a9b376fb1c70096a388a
[zero_shot][olmo3_7b_instruct][csqa] sample 17/50 done id=5215e26c99b2a9b376fb1c70096a388a prediction='E' gold='B' correct=False
[zero_shot][olmo3_7b_instruct][csqa] sample 18/50 start id=b4130d1790948134f3aeab9d3d79c181
[zero_shot][olmo3_7b_instruct][csqa] sample 18/50 done id=b4130d1790948134f3aeab9d3d79c181 prediction='A' gold='A' correct=True
[zero_shot][olmo3_7b_instruct][csqa] sample 19/50 start id=5a50ea4bb2d13dc4f620ebd45025d445
[zero_shot][olmo3_7b_instruct][csqa] sample 19/50 done id=5a50ea4bb2d13dc4f620ebd45025d445 prediction='B' gold='E' correct=False
[zero_shot][olmo3_7b_instruct][csqa] sample 20/50 start id=48205cc84aab5e455b22e17c3cc7277d
[zero_shot][olmo3_7b_instruct][csqa] sample 20/50 done id=48205cc84aab5e455b22e17c3cc7277d prediction='B' gold='B' correct=True
[zero_shot][olmo3_7b_instruct][csqa] sample 21/50 start id=a7d51b753c2113d8b2dbd0ebb5375855_1
[zero_shot][olmo3_7b_instruct][csqa] sample 21/50 done id=a7d51b753c2113d8b2dbd0ebb5375855_1 prediction='D' gold='D' correct=True
[zero_shot][olmo3_7b_instruct][csqa] sample 22/50 start id=f13efb91090dd28fd2b3c1f4dde680fd
[zero_shot][olmo3_7b_instruct][csqa] sample 22/50 done id=f13efb91090dd28fd2b3c1f4dde680fd prediction='A' gold='A' correct=True
[zero_shot][olmo3_7b_instruct][csqa] sample 23/50 start id=22fc45d9e6d0baea4a5b0526504225b8
[zero_shot][olmo3_7b_instruct][csqa] sample 23/50 done id=22fc45d9e6d0baea4a5b0526504225b8 prediction='A person seeing a man with a suitcase full of money might suspect that the money is being transported, which typically happens in vehicles designed for carrying cargo. Among the options, a suitcase would most logically be on an airplane (E) or in a cargo hold (E), as these are common for transporting such items. However, "suitcase" specifically refers to a type of luggage, not the vehicle itself. The phrase "watching" implies the person is observing through a window or screen. An airplane or cargo hold has a window or viewing area, but "movie" (B) is a thing being watched, not a place. The suitcase is "full of money," so it\'s not in a baggage compartment (A), which usually holds general luggage, not necessarily money. "Subway" (C) and "airplane" (D) are possible places, but the most precise answer is the E options related to the vehicle. Since "E. cargo hold" directly relates to transporting money and can be seen from inside or outside an airplane, and airplanes are the most common means for moving large sums of money, the best answer is E. But strictly by the options given, "E" encompasses both airplane and cargo hold, but the context of "watch' gold='B' correct=False
[zero_shot][olmo3_7b_instruct][csqa] sample 24/50 start id=7d70208061ae3185bcfc9e912ee9e141
[zero_shot][olmo3_7b_instruct][csqa] sample 24/50 done id=7d70208061ae3185bcfc9e912ee9e141 prediction='A' gold='A' correct=True
[zero_shot][olmo3_7b_instruct][csqa] sample 25/50 start id=d1ad9b79f54205b6b9ac19a27f9c2be5
[zero_shot][olmo3_7b_instruct][csqa] sample 25/50 done id=d1ad9b79f54205b6b9ac19a27f9c2be5 prediction='E' gold='E' correct=True
[zero_shot][olmo3_7b_instruct][csqa] sample 26/50 start id=48abc2c113623fd72f758502529f93a5
[zero_shot][olmo3_7b_instruct][csqa] sample 26/50 done id=48abc2c113623fd72f758502529f93a5 prediction='B' gold='C' correct=False
[zero_shot][olmo3_7b_instruct][csqa] sample 27/50 start id=fce1c5d069758aea57a787fc98dcf7a9
[zero_shot][olmo3_7b_instruct][csqa] sample 27/50 done id=fce1c5d069758aea57a787fc98dcf7a9 prediction='E' gold='E' correct=True
[zero_shot][olmo3_7b_instruct][csqa] sample 28/50 start id=bee2a6eadfaf7a4fa0a214e341ddbe5b
[zero_shot][olmo3_7b_instruct][csqa] sample 28/50 done id=bee2a6eadfaf7a4fa0a214e341ddbe5b prediction='A' gold='A' correct=True
[zero_shot][olmo3_7b_instruct][csqa] sample 29/50 start id=839f3c37622c1ed5eebc9cd0b9d658e8
[zero_shot][olmo3_7b_instruct][csqa] sample 29/50 done id=839f3c37622c1ed5eebc9cd0b9d658e8 prediction='D' gold='D' correct=True
[zero_shot][olmo3_7b_instruct][csqa] sample 30/50 start id=96cb628fb7ed2f53245598f707ed2b80
[zero_shot][olmo3_7b_instruct][csqa] sample 30/50 done id=96cb628fb7ed2f53245598f707ed2b80 prediction='B' gold='B' correct=True
[zero_shot][olmo3_7b_instruct][csqa] sample 31/50 start id=f912bcd7479b76db9b1c57a612b90f00
[zero_shot][olmo3_7b_instruct][csqa] sample 31/50 done id=f912bcd7479b76db9b1c57a612b90f00 prediction='B' gold='B' correct=True
[zero_shot][olmo3_7b_instruct][csqa] sample 32/50 start id=92869fc0be5dc45f407700692ffd80a0
[zero_shot][olmo3_7b_instruct][csqa] sample 32/50 done id=92869fc0be5dc45f407700692ffd80a0 prediction='E' gold='E' correct=True
[zero_shot][olmo3_7b_instruct][csqa] sample 33/50 start id=2a58e81a9c4ce095d099e0d785fc2da4
