Loading weights:   0%|          | 0/355 [00:00<?, ?it/s]Loading weights:  35%|███▍      | 123/355 [00:00<00:00, 1225.52it/s]Loading weights:  69%|██████▉   | 246/355 [00:00<00:00, 1065.12it/s]Loading weights: 100%|██████████| 355/355 [00:00<00:00, 1099.71it/s]
[formal_group] loaded shared runner for model=olmo3_7b_instruct configs=3 split=test
[formal_group] config=configs/runs/formal/zero_shot_olmo3_7b_instruct_gsm8k.yaml
[formal_group] log_path=/home/xuyang_lab/cse12311031/26Spring-CS310-NLP-Project/output/log/A/sampled_50/zero_shot/olmo3_7b_instruct_gsm8k.log
[zero_shot][olmo3_7b_instruct][gsm8k] loaded 50 samples from split=test
[zero_shot][olmo3_7b_instruct][gsm8k] sample 1/50 start id=gsm8k_test_13
[zero_shot][olmo3_7b_instruct][gsm8k] sample 1/50 done id=gsm8k_test_13 prediction='Let x be the number of vacuum cleaners Melanie started with.\n\n1. At the green house, she sold (1/3)x vacuum cleaners.\n2. After the green house, she had x - (1/3)x = (2/3)x vacuum cleaners left.\n3. She sold 2 more at the red house, so remaining after red house: (2/3)x - 2.\n4. At the orange house, she sold half of what was left, i.e., (1/2)[(2/3)x - 2].\n   After the orange house, she has the other half left: [(2/3)x - 2]/2.\n5. We know she has 5 vacuum cleaners left after all sales. So:\n   [(2/3)x - 2]/2 = 5\n6. Multiply both sides by 2:\n   (2/3)x - 2 = 10\n7. Add 2 to both sides:\n   (2/3)x = 12\n8. Multiply both sides by (3/2):\n   x = 12 * (3/2) = 18\n9. Check: Started with 18. Sold 6 at green (1/3 of' gold='18' correct=False
[zero_shot][olmo3_7b_instruct][gsm8k] sample 2/50 start id=gsm8k_test_51
[zero_shot][olmo3_7b_instruct][gsm8k] sample 2/50 done id=gsm8k_test_51 prediction='5' gold='5' correct=True
[zero_shot][olmo3_7b_instruct][gsm8k] sample 3/50 start id=gsm8k_test_54
[zero_shot][olmo3_7b_instruct][gsm8k] sample 3/50 done id=gsm8k_test_54 prediction='Let\'s break down the problem step by step.\n\n1. The Doubtfire sisters currently have 7 kittens in their car.\n2. Their mother says that Patchy and Trixie (the two house cats) have each had kittens.\n3. Patchy has had **thrice the number of adopted kittens**, which is 3 × 7 = **21 kittens**.\n4. Trixie has had **12 kittens**.\n5. However, the question is about the **total number of kittens the family now has**. We need to clarify if the 7 kittens are the total offspring of Patchy and Trixie, or if these 7 are in addition to the new kittens.\n6. The wording says the sisters "are driving home with 7 kittens adopted from the local animal shelter." This suggests the 7 are already adopted and with them, but the cats (Patchy and Trixie) are their *own* cats, so their kittens would be the new ones.\n7. The problem asks how many kittens the family now has, implying the total including the newly born ones from the house cats.\n8. But the key phrase is "adopted from the local animal shelter." The 7 are likely the adopted kittens, not' gold='40' correct=False
[zero_shot][olmo3_7b_instruct][gsm8k] sample 4/50 start id=gsm8k_test_61
[zero_shot][olmo3_7b_instruct][gsm8k] sample 4/50 done id=gsm8k_test_61 prediction='1430' gold='1430' correct=True
[zero_shot][olmo3_7b_instruct][gsm8k] sample 5/50 start id=gsm8k_test_65
[zero_shot][olmo3_7b_instruct][gsm8k] sample 5/50 done id=gsm8k_test_65 prediction='36' gold='36' correct=True
[zero_shot][olmo3_7b_instruct][gsm8k] sample 6/50 start id=gsm8k_test_88
[zero_shot][olmo3_7b_instruct][gsm8k] sample 6/50 done id=gsm8k_test_88 prediction='8000' gold='8000' correct=True
[zero_shot][olmo3_7b_instruct][gsm8k] sample 7/50 start id=gsm8k_test_161
[zero_shot][olmo3_7b_instruct][gsm8k] sample 7/50 done id=gsm8k_test_161 prediction='32' gold='32' correct=True
[zero_shot][olmo3_7b_instruct][gsm8k] sample 8/50 start id=gsm8k_test_178
[zero_shot][olmo3_7b_instruct][gsm8k] sample 8/50 done id=gsm8k_test_178 prediction='122' gold='122' correct=True
[zero_shot][olmo3_7b_instruct][gsm8k] sample 9/50 start id=gsm8k_test_189
[zero_shot][olmo3_7b_instruct][gsm8k] sample 9/50 done id=gsm8k_test_189 prediction='61' gold='34' correct=False
[zero_shot][olmo3_7b_instruct][gsm8k] sample 10/50 start id=gsm8k_test_191
[zero_shot][olmo3_7b_instruct][gsm8k] sample 10/50 done id=gsm8k_test_191 prediction='5' gold='5' correct=True
[zero_shot][olmo3_7b_instruct][gsm8k] sample 11/50 start id=gsm8k_test_198
[zero_shot][olmo3_7b_instruct][gsm8k] sample 11/50 done id=gsm8k_test_198 prediction='320' gold='320' correct=True
[zero_shot][olmo3_7b_instruct][gsm8k] sample 12/50 start id=gsm8k_test_209
[zero_shot][olmo3_7b_instruct][gsm8k] sample 12/50 done id=gsm8k_test_209 prediction='145' gold='145' correct=True
[zero_shot][olmo3_7b_instruct][gsm8k] sample 13/50 start id=gsm8k_test_228
[zero_shot][olmo3_7b_instruct][gsm8k] sample 13/50 done id=gsm8k_test_228 prediction='1' gold='1' correct=True
[zero_shot][olmo3_7b_instruct][gsm8k] sample 14/50 start id=gsm8k_test_255
[zero_shot][olmo3_7b_instruct][gsm8k] sample 14/50 done id=gsm8k_test_255 prediction='176' gold='192' correct=False
[zero_shot][olmo3_7b_instruct][gsm8k] sample 15/50 start id=gsm8k_test_285
[zero_shot][olmo3_7b_instruct][gsm8k] sample 15/50 done id=gsm8k_test_285 prediction='21' gold='21' correct=True
[zero_shot][olmo3_7b_instruct][gsm8k] sample 16/50 start id=gsm8k_test_318
[zero_shot][olmo3_7b_instruct][gsm8k] sample 16/50 done id=gsm8k_test_318 prediction='123' gold='123' correct=True
[zero_shot][olmo3_7b_instruct][gsm8k] sample 17/50 start id=gsm8k_test_326
[zero_shot][olmo3_7b_instruct][gsm8k] sample 17/50 done id=gsm8k_test_326 prediction='14' gold='14' correct=True
[zero_shot][olmo3_7b_instruct][gsm8k] sample 18/50 start id=gsm8k_test_407
[zero_shot][olmo3_7b_instruct][gsm8k] sample 18/50 done id=gsm8k_test_407 prediction='Let’s break down the information step by step.\n\n1. Elliott’s goal is 10,000 steps per day.\n2. He finished half of his steps on walks to and from school.  \n   So, steps from school walks = ½ × 10,000 = 5,000 steps.\n3. He did another 1,000 steps with his friend.\n4. After that, he went for a jog and then had 2,000 steps remaining to reach his goal.\n5. First, calculate how many steps he had taken before the jog.  \n   Total goal = steps already taken + steps after jog + remaining steps  \n   10,000 = 5,000 (school) + 1,000 (friend) + steps during jog + 2,000 (remaining)  \n   5,000 + 1,000 = 6,000 steps before the jog and the jog itself.\n6. After the jog, he had 2,000 steps left. That means the steps he took during the jog plus the previous steps equal the total minus the remaining steps.  \n   So, steps before jog + steps during jog = 10,000 – 2,000 = 8,000 steps taken by the time' gold='2000' correct=False
[zero_shot][olmo3_7b_instruct][gsm8k] sample 19/50 start id=gsm8k_test_440
[zero_shot][olmo3_7b_instruct][gsm8k] sample 19/50 done id=gsm8k_test_440 prediction='98' gold='98' correct=True
[zero_shot][olmo3_7b_instruct][gsm8k] sample 20/50 start id=gsm8k_test_447
[zero_shot][olmo3_7b_instruct][gsm8k] sample 20/50 done id=gsm8k_test_447 prediction='5' gold='5' correct=True
[zero_shot][olmo3_7b_instruct][gsm8k] sample 21/50 start id=gsm8k_test_451
[zero_shot][olmo3_7b_instruct][gsm8k] sample 21/50 done id=gsm8k_test_451 prediction='11050' gold='11050' correct=True
[zero_shot][olmo3_7b_instruct][gsm8k] sample 22/50 start id=gsm8k_test_457
[zero_shot][olmo3_7b_instruct][gsm8k] sample 22/50 done id=gsm8k_test_457 prediction='45' gold='45' correct=True
[zero_shot][olmo3_7b_instruct][gsm8k] sample 23/50 start id=gsm8k_test_476
[zero_shot][olmo3_7b_instruct][gsm8k] sample 23/50 done id=gsm8k_test_476 prediction='5' gold='5' correct=True
[zero_shot][olmo3_7b_instruct][gsm8k] sample 24/50 start id=gsm8k_test_501
[zero_shot][olmo3_7b_instruct][gsm8k] sample 24/50 done id=gsm8k_test_501 prediction='273' gold='273' correct=True
[zero_shot][olmo3_7b_instruct][gsm8k] sample 25/50 start id=gsm8k_test_541
[zero_shot][olmo3_7b_instruct][gsm8k] sample 25/50 done id=gsm8k_test_541 prediction='50' gold='50' correct=True
[zero_shot][olmo3_7b_instruct][gsm8k] sample 26/50 start id=gsm8k_test_563
[zero_shot][olmo3_7b_instruct][gsm8k] sample 26/50 done id=gsm8k_test_563 prediction='6' gold='12' correct=False
[zero_shot][olmo3_7b_instruct][gsm8k] sample 27/50 start id=gsm8k_test_569
[zero_shot][olmo3_7b_instruct][gsm8k] sample 27/50 done id=gsm8k_test_569 prediction='21' gold='21' correct=True
[zero_shot][olmo3_7b_instruct][gsm8k] sample 28/50 start id=gsm8k_test_600
[zero_shot][olmo3_7b_instruct][gsm8k] sample 28/50 done id=gsm8k_test_600 prediction='10' gold='10' correct=True
[zero_shot][olmo3_7b_instruct][gsm8k] sample 29/50 start id=gsm8k_test_689
[zero_shot][olmo3_7b_instruct][gsm8k] sample 29/50 done id=gsm8k_test_689 prediction='7' gold='7' correct=True
[zero_shot][olmo3_7b_instruct][gsm8k] sample 30/50 start id=gsm8k_test_696
[zero_shot][olmo3_7b_instruct][gsm8k] sample 30/50 done id=gsm8k_test_696 prediction='Let\'s break down the problem step by step.\n\n**Step 1: Find Betty\'s points.**  \nAdam has 50 points.  \nBetty collected 30% more than Adam.  \n30% of 50 is 0.3 × 50 = 15.  \nSo Betty has 50 + 15 = **65 points**.\n\n**Step 2: Find Tom\'s points.**  \nTom has 30 points less than Betty.  \nBetty has 65, so Tom has 65 - 30 = **35 points**.\n\n**Step 3: Find Marta\'s points.**  \nMarta collected 3 times more points than Tom.  \nThis means Marta has 3 × Tom\'s points.  \nIs "3 times more" means 3 × Tom\'s points, or 4 × (Tom\'s + 3×Tom)?  \nIn most math problems, "3 times more" means 3 × Tom\'s points.  \nSo Marta has 3 × 35 = **105 points**.\n\n**Step 4: Find the total class points.**  \nAdd up all the points:  \nAdam: 50  \nBetty: 65  \nTom: 35  \nMarta: 105' gold='145' correct=False
[zero_shot][olmo3_7b_instruct][gsm8k] sample 31/50 start id=gsm8k_test_704
[zero_shot][olmo3_7b_instruct][gsm8k] sample 31/50 done id=gsm8k_test_704 prediction='50' gold='50' correct=True
[zero_shot][olmo3_7b_instruct][gsm8k] sample 32/50 start id=gsm8k_test_735
[zero_shot][olmo3_7b_instruct][gsm8k] sample 32/50 done id=gsm8k_test_735 prediction='50' gold='50' correct=True
[zero_shot][olmo3_7b_instruct][gsm8k] sample 33/50 start id=gsm8k_test_775
[zero_shot][olmo3_7b_instruct][gsm8k] sample 33/50 done id=gsm8k_test_775 prediction='276' gold='276' correct=True
[zero_shot][olmo3_7b_instruct][gsm8k] sample 34/50 start id=gsm8k_test_778
[zero_shot][olmo3_7b_instruct][gsm8k] sample 34/50 done id=gsm8k_test_778 prediction='38' gold='38' correct=True
[zero_shot][olmo3_7b_instruct][gsm8k] sample 35/50 start id=gsm8k_test_859
[zero_shot][olmo3_7b_instruct][gsm8k] sample 35/50 done id=gsm8k_test_859 prediction='1520' gold='1520' correct=True
[zero_shot][olmo3_7b_instruct][gsm8k] sample 36/50 start id=gsm8k_test_864
[zero_shot][olmo3_7b_instruct][gsm8k] sample 36/50 done id=gsm8k_test_864 prediction='80' gold='80' correct=True
[zero_shot][olmo3_7b_instruct][gsm8k] sample 37/50 start id=gsm8k_test_865
[zero_shot][olmo3_7b_instruct][gsm8k] sample 37/50 done id=gsm8k_test_865 prediction='23' gold='23' correct=True
[zero_shot][olmo3_7b_instruct][gsm8k] sample 38/50 start id=gsm8k_test_919
[zero_shot][olmo3_7b_instruct][gsm8k] sample 38/50 done id=gsm8k_test_919 prediction='90' gold='90' correct=True
[zero_shot][olmo3_7b_instruct][gsm8k] sample 39/50 start id=gsm8k_test_940
[zero_shot][olmo3_7b_instruct][gsm8k] sample 39/50 done id=gsm8k_test_940 prediction='280' gold='280' correct=True
[zero_shot][olmo3_7b_instruct][gsm8k] sample 40/50 start id=gsm8k_test_1034
[zero_shot][olmo3_7b_instruct][gsm8k] sample 40/50 done id=gsm8k_test_1034 prediction='66' gold='66' correct=True
[zero_shot][olmo3_7b_instruct][gsm8k] sample 41/50 start id=gsm8k_test_1098
[zero_shot][olmo3_7b_instruct][gsm8k] sample 41/50 done id=gsm8k_test_1098 prediction='30' gold='30' correct=True
[zero_shot][olmo3_7b_instruct][gsm8k] sample 42/50 start id=gsm8k_test_1116
[zero_shot][olmo3_7b_instruct][gsm8k] sample 42/50 done id=gsm8k_test_1116 prediction='60' gold='60' correct=True
[zero_shot][olmo3_7b_instruct][gsm8k] sample 43/50 start id=gsm8k_test_1130
[zero_shot][olmo3_7b_instruct][gsm8k] sample 43/50 done id=gsm8k_test_1130 prediction='25' gold='25' correct=True
[zero_shot][olmo3_7b_instruct][gsm8k] sample 44/50 start id=gsm8k_test_1149
[zero_shot][olmo3_7b_instruct][gsm8k] sample 44/50 done id=gsm8k_test_1149 prediction='93' gold='93' correct=True
[zero_shot][olmo3_7b_instruct][gsm8k] sample 45/50 start id=gsm8k_test_1206
[zero_shot][olmo3_7b_instruct][gsm8k] sample 45/50 done id=gsm8k_test_1206 prediction='40000' gold='40000' correct=True
[zero_shot][olmo3_7b_instruct][gsm8k] sample 46/50 start id=gsm8k_test_1209
[zero_shot][olmo3_7b_instruct][gsm8k] sample 46/50 done id=gsm8k_test_1209 prediction='29' gold='29' correct=True
[zero_shot][olmo3_7b_instruct][gsm8k] sample 47/50 start id=gsm8k_test_1232
[zero_shot][olmo3_7b_instruct][gsm8k] sample 47/50 done id=gsm8k_test_1232 prediction='15' gold='15' correct=True
[zero_shot][olmo3_7b_instruct][gsm8k] sample 48/50 start id=gsm8k_test_1236
[zero_shot][olmo3_7b_instruct][gsm8k] sample 48/50 done id=gsm8k_test_1236 prediction='84' gold='84' correct=True
[zero_shot][olmo3_7b_instruct][gsm8k] sample 49/50 start id=gsm8k_test_1287
[zero_shot][olmo3_7b_instruct][gsm8k] sample 49/50 done id=gsm8k_test_1287 prediction='84' gold='84' correct=True
[zero_shot][olmo3_7b_instruct][gsm8k] sample 50/50 start id=gsm8k_test_1309
[zero_shot][olmo3_7b_instruct][gsm8k] sample 50/50 done id=gsm8k_test_1309 prediction='2180' gold='2280' correct=False
[formal_group] completed config=configs/runs/formal/zero_shot_olmo3_7b_instruct_gsm8k.yaml
[formal_group] config=configs/runs/formal/zero_shot_olmo3_7b_instruct_csqa.yaml
[formal_group] log_path=/home/xuyang_lab/cse12311031/26Spring-CS310-NLP-Project/output/log/A/sampled_50/zero_shot/olmo3_7b_instruct_csqa.log
[zero_shot][olmo3_7b_instruct][csqa] loaded 50 samples from split=validation
[zero_shot][olmo3_7b_instruct][csqa] sample 1/50 start id=7ea9f721ffc662918bb0c0937a487f04
[zero_shot][olmo3_7b_instruct][csqa] sample 1/50 done id=7ea9f721ffc662918bb0c0937a487f04 prediction='E' gold='D' correct=False
[zero_shot][olmo3_7b_instruct][csqa] sample 2/50 start id=435a728f45d32faa4b3c4553c966fd6b
[zero_shot][olmo3_7b_instruct][csqa] sample 2/50 done id=435a728f45d32faa4b3c4553c966fd6b prediction='B' gold='B' correct=True
[zero_shot][olmo3_7b_instruct][csqa] sample 3/50 start id=b47d912136e3304cb5e5890b6b879551
[zero_shot][olmo3_7b_instruct][csqa] sample 3/50 done id=b47d912136e3304cb5e5890b6b879551 prediction='D' gold='D' correct=True
[zero_shot][olmo3_7b_instruct][csqa] sample 4/50 start id=a8a8ae7792901c7179ff5538c701af1f
[zero_shot][olmo3_7b_instruct][csqa] sample 4/50 done id=a8a8ae7792901c7179ff5538c701af1f prediction='E' gold='E' correct=True
[zero_shot][olmo3_7b_instruct][csqa] sample 5/50 start id=2d33cde5e3987adc8fa2bca0af4dd3dd
[zero_shot][olmo3_7b_instruct][csqa] sample 5/50 done id=2d33cde5e3987adc8fa2bca0af4dd3dd prediction='A' gold='A' correct=True
[zero_shot][olmo3_7b_instruct][csqa] sample 6/50 start id=1a8b3c2a46efabcbd506f9cf70886ed0
[zero_shot][olmo3_7b_instruct][csqa] sample 6/50 done id=1a8b3c2a46efabcbd506f9cf70886ed0 prediction='E' gold='E' correct=True
[zero_shot][olmo3_7b_instruct][csqa] sample 7/50 start id=e476e2c8c278eaecfe1a8b884b6aeb8e
[zero_shot][olmo3_7b_instruct][csqa] sample 7/50 done id=e476e2c8c278eaecfe1a8b884b6aeb8e prediction='A' gold='B' correct=False
[zero_shot][olmo3_7b_instruct][csqa] sample 8/50 start id=3e2222c99e11fca2ad4af2d470eb8ea2_1
[zero_shot][olmo3_7b_instruct][csqa] sample 8/50 done id=3e2222c99e11fca2ad4af2d470eb8ea2_1 prediction='D' gold='D' correct=True
[zero_shot][olmo3_7b_instruct][csqa] sample 9/50 start id=76b6f0765a3b2fba71021f902142edc0
[zero_shot][olmo3_7b_instruct][csqa] sample 9/50 done id=76b6f0765a3b2fba71021f902142edc0 prediction='The question asks for a reason someone might choose to watch TV instead of doing something else. We evaluate the options:\n\n- **A. headache**: Having a headache would likely make someone want to rest *from* watching TV, not the reason to watch it.\n- **B. laughter**: Watching TV often causes laughter, but the question is about why one *chooses* to watch TV, not a consequence of watching.\n- **C. laziness**: If someone is lazy, they might choose to watch TV rather than engage in more active or productive tasks.\n- **D. erections**: This is a physiological response and not a deliberate choice related to leisure activity.\n- **E. wasting time**: Watching TV is commonly done because it is seen as a way to waste time, rather than to be productive.\n\nThe most direct and common reason given for watching TV instead of doing something else is **C. laziness** or **E. wasting time**, depending on the context. However, in the context of "why would you be doing this instead of something else," laziness is a common psychological reason. But if the question is about the *intention* (i.e., are they choosing to waste time?), then E is also plausible. Since the question is' gold='C' correct=False
[zero_shot][olmo3_7b_instruct][csqa] sample 10/50 start id=d107d67d525a686fbd8282314d2ea33c
[zero_shot][olmo3_7b_instruct][csqa] sample 10/50 done id=d107d67d525a686fbd8282314d2ea33c prediction='A' gold='A' correct=True
[zero_shot][olmo3_7b_instruct][csqa] sample 11/50 start id=e69da59cbcf2a302e4523571eba8186b
[zero_shot][olmo3_7b_instruct][csqa] sample 11/50 done id=e69da59cbcf2a302e4523571eba8186b prediction='E' gold='E' correct=True
[zero_shot][olmo3_7b_instruct][csqa] sample 12/50 start id=ec5a336080e37fbe95d72ad5f9c65ba7
[zero_shot][olmo3_7b_instruct][csqa] sample 12/50 done id=ec5a336080e37fbe95d72ad5f9c65ba7 prediction='C' gold='C' correct=True
[zero_shot][olmo3_7b_instruct][csqa] sample 13/50 start id=60e8f1a86d4063895f340cd1e3c55f50
[zero_shot][olmo3_7b_instruct][csqa] sample 13/50 done id=60e8f1a86d4063895f340cd1e3c55f50 prediction='E' gold='C' correct=False
[zero_shot][olmo3_7b_instruct][csqa] sample 14/50 start id=03ee30b5801b61aee791a551a9d9a49f
[zero_shot][olmo3_7b_instruct][csqa] sample 14/50 done id=03ee30b5801b61aee791a551a9d9a49f prediction='A' gold='A' correct=True
[zero_shot][olmo3_7b_instruct][csqa] sample 15/50 start id=0542414710025f56b0c26e1bae5c4d06
[zero_shot][olmo3_7b_instruct][csqa] sample 15/50 done id=0542414710025f56b0c26e1bae5c4d06 prediction='A' gold='A' correct=True
[zero_shot][olmo3_7b_instruct][csqa] sample 16/50 start id=93b52e7ea1acf10db891e9355e234123
[zero_shot][olmo3_7b_instruct][csqa] sample 16/50 done id=93b52e7ea1acf10db891e9355e234123 prediction='A' gold='A' correct=True
[zero_shot][olmo3_7b_instruct][csqa] sample 17/50 start id=5215e26c99b2a9b376fb1c70096a388a
[zero_shot][olmo3_7b_instruct][csqa] sample 17/50 done id=5215e26c99b2a9b376fb1c70096a388a prediction='E' gold='B' correct=False
[zero_shot][olmo3_7b_instruct][csqa] sample 18/50 start id=b4130d1790948134f3aeab9d3d79c181
[zero_shot][olmo3_7b_instruct][csqa] sample 18/50 done id=b4130d1790948134f3aeab9d3d79c181 prediction='A' gold='A' correct=True
[zero_shot][olmo3_7b_instruct][csqa] sample 19/50 start id=5a50ea4bb2d13dc4f620ebd45025d445
[zero_shot][olmo3_7b_instruct][csqa] sample 19/50 done id=5a50ea4bb2d13dc4f620ebd45025d445 prediction='B' gold='E' correct=False
[zero_shot][olmo3_7b_instruct][csqa] sample 20/50 start id=48205cc84aab5e455b22e17c3cc7277d
[zero_shot][olmo3_7b_instruct][csqa] sample 20/50 done id=48205cc84aab5e455b22e17c3cc7277d prediction='B' gold='B' correct=True
[zero_shot][olmo3_7b_instruct][csqa] sample 21/50 start id=a7d51b753c2113d8b2dbd0ebb5375855_1
[zero_shot][olmo3_7b_instruct][csqa] sample 21/50 done id=a7d51b753c2113d8b2dbd0ebb5375855_1 prediction='D' gold='D' correct=True
[zero_shot][olmo3_7b_instruct][csqa] sample 22/50 start id=f13efb91090dd28fd2b3c1f4dde680fd
[zero_shot][olmo3_7b_instruct][csqa] sample 22/50 done id=f13efb91090dd28fd2b3c1f4dde680fd prediction='A' gold='A' correct=True
[zero_shot][olmo3_7b_instruct][csqa] sample 23/50 start id=22fc45d9e6d0baea4a5b0526504225b8
[zero_shot][olmo3_7b_instruct][csqa] sample 23/50 done id=22fc45d9e6d0baea4a5b0526504225b8 prediction='A person seeing a man with a suitcase full of money might suspect that the money is being transported, which typically happens in vehicles designed for carrying cargo. Among the options, a suitcase would most logically be on an airplane (E) or in a cargo hold (E), as these are common for transporting such items. However, "suitcase" specifically refers to a type of luggage, not the vehicle itself. The phrase "watching" implies the person is observing through a window or screen. An airplane or cargo hold has a window or viewing area, but "movie" (B) is a thing being watched, not a place. The suitcase is "full of money," so it\'s not in a baggage compartment (A), which usually holds general luggage, not necessarily money. "Subway" (C) and "airplane" (D) are possible places, but the most precise answer is the E options related to the vehicle. Since "E. cargo hold" directly relates to transporting money and can be seen from inside or outside an airplane, and airplanes are the most common means for moving large sums of money, the best answer is E. But strictly by the options given, "E" encompasses both airplane and cargo hold, but the context of "watch' gold='B' correct=False
[zero_shot][olmo3_7b_instruct][csqa] sample 24/50 start id=7d70208061ae3185bcfc9e912ee9e141
[zero_shot][olmo3_7b_instruct][csqa] sample 24/50 done id=7d70208061ae3185bcfc9e912ee9e141 prediction='A' gold='A' correct=True
[zero_shot][olmo3_7b_instruct][csqa] sample 25/50 start id=d1ad9b79f54205b6b9ac19a27f9c2be5
[zero_shot][olmo3_7b_instruct][csqa] sample 25/50 done id=d1ad9b79f54205b6b9ac19a27f9c2be5 prediction='E' gold='E' correct=True
[zero_shot][olmo3_7b_instruct][csqa] sample 26/50 start id=48abc2c113623fd72f758502529f93a5
[zero_shot][olmo3_7b_instruct][csqa] sample 26/50 done id=48abc2c113623fd72f758502529f93a5 prediction='B' gold='C' correct=False
[zero_shot][olmo3_7b_instruct][csqa] sample 27/50 start id=fce1c5d069758aea57a787fc98dcf7a9
[zero_shot][olmo3_7b_instruct][csqa] sample 27/50 done id=fce1c5d069758aea57a787fc98dcf7a9 prediction='E' gold='E' correct=True
[zero_shot][olmo3_7b_instruct][csqa] sample 28/50 start id=bee2a6eadfaf7a4fa0a214e341ddbe5b
[zero_shot][olmo3_7b_instruct][csqa] sample 28/50 done id=bee2a6eadfaf7a4fa0a214e341ddbe5b prediction='A' gold='A' correct=True
[zero_shot][olmo3_7b_instruct][csqa] sample 29/50 start id=839f3c37622c1ed5eebc9cd0b9d658e8
[zero_shot][olmo3_7b_instruct][csqa] sample 29/50 done id=839f3c37622c1ed5eebc9cd0b9d658e8 prediction='D' gold='D' correct=True
[zero_shot][olmo3_7b_instruct][csqa] sample 30/50 start id=96cb628fb7ed2f53245598f707ed2b80
[zero_shot][olmo3_7b_instruct][csqa] sample 30/50 done id=96cb628fb7ed2f53245598f707ed2b80 prediction='B' gold='B' correct=True
[zero_shot][olmo3_7b_instruct][csqa] sample 31/50 start id=f912bcd7479b76db9b1c57a612b90f00
[zero_shot][olmo3_7b_instruct][csqa] sample 31/50 done id=f912bcd7479b76db9b1c57a612b90f00 prediction='B' gold='B' correct=True
[zero_shot][olmo3_7b_instruct][csqa] sample 32/50 start id=92869fc0be5dc45f407700692ffd80a0
[zero_shot][olmo3_7b_instruct][csqa] sample 32/50 done id=92869fc0be5dc45f407700692ffd80a0 prediction='E' gold='E' correct=True
[zero_shot][olmo3_7b_instruct][csqa] sample 33/50 start id=2a58e81a9c4ce095d099e0d785fc2da4
