[zero_shot] config=configs/runs/formal/zero_shot_olmo3_7b_instruct_gsm8k.yaml
[zero_shot] log_path=/home/xuyang_lab/cse12311031/26Spring-CS310-NLP-Project/output/log/A/final_runs/zero_shot/olmo3_7b_instruct_gsm8k.log
Loading weights:   0%|          | 0/355 [00:00<?, ?it/s]Loading weights:  29%|##9       | 103/355 [00:00<00:00, 1029.32it/s]Loading weights:  62%|######1   | 220/355 [00:00<00:00, 1105.05it/s]Loading weights:  93%|#########3| 331/355 [00:00<00:00, 1078.11it/s]Loading weights: 100%|##########| 355/355 [00:00<00:00, 1150.20it/s]
Traceback (most recent call last):
  File "/home/xuyang_lab/cse12311031/26Spring-CS310-NLP-Project/scripts/run_zero_shot.py", line 37, in <module>
    main()
  File "/home/xuyang_lab/cse12311031/26Spring-CS310-NLP-Project/scripts/run_zero_shot.py", line 31, in main
    results = run_zero_shot(run_config, model_config, prompt_config)
  File "/home/xuyang_lab/cse12311031/26Spring-CS310-NLP-Project/src/pipeline.py", line 35, in run_zero_shot
    prediction = extract_answer(
  File "/home/xuyang_lab/cse12311031/26Spring-CS310-NLP-Project/src/sc/answering.py", line 56, in extract_answer
    raise ValueError(f"GSM8K 答案抽取失败，原始文本为：{generated_text}")
ValueError: GSM8K 答案抽取失败，原始文本为：First, calculate the total time Carla would take to download the 200 GB file at her normal rate of 2 GB per minute.  
Total time without interruptions = Total size ÷ Rate = 200 GB ÷ 2 GB/minute = 100 minutes.  

Next, determine how far she has downloaded before the forced restart.  
40% of 200 GB = 0.4 × 200 = 80 GB.  

Time to download the first 80 GB at 2 GB/minute:  
80 GB ÷ 2 GB/minute = 40 minutes.  

At this point, she has been downloading for 40 minutes.  
Then, Windows restarts her download for 20 minutes, but no data is downloaded during this time.  

After the restart, she has to re-download the entire 200 GB from scratch.  
Time to re-download 200 GB at 2 GB/minute = 200 ÷ 2 = 100 minutes.  

Total time = time before restart (40 minutes) + restart time (20 minutes) + re-download time (100 minutes)  
= 40 + 20 + 100 = 160 minutes.  

To find the total amount of data downloaded, note that the only data downloaded
