Loading weights:   0%|          | 0/355 [00:00<?, ?it/s]Loading weights:  30%|██▉       | 105/355 [00:00<00:00, 1015.08it/s]Loading weights:  58%|█████▊    | 207/355 [00:00<00:00, 992.90it/s] Loading weights:  90%|█████████ | 321/355 [00:00<00:00, 1056.40it/s]Loading weights: 100%|██████████| 355/355 [00:00<00:00, 1085.11it/s]
[formal_group] loaded shared runner for model=olmo3_7b_instruct configs=9 split=test
[formal_group] config=configs/runs/formal/zero_shot_olmo3_7b_instruct_gsm8k.yaml
[formal_group] log_path=/home/xuyang_lab/cse12311031/26Spring-CS310-NLP-Project/output/log/A/sampled_200/zero_shot/olmo3_7b_instruct_gsm8k.log
[zero_shot][olmo3_7b_instruct][gsm8k] loaded 200 samples from split=test
[zero_shot][olmo3_7b_instruct][gsm8k] sample 1/200 start id=gsm8k_test_1
[zero_shot][olmo3_7b_instruct][gsm8k] sample 1/200 done id=gsm8k_test_1 prediction='3' gold='3' correct=True
[zero_shot][olmo3_7b_instruct][gsm8k] sample 2/200 start id=gsm8k_test_6
[zero_shot][olmo3_7b_instruct][gsm8k] sample 2/200 done id=gsm8k_test_6 prediction='260' gold='260' correct=True
[zero_shot][olmo3_7b_instruct][gsm8k] sample 3/200 start id=gsm8k_test_13
[zero_shot][olmo3_7b_instruct][gsm8k] sample 3/200 done id=gsm8k_test_13 prediction='Let x be the number of vacuum cleaners Melanie started with.\n\n1. At the green house, she sold (1/3)x vacuum cleaners.\n2. After the green house, she had x - (1/3)x = (2/3)x vacuum cleaners left.\n3. She sold 2 more at the red house, so remaining after red house: (2/3)x - 2.\n4. At the orange house, she sold half of what was left, i.e., (1/2)[(2/3)x - 2].\n   After the orange house, she has the other half left: [(2/3)x - 2]/2.\n5. We know she has 5 vacuum cleaners left after all sales. So:\n   [(2/3)x - 2]/2 = 5\n6. Multiply both sides by 2:\n   (2/3)x - 2 = 10\n7. Add 2 to both sides:\n   (2/3)x = 12\n8. Multiply both sides by (3/2):\n   x = 12 * (3/2) = 18\n9. Check: Started with 18. Sold 6 at green (1/3 of' gold='18' correct=False
[zero_shot][olmo3_7b_instruct][gsm8k] sample 4/200 start id=gsm8k_test_14
[zero_shot][olmo3_7b_instruct][gsm8k] sample 4/200 done id=gsm8k_test_14 prediction='60' gold='60' correct=True
[zero_shot][olmo3_7b_instruct][gsm8k] sample 5/200 start id=gsm8k_test_23
[zero_shot][olmo3_7b_instruct][gsm8k] sample 5/200 done id=gsm8k_test_23 prediction='8' gold='8' correct=True
[zero_shot][olmo3_7b_instruct][gsm8k] sample 6/200 start id=gsm8k_test_39
[zero_shot][olmo3_7b_instruct][gsm8k] sample 6/200 done id=gsm8k_test_39 prediction='18' gold='18' correct=True
[zero_shot][olmo3_7b_instruct][gsm8k] sample 7/200 start id=gsm8k_test_43
[zero_shot][olmo3_7b_instruct][gsm8k] sample 7/200 done id=gsm8k_test_43 prediction='48' gold='48' correct=True
[zero_shot][olmo3_7b_instruct][gsm8k] sample 8/200 start id=gsm8k_test_51
[zero_shot][olmo3_7b_instruct][gsm8k] sample 8/200 done id=gsm8k_test_51 prediction='5' gold='5' correct=True
[zero_shot][olmo3_7b_instruct][gsm8k] sample 9/200 start id=gsm8k_test_54
[zero_shot][olmo3_7b_instruct][gsm8k] sample 9/200 done id=gsm8k_test_54 prediction='Let\'s break down the problem step by step.\n\n1. The Doubtfire sisters currently have 7 kittens in their car.\n2. Their mother says that Patchy and Trixie (the two house cats) have each had kittens.\n3. Patchy has had **thrice the number of adopted kittens**, which is 3 × 7 = **21 kittens**.\n4. Trixie has had **12 kittens**.\n5. However, the question is about the **total number of kittens the family now has**. We need to clarify if the 7 kittens are the total offspring of Patchy and Trixie, or if these 7 are in addition to the new kittens.\n6. The wording says the sisters "are driving home with 7 kittens adopted from the local animal shelter." This suggests the 7 are already adopted and with them, but the cats (Patchy and Trixie) are their *own* cats, so their kittens would be the new ones.\n7. The problem asks how many kittens the family now has, implying the total including the newly born ones from the house cats.\n8. But the key phrase is "adopted from the local animal shelter." The 7 are likely the adopted kittens, not' gold='40' correct=False
[zero_shot][olmo3_7b_instruct][gsm8k] sample 10/200 start id=gsm8k_test_61
[zero_shot][olmo3_7b_instruct][gsm8k] sample 10/200 done id=gsm8k_test_61 prediction='1430' gold='1430' correct=True
[zero_shot][olmo3_7b_instruct][gsm8k] sample 11/200 start id=gsm8k_test_64
[zero_shot][olmo3_7b_instruct][gsm8k] sample 11/200 done id=gsm8k_test_64 prediction='300' gold='300' correct=True
[zero_shot][olmo3_7b_instruct][gsm8k] sample 12/200 start id=gsm8k_test_65
[zero_shot][olmo3_7b_instruct][gsm8k] sample 12/200 done id=gsm8k_test_65 prediction='36' gold='36' correct=True
[zero_shot][olmo3_7b_instruct][gsm8k] sample 13/200 start id=gsm8k_test_88
[zero_shot][olmo3_7b_instruct][gsm8k] sample 13/200 done id=gsm8k_test_88 prediction='8000' gold='8000' correct=True
[zero_shot][olmo3_7b_instruct][gsm8k] sample 14/200 start id=gsm8k_test_93
[zero_shot][olmo3_7b_instruct][gsm8k] sample 14/200 done id=gsm8k_test_93 prediction="Let L be Lee's original time for the 400-meter hurdles.  \nWe know Lee now runs it in 38 seconds, but originally she was 2 seconds faster than Gerald's original time.  \nLet G be Gerald's original time.  \nThen, Lee's original time was G - 2.  \nAfter Gerald improved by 10%, his new time is G × (1 - 0.10) = 0.9G.  \nLee's current time (38 seconds) is still her current time, not her original time, so we need to relate Lee's current time to Gerald's improved time.  \nBut the problem doesn't say Lee's time changed; it only gives Lee's current time.  \nHowever, the question asks for Gerald's improved time, given that Lee's current time (38s) is 2 seconds less than her original time, which was 2 seconds less than Gerald's original time.  \nSo, Lee's original time = G - 2.  \nBut Lee's current time is 38 seconds.  (Assuming her time is now 38s, which is her current best, but the relation is to Gerald's original time.)  \nWe are told Lee used to be 2 seconds faster than Gerald" gold='36' correct=False
[zero_shot][olmo3_7b_instruct][gsm8k] sample 15/200 start id=gsm8k_test_96
[zero_shot][olmo3_7b_instruct][gsm8k] sample 15/200 done id=gsm8k_test_96 prediction='3' gold='3' correct=True
[zero_shot][olmo3_7b_instruct][gsm8k] sample 16/200 start id=gsm8k_test_114
[zero_shot][olmo3_7b_instruct][gsm8k] sample 16/200 done id=gsm8k_test_114 prediction='6' gold='6' correct=True
[zero_shot][olmo3_7b_instruct][gsm8k] sample 17/200 start id=gsm8k_test_118
[zero_shot][olmo3_7b_instruct][gsm8k] sample 17/200 done id=gsm8k_test_118 prediction='4' gold='4' correct=True
[zero_shot][olmo3_7b_instruct][gsm8k] sample 18/200 start id=gsm8k_test_120
[zero_shot][olmo3_7b_instruct][gsm8k] sample 18/200 done id=gsm8k_test_120 prediction='240' gold='240' correct=True
[zero_shot][olmo3_7b_instruct][gsm8k] sample 19/200 start id=gsm8k_test_130
[zero_shot][olmo3_7b_instruct][gsm8k] sample 19/200 done id=gsm8k_test_130 prediction='30' gold='30' correct=True
[zero_shot][olmo3_7b_instruct][gsm8k] sample 20/200 start id=gsm8k_test_131
[zero_shot][olmo3_7b_instruct][gsm8k] sample 20/200 done id=gsm8k_test_131 prediction='940' gold='940' correct=True
[zero_shot][olmo3_7b_instruct][gsm8k] sample 21/200 start id=gsm8k_test_135
[zero_shot][olmo3_7b_instruct][gsm8k] sample 21/200 done id=gsm8k_test_135 prediction='40' gold='40' correct=True
[zero_shot][olmo3_7b_instruct][gsm8k] sample 22/200 start id=gsm8k_test_138
[zero_shot][olmo3_7b_instruct][gsm8k] sample 22/200 done id=gsm8k_test_138 prediction='To find how many questions Mark left incomplete on each test, first determine how many questions he could answer in the given time for each.\n\nFor the first test:\n- Number of questions: 75\n- Rate: 5 questions per hour\n- Time available: 8 hours\n- Questions completed = 5 questions/hour × 8 hours = 40 questions\n- Questions left incomplete = 75 total - 40 completed = 35 questions\n\nFor the second test:\n- Number of questions: 100\n- Rate: 5 questions per hour\n- Time available: 6 hours\n- Questions completed = 5 × 6 = 30 questions\n- Questions left incomplete = 100 total - 30 completed = 70 questions\n\nHowever, the question asks for the number of questions he left incomplete in total (or perhaps per test, but since it says "the test" in the question phrasing, it likely refers to each test, but the answer format is singular). Since the question says "how many questions did he leave incomplete" without specifying both tests, and typically such questions refer to each test unless stated otherwise, but the answer format is singular. However, the most logical interpretation is the total number of incomplete questions from both tests.' gold='105' correct=False
[zero_shot][olmo3_7b_instruct][gsm8k] sample 23/200 start id=gsm8k_test_141
[zero_shot][olmo3_7b_instruct][gsm8k] sample 23/200 done id=gsm8k_test_141 prediction='400' gold='400' correct=True
[zero_shot][olmo3_7b_instruct][gsm8k] sample 24/200 start id=gsm8k_test_142
[zero_shot][olmo3_7b_instruct][gsm8k] sample 24/200 done id=gsm8k_test_142 prediction='140' gold='140' correct=True
[zero_shot][olmo3_7b_instruct][gsm8k] sample 25/200 start id=gsm8k_test_145
[zero_shot][olmo3_7b_instruct][gsm8k] sample 25/200 done id=gsm8k_test_145 prediction='4000' gold='4000' correct=True
[zero_shot][olmo3_7b_instruct][gsm8k] sample 26/200 start id=gsm8k_test_146
[zero_shot][olmo3_7b_instruct][gsm8k] sample 26/200 done id=gsm8k_test_146 prediction='2125' gold='2125' correct=True
[zero_shot][olmo3_7b_instruct][gsm8k] sample 27/200 start id=gsm8k_test_161
[zero_shot][olmo3_7b_instruct][gsm8k] sample 27/200 done id=gsm8k_test_161 prediction='32' gold='32' correct=True
[zero_shot][olmo3_7b_instruct][gsm8k] sample 28/200 start id=gsm8k_test_163
[zero_shot][olmo3_7b_instruct][gsm8k] sample 28/200 done id=gsm8k_test_163 prediction='50' gold='50' correct=True
[zero_shot][olmo3_7b_instruct][gsm8k] sample 29/200 start id=gsm8k_test_175
[zero_shot][olmo3_7b_instruct][gsm8k] sample 29/200 done id=gsm8k_test_175 prediction='Let’s break down the problem step by step.\n\n1. **Determine the cost to make one gallon of lemonade:**  \n   - Lemons: $3 per gallon  \n   - Sugar: $2 per gallon  \n   → Total cost per gallon = $3 + $2 = **$5**\n\n2. **Find the revenue from one gallon:**  \n   - Each gallon yields 20 glasses.  \n   - Each glass sells for $0.50.  \n   → Revenue per gallon = 20 glasses × $0.50/glass = **$10**\n\n3. **Calculate the profit from one gallon:**  \n   Profit per gallon = Revenue per gallon − Cost per gallon  \n   = $10 − $5 = **$5 profit per gallon**\n\n4. **Determine how many gallons were sold to make $25 profit:**  \n   Let x = number of gallons sold.  \n   Total profit = 5x = $25  \n   → x = $25 ÷ $5 = **5 gallons**\n\n5. **Find the total cost for the lemons used (since the question asks specifically for lemon costs):**  \n   Cost of lemons per gallon = $3  \n   Total gallons made = 5  \n   → Total spent on' gold='15' correct=False
[zero_shot][olmo3_7b_instruct][gsm8k] sample 30/200 start id=gsm8k_test_178
[zero_shot][olmo3_7b_instruct][gsm8k] sample 30/200 done id=gsm8k_test_178 prediction='122' gold='122' correct=True
[zero_shot][olmo3_7b_instruct][gsm8k] sample 31/200 start id=gsm8k_test_186
[zero_shot][olmo3_7b_instruct][gsm8k] sample 31/200 done id=gsm8k_test_186 prediction='5' gold='5' correct=True
[zero_shot][olmo3_7b_instruct][gsm8k] sample 32/200 start id=gsm8k_test_189
[zero_shot][olmo3_7b_instruct][gsm8k] sample 32/200 done id=gsm8k_test_189 prediction='61' gold='34' correct=False
[zero_shot][olmo3_7b_instruct][gsm8k] sample 33/200 start id=gsm8k_test_191
[zero_shot][olmo3_7b_instruct][gsm8k] sample 33/200 done id=gsm8k_test_191 prediction='5' gold='5' correct=True
[zero_shot][olmo3_7b_instruct][gsm8k] sample 34/200 start id=gsm8k_test_198
[zero_shot][olmo3_7b_instruct][gsm8k] sample 34/200 done id=gsm8k_test_198 prediction='320' gold='320' correct=True
[zero_shot][olmo3_7b_instruct][gsm8k] sample 35/200 start id=gsm8k_test_206
[zero_shot][olmo3_7b_instruct][gsm8k] sample 35/200 done id=gsm8k_test_206 prediction='860' gold='860' correct=True
[zero_shot][olmo3_7b_instruct][gsm8k] sample 36/200 start id=gsm8k_test_209
[zero_shot][olmo3_7b_instruct][gsm8k] sample 36/200 done id=gsm8k_test_209 prediction='145' gold='145' correct=True
[zero_shot][olmo3_7b_instruct][gsm8k] sample 37/200 start id=gsm8k_test_217
[zero_shot][olmo3_7b_instruct][gsm8k] sample 37/200 done id=gsm8k_test_217 prediction='15' gold='15' correct=True
[zero_shot][olmo3_7b_instruct][gsm8k] sample 38/200 start id=gsm8k_test_224
[zero_shot][olmo3_7b_instruct][gsm8k] sample 38/200 done id=gsm8k_test_224 prediction='180' gold='180' correct=True
[zero_shot][olmo3_7b_instruct][gsm8k] sample 39/200 start id=gsm8k_test_228
[zero_shot][olmo3_7b_instruct][gsm8k] sample 39/200 done id=gsm8k_test_228 prediction='1' gold='1' correct=True
[zero_shot][olmo3_7b_instruct][gsm8k] sample 40/200 start id=gsm8k_test_229
[zero_shot][olmo3_7b_instruct][gsm8k] sample 40/200 done id=gsm8k_test_229 prediction='21' gold='21' correct=True
[zero_shot][olmo3_7b_instruct][gsm8k] sample 41/200 start id=gsm8k_test_234
[zero_shot][olmo3_7b_instruct][gsm8k] sample 41/200 done id=gsm8k_test_234 prediction='14' gold='21' correct=False
[zero_shot][olmo3_7b_instruct][gsm8k] sample 42/200 start id=gsm8k_test_247
[zero_shot][olmo3_7b_instruct][gsm8k] sample 42/200 done id=gsm8k_test_247 prediction='32' gold='32' correct=True
[zero_shot][olmo3_7b_instruct][gsm8k] sample 43/200 start id=gsm8k_test_255
[zero_shot][olmo3_7b_instruct][gsm8k] sample 43/200 done id=gsm8k_test_255 prediction='176' gold='192' correct=False
[zero_shot][olmo3_7b_instruct][gsm8k] sample 44/200 start id=gsm8k_test_257
[zero_shot][olmo3_7b_instruct][gsm8k] sample 44/200 done id=gsm8k_test_257 prediction='First, calculate the total length of the redwood in sections: 200 feet ÷ 10 feet per section = 20 sections.  \nNext, find the total weight of the tree: 20 sections × 400 pounds per section = 8,000 pounds.  \nThen, determine the amount eaten by the termites: 30% of 8,000 pounds = 0.30 × 8,000 = 2,400 pounds.  \nHowever, the question asks for the weight of the redwood after the termites ate some, but the problem\'s final instruction is to answer with the total weight (likely before or after, as per the question\'s intent). Since the question says "how much does it weigh?" without specifying remaining, and given the format requires a single number, I\'ll assume it asks for the original weight.  \nAlternatively, if it asks for the weight after eating, subtract: 8,000 - 2,400 = 5,600 pounds.  \nBut the question\'s phrasing is ambiguous. However, the standard interpretation of such problems is often the original weight unless stated otherwise. But let\'s check the question again: it says "how much does it weigh?" after mentioning the termites ate part, which' gold='5600' correct=False
[zero_shot][olmo3_7b_instruct][gsm8k] sample 45/200 start id=gsm8k_test_262
[zero_shot][olmo3_7b_instruct][gsm8k] sample 45/200 done id=gsm8k_test_262 prediction='270' gold='270' correct=True
[zero_shot][olmo3_7b_instruct][gsm8k] sample 46/200 start id=gsm8k_test_270
[zero_shot][olmo3_7b_instruct][gsm8k] sample 46/200 done id=gsm8k_test_270 prediction='762' gold='762' correct=True
[zero_shot][olmo3_7b_instruct][gsm8k] sample 47/200 start id=gsm8k_test_283
[zero_shot][olmo3_7b_instruct][gsm8k] sample 47/200 done id=gsm8k_test_283 prediction='68' gold='68' correct=True
[zero_shot][olmo3_7b_instruct][gsm8k] sample 48/200 start id=gsm8k_test_285
[zero_shot][olmo3_7b_instruct][gsm8k] sample 48/200 done id=gsm8k_test_285 prediction='21' gold='21' correct=True
[zero_shot][olmo3_7b_instruct][gsm8k] sample 49/200 start id=gsm8k_test_292
[zero_shot][olmo3_7b_instruct][gsm8k] sample 49/200 done id=gsm8k_test_292 prediction='75' gold='75' correct=True
[zero_shot][olmo3_7b_instruct][gsm8k] sample 50/200 start id=gsm8k_test_313
[zero_shot][olmo3_7b_instruct][gsm8k] sample 50/200 done id=gsm8k_test_313 prediction='Let\'s break down the problem step by step.\n\n1. **Current age of Cera:**  \n   Cera is 46 years old now.\n\n2. **Six years ago, Cera\'s age:**  \n   Cera\'s age six years ago = 46 - 6 = 40 years old.\n\n3. **Noah\'s age six years ago:**  \n   At that time, Noah was half as old as Cera.  \n   So Noah\'s age six years ago = (1/2) × 40 = 20 years old.\n\n4. **Noah\'s current age:**  \n   Noah is now 20 + 6 = 26 years old.\n\n5. **Population of Chile six years ago (in terms of Noah\'s age):**  \n   The problem says: "the population of Chile six years ago was 3000 times the age of Noah."  \n   So, population six years ago = 3000 × Noah\'s age six years ago  \n   = 3000 × 20 = 60,000.\n\n6. **Current population of Chile:**  \n   Six years ago, the population was half of what it is now.  \n   Let P be the current population.  \n   Then, (1/2)' gold='120000' correct=False
[zero_shot][olmo3_7b_instruct][gsm8k] sample 51/200 start id=gsm8k_test_318
[zero_shot][olmo3_7b_instruct][gsm8k] sample 51/200 done id=gsm8k_test_318 prediction='123' gold='123' correct=True
[zero_shot][olmo3_7b_instruct][gsm8k] sample 52/200 start id=gsm8k_test_323
[zero_shot][olmo3_7b_instruct][gsm8k] sample 52/200 done id=gsm8k_test_323 prediction='75' gold='75' correct=True
[zero_shot][olmo3_7b_instruct][gsm8k] sample 53/200 start id=gsm8k_test_326
[zero_shot][olmo3_7b_instruct][gsm8k] sample 53/200 done id=gsm8k_test_326 prediction='14' gold='14' correct=True
[zero_shot][olmo3_7b_instruct][gsm8k] sample 54/200 start id=gsm8k_test_327
[zero_shot][olmo3_7b_instruct][gsm8k] sample 54/200 done id=gsm8k_test_327 prediction='31' gold='31' correct=True
[zero_shot][olmo3_7b_instruct][gsm8k] sample 55/200 start id=gsm8k_test_330
[zero_shot][olmo3_7b_instruct][gsm8k] sample 55/200 done id=gsm8k_test_330 prediction='31' gold='31' correct=True
[zero_shot][olmo3_7b_instruct][gsm8k] sample 56/200 start id=gsm8k_test_333
[zero_shot][olmo3_7b_instruct][gsm8k] sample 56/200 done id=gsm8k_test_333 prediction='100' gold='100' correct=True
[zero_shot][olmo3_7b_instruct][gsm8k] sample 57/200 start id=gsm8k_test_334
[zero_shot][olmo3_7b_instruct][gsm8k] sample 57/200 done id=gsm8k_test_334 prediction='6' gold='6' correct=True
[zero_shot][olmo3_7b_instruct][gsm8k] sample 58/200 start id=gsm8k_test_338
[zero_shot][olmo3_7b_instruct][gsm8k] sample 58/200 done id=gsm8k_test_338 prediction='60' gold='60' correct=True
[zero_shot][olmo3_7b_instruct][gsm8k] sample 59/200 start id=gsm8k_test_350
[zero_shot][olmo3_7b_instruct][gsm8k] sample 59/200 done id=gsm8k_test_350 prediction='8' gold='8' correct=True
[zero_shot][olmo3_7b_instruct][gsm8k] sample 60/200 start id=gsm8k_test_365
[zero_shot][olmo3_7b_instruct][gsm8k] sample 60/200 done id=gsm8k_test_365 prediction='18' gold='18' correct=True
[zero_shot][olmo3_7b_instruct][gsm8k] sample 61/200 start id=gsm8k_test_393
[zero_shot][olmo3_7b_instruct][gsm8k] sample 61/200 done id=gsm8k_test_393 prediction='20' gold='20' correct=True
[zero_shot][olmo3_7b_instruct][gsm8k] sample 62/200 start id=gsm8k_test_407
[zero_shot][olmo3_7b_instruct][gsm8k] sample 62/200 done id=gsm8k_test_407 prediction='Let’s break down the information step by step.\n\n1. Elliott’s goal is 10,000 steps per day.\n2. He finished half of his steps on walks to and from school.  \n   So, steps from school walks = ½ × 10,000 = 5,000 steps.\n3. He did another 1,000 steps with his friend.\n4. After that, he went for a jog and then had 2,000 steps remaining to reach his goal.\n5. First, calculate how many steps he had taken before the jog.  \n   Total goal = steps already taken + steps after jog + remaining steps  \n   10,000 = 5,000 (school) + 1,000 (friend) + steps during jog + 2,000 (remaining)  \n   5,000 + 1,000 = 6,000 steps before the jog and the jog itself.\n6. After the jog, he had 2,000 steps left. That means the steps he took during the jog plus the previous steps equal the total minus the remaining steps.  \n   So, steps before jog + steps during jog = 10,000 – 2,000 = 8,000 steps taken by the time' gold='2000' correct=False
[zero_shot][olmo3_7b_instruct][gsm8k] sample 63/200 start id=gsm8k_test_411
[zero_shot][olmo3_7b_instruct][gsm8k] sample 63/200 done id=gsm8k_test_411 prediction='1110' gold='1110' correct=True
[zero_shot][olmo3_7b_instruct][gsm8k] sample 64/200 start id=gsm8k_test_429
[zero_shot][olmo3_7b_instruct][gsm8k] sample 64/200 done id=gsm8k_test_429 prediction='13' gold='13' correct=True
[zero_shot][olmo3_7b_instruct][gsm8k] sample 65/200 start id=gsm8k_test_432
[zero_shot][olmo3_7b_instruct][gsm8k] sample 65/200 done id=gsm8k_test_432 prediction='30' gold='30' correct=True
[zero_shot][olmo3_7b_instruct][gsm8k] sample 66/200 start id=gsm8k_test_433
[zero_shot][olmo3_7b_instruct][gsm8k] sample 66/200 done id=gsm8k_test_433 prediction='6' gold='6' correct=True
[zero_shot][olmo3_7b_instruct][gsm8k] sample 67/200 start id=gsm8k_test_435
[zero_shot][olmo3_7b_instruct][gsm8k] sample 67/200 done id=gsm8k_test_435 prediction='5' gold='5' correct=True
[zero_shot][olmo3_7b_instruct][gsm8k] sample 68/200 start id=gsm8k_test_438
[zero_shot][olmo3_7b_instruct][gsm8k] sample 68/200 done id=gsm8k_test_438 prediction='2' gold='2' correct=True
[zero_shot][olmo3_7b_instruct][gsm8k] sample 69/200 start id=gsm8k_test_440
[zero_shot][olmo3_7b_instruct][gsm8k] sample 69/200 done id=gsm8k_test_440 prediction='98' gold='98' correct=True
[zero_shot][olmo3_7b_instruct][gsm8k] sample 70/200 start id=gsm8k_test_447
[zero_shot][olmo3_7b_instruct][gsm8k] sample 70/200 done id=gsm8k_test_447 prediction='5' gold='5' correct=True
[zero_shot][olmo3_7b_instruct][gsm8k] sample 71/200 start id=gsm8k_test_449
[zero_shot][olmo3_7b_instruct][gsm8k] sample 71/200 done id=gsm8k_test_449 prediction='112' gold='112' correct=True
[zero_shot][olmo3_7b_instruct][gsm8k] sample 72/200 start id=gsm8k_test_451
[zero_shot][olmo3_7b_instruct][gsm8k] sample 72/200 done id=gsm8k_test_451 prediction='11050' gold='11050' correct=True
[zero_shot][olmo3_7b_instruct][gsm8k] sample 73/200 start id=gsm8k_test_457
[zero_shot][olmo3_7b_instruct][gsm8k] sample 73/200 done id=gsm8k_test_457 prediction='45' gold='45' correct=True
[zero_shot][olmo3_7b_instruct][gsm8k] sample 74/200 start id=gsm8k_test_460
[zero_shot][olmo3_7b_instruct][gsm8k] sample 74/200 done id=gsm8k_test_460 prediction='84' gold='84' correct=True
[zero_shot][olmo3_7b_instruct][gsm8k] sample 75/200 start id=gsm8k_test_466
[zero_shot][olmo3_7b_instruct][gsm8k] sample 75/200 done id=gsm8k_test_466 prediction='1' gold='1' correct=True
[zero_shot][olmo3_7b_instruct][gsm8k] sample 76/200 start id=gsm8k_test_468
[zero_shot][olmo3_7b_instruct][gsm8k] sample 76/200 done id=gsm8k_test_468 prediction='120' gold='120' correct=True
[zero_shot][olmo3_7b_instruct][gsm8k] sample 77/200 start id=gsm8k_test_469
[zero_shot][olmo3_7b_instruct][gsm8k] sample 77/200 done id=gsm8k_test_469 prediction='4' gold='4' correct=True
[zero_shot][olmo3_7b_instruct][gsm8k] sample 78/200 start id=gsm8k_test_471
[zero_shot][olmo3_7b_instruct][gsm8k] sample 78/200 done id=gsm8k_test_471 prediction='80' gold='80' correct=True
[zero_shot][olmo3_7b_instruct][gsm8k] sample 79/200 start id=gsm8k_test_476
[zero_shot][olmo3_7b_instruct][gsm8k] sample 79/200 done id=gsm8k_test_476 prediction='5' gold='5' correct=True
[zero_shot][olmo3_7b_instruct][gsm8k] sample 80/200 start id=gsm8k_test_487
[zero_shot][olmo3_7b_instruct][gsm8k] sample 80/200 done id=gsm8k_test_487 prediction='4' gold='4' correct=True
[zero_shot][olmo3_7b_instruct][gsm8k] sample 81/200 start id=gsm8k_test_490
[zero_shot][olmo3_7b_instruct][gsm8k] sample 81/200 done id=gsm8k_test_490 prediction='4' gold='4' correct=True
[zero_shot][olmo3_7b_instruct][gsm8k] sample 82/200 start id=gsm8k_test_493
[zero_shot][olmo3_7b_instruct][gsm8k] sample 82/200 done id=gsm8k_test_493 prediction='25' gold='25' correct=True
[zero_shot][olmo3_7b_instruct][gsm8k] sample 83/200 start id=gsm8k_test_501
[zero_shot][olmo3_7b_instruct][gsm8k] sample 83/200 done id=gsm8k_test_501 prediction='273' gold='273' correct=True
[zero_shot][olmo3_7b_instruct][gsm8k] sample 84/200 start id=gsm8k_test_505
[zero_shot][olmo3_7b_instruct][gsm8k] sample 84/200 done id=gsm8k_test_505 prediction='1600' gold='1600' correct=True
[zero_shot][olmo3_7b_instruct][gsm8k] sample 85/200 start id=gsm8k_test_507
[zero_shot][olmo3_7b_instruct][gsm8k] sample 85/200 done id=gsm8k_test_507 prediction='2' gold='2' correct=True
[zero_shot][olmo3_7b_instruct][gsm8k] sample 86/200 start id=gsm8k_test_514
[zero_shot][olmo3_7b_instruct][gsm8k] sample 86/200 done id=gsm8k_test_514 prediction='90000' gold='90000' correct=True
[zero_shot][olmo3_7b_instruct][gsm8k] sample 87/200 start id=gsm8k_test_538
[zero_shot][olmo3_7b_instruct][gsm8k] sample 87/200 done id=gsm8k_test_538 prediction='18' gold='18' correct=True
[zero_shot][olmo3_7b_instruct][gsm8k] sample 88/200 start id=gsm8k_test_539
[zero_shot][olmo3_7b_instruct][gsm8k] sample 88/200 done id=gsm8k_test_539 prediction='30' gold='35' correct=False
[zero_shot][olmo3_7b_instruct][gsm8k] sample 89/200 start id=gsm8k_test_541
[zero_shot][olmo3_7b_instruct][gsm8k] sample 89/200 done id=gsm8k_test_541 prediction='50' gold='50' correct=True
[zero_shot][olmo3_7b_instruct][gsm8k] sample 90/200 start id=gsm8k_test_542
[zero_shot][olmo3_7b_instruct][gsm8k] sample 90/200 done id=gsm8k_test_542 prediction='7' gold='7' correct=True
[zero_shot][olmo3_7b_instruct][gsm8k] sample 91/200 start id=gsm8k_test_546
[zero_shot][olmo3_7b_instruct][gsm8k] sample 91/200 done id=gsm8k_test_546 prediction='130' gold='130' correct=True
[zero_shot][olmo3_7b_instruct][gsm8k] sample 92/200 start id=gsm8k_test_548
[zero_shot][olmo3_7b_instruct][gsm8k] sample 92/200 done id=gsm8k_test_548 prediction='100' gold='100' correct=True
[zero_shot][olmo3_7b_instruct][gsm8k] sample 93/200 start id=gsm8k_test_552
[zero_shot][olmo3_7b_instruct][gsm8k] sample 93/200 done id=gsm8k_test_552 prediction='450' gold='450' correct=True
[zero_shot][olmo3_7b_instruct][gsm8k] sample 94/200 start id=gsm8k_test_563
[zero_shot][olmo3_7b_instruct][gsm8k] sample 94/200 done id=gsm8k_test_563 prediction='6' gold='12' correct=False
[zero_shot][olmo3_7b_instruct][gsm8k] sample 95/200 start id=gsm8k_test_569
[zero_shot][olmo3_7b_instruct][gsm8k] sample 95/200 done id=gsm8k_test_569 prediction='21' gold='21' correct=True
[zero_shot][olmo3_7b_instruct][gsm8k] sample 96/200 start id=gsm8k_test_570
[zero_shot][olmo3_7b_instruct][gsm8k] sample 96/200 done id=gsm8k_test_570 prediction='23' gold='23' correct=True
[zero_shot][olmo3_7b_instruct][gsm8k] sample 97/200 start id=gsm8k_test_592
[zero_shot][olmo3_7b_instruct][gsm8k] sample 97/200 done id=gsm8k_test_592 prediction='1' gold='1' correct=True
[zero_shot][olmo3_7b_instruct][gsm8k] sample 98/200 start id=gsm8k_test_600
[zero_shot][olmo3_7b_instruct][gsm8k] sample 98/200 done id=gsm8k_test_600 prediction='10' gold='10' correct=True
[zero_shot][olmo3_7b_instruct][gsm8k] sample 99/200 start id=gsm8k_test_601
[zero_shot][olmo3_7b_instruct][gsm8k] sample 99/200 done id=gsm8k_test_601 prediction='Let\'s break down the number of games Steve gets each year.\n\n**Year 1 (Birthday only):**\n- He receives a console (not a game) and 5 games for his birthday.\n- He does not mention any games from Christmas in the first year, but the problem says he gets 5 games for Christmas "every year." However, since the question starts with his birthday gifts and the description is general, let\'s assume the first Christmas is after the first year. But the wording says "for his birthday" and "for Christmas every year," so in the first year, only the birthday games are specified. The problem likely intends that the Christmas gifts start from the second year onward, but since it says "every year," let\'s check both interpretations. However, the most straightforward reading is that the 5 games for Christmas are received each year, including the first. But the problem says "his parents get him a console along with 5 games for his birthday" — and then "he also gets 5 games for Christmas every year." So, every year includes both a birthday set of 5 games and a Christmas set of 5 games, unless otherwise stated. But the question says "for Christmas every year," which could mean starting from the first' gold='104' correct=False
[zero_shot][olmo3_7b_instruct][gsm8k] sample 100/200 start id=gsm8k_test_611
[zero_shot][olmo3_7b_instruct][gsm8k] sample 100/200 done id=gsm8k_test_611 prediction='Step 1: Determine the total duration of the research.  \nThe initial funding covered the first 5 months. The research took 10 times as long as the initial period, so total duration = 5 × 10 = 50 months.\n\nStep 2: Calculate the cost for the first 5 months.  \nThis is given as $100,000 for the first 5 months.\n\nStep 3: Find the funding per month for the first 5 months.  \n$100,000 over 5 months = $100,000 ÷ 5 = $20,000 per month for the first 5 months.\n\nStep 4: Determine the funding rate for months beyond the first 5.  \nAfter the first 5 months, each month costs 50% more than before.  \n50% of $20,000 = $20,000 × 0.5 = $10,000.  \nSo, new monthly funding = $20,000 + $10,000 = $30,000 per month.\n\nStep5: Calculate the number of months beyond the initial 5.  \nTotal months = 50.  \nMonths after initial = 50 − 5 = 45 months.\n\nStep6: Compute the cost for the 45' gold='1450000' correct=False
[zero_shot][olmo3_7b_instruct][gsm8k] sample 101/200 start id=gsm8k_test_629
[zero_shot][olmo3_7b_instruct][gsm8k] sample 101/200 done id=gsm8k_test_629 prediction='17500' gold='17500' correct=True
[zero_shot][olmo3_7b_instruct][gsm8k] sample 102/200 start id=gsm8k_test_638
[zero_shot][olmo3_7b_instruct][gsm8k] sample 102/200 done id=gsm8k_test_638 prediction='12' gold='12' correct=True
[zero_shot][olmo3_7b_instruct][gsm8k] sample 103/200 start id=gsm8k_test_644
[zero_shot][olmo3_7b_instruct][gsm8k] sample 103/200 done id=gsm8k_test_644 prediction='29' gold='29' correct=True
[zero_shot][olmo3_7b_instruct][gsm8k] sample 104/200 start id=gsm8k_test_646
[zero_shot][olmo3_7b_instruct][gsm8k] sample 104/200 done id=gsm8k_test_646 prediction='79' gold='79' correct=True
[zero_shot][olmo3_7b_instruct][gsm8k] sample 105/200 start id=gsm8k_test_663
[zero_shot][olmo3_7b_instruct][gsm8k] sample 105/200 done id=gsm8k_test_663 prediction='193' gold='193' correct=True
[zero_shot][olmo3_7b_instruct][gsm8k] sample 106/200 start id=gsm8k_test_664
[zero_shot][olmo3_7b_instruct][gsm8k] sample 106/200 done id=gsm8k_test_664 prediction='32' gold='32' correct=True
[zero_shot][olmo3_7b_instruct][gsm8k] sample 107/200 start id=gsm8k_test_676
[zero_shot][olmo3_7b_instruct][gsm8k] sample 107/200 done id=gsm8k_test_676 prediction='240' gold='240' correct=True
[zero_shot][olmo3_7b_instruct][gsm8k] sample 108/200 start id=gsm8k_test_689
[zero_shot][olmo3_7b_instruct][gsm8k] sample 108/200 done id=gsm8k_test_689 prediction='7' gold='7' correct=True
[zero_shot][olmo3_7b_instruct][gsm8k] sample 109/200 start id=gsm8k_test_692
[zero_shot][olmo3_7b_instruct][gsm8k] sample 109/200 done id=gsm8k_test_692 prediction='32' gold='32' correct=True
[zero_shot][olmo3_7b_instruct][gsm8k] sample 110/200 start id=gsm8k_test_696
[zero_shot][olmo3_7b_instruct][gsm8k] sample 110/200 done id=gsm8k_test_696 prediction='Let\'s break down the problem step by step.\n\n**Step 1: Find Betty\'s points.**  \nAdam has 50 points.  \nBetty collected 30% more than Adam.  \n30% of 50 is 0.3 × 50 = 15.  \nSo Betty has 50 + 15 = **65 points**.\n\n**Step 2: Find Tom\'s points.**  \nTom has 30 points less than Betty.  \nBetty has 65, so Tom has 65 - 30 = **35 points**.\n\n**Step 3: Find Marta\'s points.**  \nMarta collected 3 times more points than Tom.  \nThis means Marta has 3 × Tom\'s points.  \nIs "3 times more" means 3 × Tom\'s points, or 4 × (Tom\'s + 3×Tom)?  \nIn most math problems, "3 times more" means 3 × Tom\'s points.  \nSo Marta has 3 × 35 = **105 points**.\n\n**Step 4: Find the total class points.**  \nAdd up all the points:  \nAdam: 50  \nBetty: 65  \nTom: 35  \nMarta: 105' gold='145' correct=False
[zero_shot][olmo3_7b_instruct][gsm8k] sample 111/200 start id=gsm8k_test_704
[zero_shot][olmo3_7b_instruct][gsm8k] sample 111/200 done id=gsm8k_test_704 prediction='50' gold='50' correct=True
[zero_shot][olmo3_7b_instruct][gsm8k] sample 112/200 start id=gsm8k_test_727
[zero_shot][olmo3_7b_instruct][gsm8k] sample 112/200 done id=gsm8k_test_727 prediction='112' gold='112' correct=True
[zero_shot][olmo3_7b_instruct][gsm8k] sample 113/200 start id=gsm8k_test_735
[zero_shot][olmo3_7b_instruct][gsm8k] sample 113/200 done id=gsm8k_test_735 prediction='50' gold='50' correct=True
[zero_shot][olmo3_7b_instruct][gsm8k] sample 114/200 start id=gsm8k_test_740
[zero_shot][olmo3_7b_instruct][gsm8k] sample 114/200 done id=gsm8k_test_740 prediction='25' gold='25' correct=True
[zero_shot][olmo3_7b_instruct][gsm8k] sample 115/200 start id=gsm8k_test_741
[zero_shot][olmo3_7b_instruct][gsm8k] sample 115/200 done id=gsm8k_test_741 prediction='28' gold='28' correct=True
[zero_shot][olmo3_7b_instruct][gsm8k] sample 116/200 start id=gsm8k_test_743
[zero_shot][olmo3_7b_instruct][gsm8k] sample 116/200 done id=gsm8k_test_743 prediction='8' gold='8' correct=True
[zero_shot][olmo3_7b_instruct][gsm8k] sample 117/200 start id=gsm8k_test_747
[zero_shot][olmo3_7b_instruct][gsm8k] sample 117/200 done id=gsm8k_test_747 prediction='350' gold='350' correct=True
[zero_shot][olmo3_7b_instruct][gsm8k] sample 118/200 start id=gsm8k_test_758
[zero_shot][olmo3_7b_instruct][gsm8k] sample 118/200 done id=gsm8k_test_758 prediction='133' gold='133' correct=True
[zero_shot][olmo3_7b_instruct][gsm8k] sample 119/200 start id=gsm8k_test_764
[zero_shot][olmo3_7b_instruct][gsm8k] sample 119/200 done id=gsm8k_test_764 prediction='14' gold='14' correct=True
[zero_shot][olmo3_7b_instruct][gsm8k] sample 120/200 start id=gsm8k_test_765
[zero_shot][olmo3_7b_instruct][gsm8k] sample 120/200 done id=gsm8k_test_765 prediction='490' gold='490' correct=True
[zero_shot][olmo3_7b_instruct][gsm8k] sample 121/200 start id=gsm8k_test_775
[zero_shot][olmo3_7b_instruct][gsm8k] sample 121/200 done id=gsm8k_test_775 prediction='276' gold='276' correct=True
[zero_shot][olmo3_7b_instruct][gsm8k] sample 122/200 start id=gsm8k_test_777
[zero_shot][olmo3_7b_instruct][gsm8k] sample 122/200 done id=gsm8k_test_777 prediction='4400' gold='4400' correct=True
[zero_shot][olmo3_7b_instruct][gsm8k] sample 123/200 start id=gsm8k_test_778
[zero_shot][olmo3_7b_instruct][gsm8k] sample 123/200 done id=gsm8k_test_778 prediction='38' gold='38' correct=True
[zero_shot][olmo3_7b_instruct][gsm8k] sample 124/200 start id=gsm8k_test_781
[zero_shot][olmo3_7b_instruct][gsm8k] sample 124/200 done id=gsm8k_test_781 prediction='2' gold='17' correct=False
[zero_shot][olmo3_7b_instruct][gsm8k] sample 125/200 start id=gsm8k_test_788
[zero_shot][olmo3_7b_instruct][gsm8k] sample 125/200 done id=gsm8k_test_788 prediction='100' gold='100' correct=True
[zero_shot][olmo3_7b_instruct][gsm8k] sample 126/200 start id=gsm8k_test_810
[zero_shot][olmo3_7b_instruct][gsm8k] sample 126/200 done id=gsm8k_test_810 prediction='Let\'s break down the problem step by step.\n\n1. **Initial condition:**  \n   At the beginning of the year, there are 10 students.\n\n2. **Growth pattern:**  \n   Every month, the number of students doubles at the end of the month.  \n   We are to find the total number of *additional* students by the end of May compared to the start of the year.\n\n3. **Time span:**  \n   From the start of the year to the end of May is 6 months (January, February, March, April, May ends — that\'s 5 months after the start, but since doubling happens at the END of each month, we need to consider the state at the END of May for the total count).\n\n   However, the question asks:  \n   *"how many additional students would have joined by the end of May, above and beyond the number already on campus at the beginning of the year?"*\n\n   So, we need the number of students at the END of May, minus the initial 10 students.\n\n4. **Calculate the number at the end of each month:**\n   - **End of January:**  \n     Start: 10  \n     After doubling: 10 × 2 = 20' gold='310' correct=False
[zero_shot][olmo3_7b_instruct][gsm8k] sample 127/200 start id=gsm8k_test_817
[zero_shot][olmo3_7b_instruct][gsm8k] sample 127/200 done id=gsm8k_test_817 prediction='15' gold='15' correct=True
[zero_shot][olmo3_7b_instruct][gsm8k] sample 128/200 start id=gsm8k_test_821
[zero_shot][olmo3_7b_instruct][gsm8k] sample 128/200 done id=gsm8k_test_821 prediction='35' gold='35' correct=True
[zero_shot][olmo3_7b_instruct][gsm8k] sample 129/200 start id=gsm8k_test_859
[zero_shot][olmo3_7b_instruct][gsm8k] sample 129/200 done id=gsm8k_test_859 prediction='1520' gold='1520' correct=True
[zero_shot][olmo3_7b_instruct][gsm8k] sample 130/200 start id=gsm8k_test_864
[zero_shot][olmo3_7b_instruct][gsm8k] sample 130/200 done id=gsm8k_test_864 prediction='80' gold='80' correct=True
[zero_shot][olmo3_7b_instruct][gsm8k] sample 131/200 start id=gsm8k_test_865
[zero_shot][olmo3_7b_instruct][gsm8k] sample 131/200 done id=gsm8k_test_865 prediction='23' gold='23' correct=True
[zero_shot][olmo3_7b_instruct][gsm8k] sample 132/200 start id=gsm8k_test_866
[zero_shot][olmo3_7b_instruct][gsm8k] sample 132/200 done id=gsm8k_test_866 prediction='28' gold='28' correct=True
[zero_shot][olmo3_7b_instruct][gsm8k] sample 133/200 start id=gsm8k_test_877
[zero_shot][olmo3_7b_instruct][gsm8k] sample 133/200 done id=gsm8k_test_877 prediction='Let’s break down the problem step by step.\n\n1. **Find out how many chickens Isaias is selling:**  \n   He has 300 chickens and plans to sell 3/5 of them.  \n   Number sold = (3/5) × 300 = 180 chickens.\n\n2. **Determine the total revenue from selling the chickens:**  \n   He sells each chicken for $50.  \n   Total revenue = 180 × $50 = $9,000.\n\n3. **Relate revenue to profit and cost:**  \n   The problem states that to make a profit of $2,000, he sells the chickens for $9,000 in total.  \n   Profit = Total Revenue − Total Cost  \n   So, $2,000 = $9,000 − Total Cost  \n   Therefore, Total Cost = $9,000 − $2,000 = $7,000.\n\n4. **But the question asks for the cost of the chickens he took to the market, which is the 180 chickens he sold.**  \n   Since the selling price per chicken is $50, and he sold 180 chickens, the cost for these 180 chickens must be such that the profit is $2,000.  \n   However,' gold='7000' correct=False
[zero_shot][olmo3_7b_instruct][gsm8k] sample 134/200 start id=gsm8k_test_890
[zero_shot][olmo3_7b_instruct][gsm8k] sample 134/200 done id=gsm8k_test_890 prediction='25' gold='25' correct=True
[zero_shot][olmo3_7b_instruct][gsm8k] sample 135/200 start id=gsm8k_test_897
[zero_shot][olmo3_7b_instruct][gsm8k] sample 135/200 done id=gsm8k_test_897 prediction='1' gold='1' correct=True
[zero_shot][olmo3_7b_instruct][gsm8k] sample 136/200 start id=gsm8k_test_919
[zero_shot][olmo3_7b_instruct][gsm8k] sample 136/200 done id=gsm8k_test_919 prediction='90' gold='90' correct=True
[zero_shot][olmo3_7b_instruct][gsm8k] sample 137/200 start id=gsm8k_test_924
[zero_shot][olmo3_7b_instruct][gsm8k] sample 137/200 done id=gsm8k_test_924 prediction='To determine the least number of berries the sloth must pick per trip so that he collects 24 berries in 8 hours, first calculate how many trips he can make in 8 hours. Each round trip (down and back up) takes 4 hours. So in 8 hours, he can make 8 ÷ 4 = 2 round trips. Each round trip involves going down and coming back up, so each trip (one way) is part of a round trip. However, the problem says "a trip down to the ground," and asks for the number of berries he picks **on each trip down**, but since he only eats when he is up in the tree, it\'s likely the question means the number of berries he picks per round trip (since he only eats after reaching the ground, but the berries must be picked during the trip). However, let\'s clarify the wording: "for a meal of berries, it takes the sloth 4 hours to make the trip down the tree, pick up berries, and climb back up." This implies that each time he goes down and picks berries (and then climbs back up), that\'s one "trip" that results in collecting some berries. But the question specifically asks for the "least number' gold='12' correct=False
[zero_shot][olmo3_7b_instruct][gsm8k] sample 138/200 start id=gsm8k_test_928
[zero_shot][olmo3_7b_instruct][gsm8k] sample 138/200 done id=gsm8k_test_928 prediction='60' gold='60' correct=True
[zero_shot][olmo3_7b_instruct][gsm8k] sample 139/200 start id=gsm8k_test_929
[zero_shot][olmo3_7b_instruct][gsm8k] sample 139/200 done id=gsm8k_test_929 prediction='60' gold='60' correct=True
[zero_shot][olmo3_7b_instruct][gsm8k] sample 140/200 start id=gsm8k_test_939
[zero_shot][olmo3_7b_instruct][gsm8k] sample 140/200 done id=gsm8k_test_939 prediction='350' gold='650' correct=False
[zero_shot][olmo3_7b_instruct][gsm8k] sample 141/200 start id=gsm8k_test_940
[zero_shot][olmo3_7b_instruct][gsm8k] sample 141/200 done id=gsm8k_test_940 prediction='280' gold='280' correct=True
[zero_shot][olmo3_7b_instruct][gsm8k] sample 142/200 start id=gsm8k_test_946
[zero_shot][olmo3_7b_instruct][gsm8k] sample 142/200 done id=gsm8k_test_946 prediction='450' gold='450' correct=True
[zero_shot][olmo3_7b_instruct][gsm8k] sample 143/200 start id=gsm8k_test_958
[zero_shot][olmo3_7b_instruct][gsm8k] sample 143/200 done id=gsm8k_test_958 prediction='38' gold='40' correct=False
[zero_shot][olmo3_7b_instruct][gsm8k] sample 144/200 start id=gsm8k_test_973
[zero_shot][olmo3_7b_instruct][gsm8k] sample 144/200 done id=gsm8k_test_973 prediction='79' gold='79' correct=True
[zero_shot][olmo3_7b_instruct][gsm8k] sample 145/200 start id=gsm8k_test_994
[zero_shot][olmo3_7b_instruct][gsm8k] sample 145/200 done id=gsm8k_test_994 prediction='2' gold='2' correct=True
[zero_shot][olmo3_7b_instruct][gsm8k] sample 146/200 start id=gsm8k_test_995
[zero_shot][olmo3_7b_instruct][gsm8k] sample 146/200 done id=gsm8k_test_995 prediction='12' gold='12' correct=True
[zero_shot][olmo3_7b_instruct][gsm8k] sample 147/200 start id=gsm8k_test_1000
[zero_shot][olmo3_7b_instruct][gsm8k] sample 147/200 done id=gsm8k_test_1000 prediction='1' gold='1' correct=True
[zero_shot][olmo3_7b_instruct][gsm8k] sample 148/200 start id=gsm8k_test_1010
[zero_shot][olmo3_7b_instruct][gsm8k] sample 148/200 done id=gsm8k_test_1010 prediction='5' gold='5' correct=True
[zero_shot][olmo3_7b_instruct][gsm8k] sample 149/200 start id=gsm8k_test_1022
[zero_shot][olmo3_7b_instruct][gsm8k] sample 149/200 done id=gsm8k_test_1022 prediction='12' gold='12' correct=True
[zero_shot][olmo3_7b_instruct][gsm8k] sample 150/200 start id=gsm8k_test_1025
[zero_shot][olmo3_7b_instruct][gsm8k] sample 150/200 done id=gsm8k_test_1025 prediction='30' gold='30' correct=True
[zero_shot][olmo3_7b_instruct][gsm8k] sample 151/200 start id=gsm8k_test_1034
[zero_shot][olmo3_7b_instruct][gsm8k] sample 151/200 done id=gsm8k_test_1034 prediction='66' gold='66' correct=True
[zero_shot][olmo3_7b_instruct][gsm8k] sample 152/200 start id=gsm8k_test_1039
[zero_shot][olmo3_7b_instruct][gsm8k] sample 152/200 done id=gsm8k_test_1039 prediction='160' gold='160' correct=True
[zero_shot][olmo3_7b_instruct][gsm8k] sample 153/200 start id=gsm8k_test_1043
[zero_shot][olmo3_7b_instruct][gsm8k] sample 153/200 done id=gsm8k_test_1043 prediction='130000' gold='130000' correct=True
[zero_shot][olmo3_7b_instruct][gsm8k] sample 154/200 start id=gsm8k_test_1052
[zero_shot][olmo3_7b_instruct][gsm8k] sample 154/200 done id=gsm8k_test_1052 prediction='110' gold='110' correct=True
[zero_shot][olmo3_7b_instruct][gsm8k] sample 155/200 start id=gsm8k_test_1059
[zero_shot][olmo3_7b_instruct][gsm8k] sample 155/200 done id=gsm8k_test_1059 prediction='2' gold='2' correct=True
[zero_shot][olmo3_7b_instruct][gsm8k] sample 156/200 start id=gsm8k_test_1080
[zero_shot][olmo3_7b_instruct][gsm8k] sample 156/200 done id=gsm8k_test_1080 prediction='36000' gold='72000' correct=False
[zero_shot][olmo3_7b_instruct][gsm8k] sample 157/200 start id=gsm8k_test_1083
[zero_shot][olmo3_7b_instruct][gsm8k] sample 157/200 done id=gsm8k_test_1083 prediction='2' gold='2' correct=True
[zero_shot][olmo3_7b_instruct][gsm8k] sample 158/200 start id=gsm8k_test_1086
[zero_shot][olmo3_7b_instruct][gsm8k] sample 158/200 done id=gsm8k_test_1086 prediction='131250' gold='131250' correct=True
[zero_shot][olmo3_7b_instruct][gsm8k] sample 159/200 start id=gsm8k_test_1090
[zero_shot][olmo3_7b_instruct][gsm8k] sample 159/200 done id=gsm8k_test_1090 prediction='72' gold='72' correct=True
[zero_shot][olmo3_7b_instruct][gsm8k] sample 160/200 start id=gsm8k_test_1093
[zero_shot][olmo3_7b_instruct][gsm8k] sample 160/200 done id=gsm8k_test_1093 prediction='144' gold='144' correct=True
[zero_shot][olmo3_7b_instruct][gsm8k] sample 161/200 start id=gsm8k_test_1098
[zero_shot][olmo3_7b_instruct][gsm8k] sample 161/200 done id=gsm8k_test_1098 prediction='30' gold='30' correct=True
[zero_shot][olmo3_7b_instruct][gsm8k] sample 162/200 start id=gsm8k_test_1099
[zero_shot][olmo3_7b_instruct][gsm8k] sample 162/200 done id=gsm8k_test_1099 prediction='2' gold='2' correct=True
[zero_shot][olmo3_7b_instruct][gsm8k] sample 163/200 start id=gsm8k_test_1103
[zero_shot][olmo3_7b_instruct][gsm8k] sample 163/200 done id=gsm8k_test_1103 prediction='90' gold='90' correct=True
[zero_shot][olmo3_7b_instruct][gsm8k] sample 164/200 start id=gsm8k_test_1104
[zero_shot][olmo3_7b_instruct][gsm8k] sample 164/200 done id=gsm8k_test_1104 prediction='24' gold='24' correct=True
[zero_shot][olmo3_7b_instruct][gsm8k] sample 165/200 start id=gsm8k_test_1116
[zero_shot][olmo3_7b_instruct][gsm8k] sample 165/200 done id=gsm8k_test_1116 prediction='60' gold='60' correct=True
[zero_shot][olmo3_7b_instruct][gsm8k] sample 166/200 start id=gsm8k_test_1125
[zero_shot][olmo3_7b_instruct][gsm8k] sample 166/200 done id=gsm8k_test_1125 prediction='90' gold='90' correct=True
[zero_shot][olmo3_7b_instruct][gsm8k] sample 167/200 start id=gsm8k_test_1130
[zero_shot][olmo3_7b_instruct][gsm8k] sample 167/200 done id=gsm8k_test_1130 prediction='25' gold='25' correct=True
[zero_shot][olmo3_7b_instruct][gsm8k] sample 168/200 start id=gsm8k_test_1133
[zero_shot][olmo3_7b_instruct][gsm8k] sample 168/200 done id=gsm8k_test_1133 prediction="Let’s break down the problem step by step.\n\n1. **Grandma’s daily walk is 3 miles total.**  \n   - 2 miles on the beach  \n   - 1 mile on the sidewalk  \n\n2. **We know her speed on the beach and the time spent there.**  \n   - 40 minutes on the beach for 2 miles  \n   - So, her beach speed is:  \n     \\[\n     \\text{Speed}_{\\text{beach}} = \\frac{\\text{Distance}_{\\text{beach}}}{\\text{Time}_{\\text{beach}}} = \\frac{2 \\text{ miles}}{\\frac{40}{60} \\text{ hours}} = \\frac{2}{\\frac{2}{3}} = 3 \\text{ miles per hour}\n     \\]\n     But since the time is given in minutes, let's keep it in minutes per mile for easier comparison:\n     \\[\n     \\text{Time per mile on beach} = \\frac{40}{2} = 20 \\text{ minutes per mile}\n     \\]\n\n3. **Her sidewalk speed is twice the beach speed.**  \n   - So, sidewalk speed (in terms of time per" gold='50' correct=False
[zero_shot][olmo3_7b_instruct][gsm8k] sample 169/200 start id=gsm8k_test_1134
[zero_shot][olmo3_7b_instruct][gsm8k] sample 169/200 done id=gsm8k_test_1134 prediction='7' gold='7' correct=True
[zero_shot][olmo3_7b_instruct][gsm8k] sample 170/200 start id=gsm8k_test_1140
[zero_shot][olmo3_7b_instruct][gsm8k] sample 170/200 done id=gsm8k_test_1140 prediction='27' gold='27' correct=True
[zero_shot][olmo3_7b_instruct][gsm8k] sample 171/200 start id=gsm8k_test_1149
[zero_shot][olmo3_7b_instruct][gsm8k] sample 171/200 done id=gsm8k_test_1149 prediction='93' gold='93' correct=True
[zero_shot][olmo3_7b_instruct][gsm8k] sample 172/200 start id=gsm8k_test_1161
[zero_shot][olmo3_7b_instruct][gsm8k] sample 172/200 done id=gsm8k_test_1161 prediction='Step 1: Start with the total land, which is 80 square meters.  \nStep 2: Abraham sold half of the land first:  \n80 ÷ 2 = 40 square meters sold for $50.  \nRevenue from this sale: 40 × $50 = $2,000.  \nStep 3: He sold another 1/4 of his original land next:  \n80 ÷ 4 = 20 square meters.  \nHowever, since he already sold 40, the next 1/4 refers to 1/4 of the remaining land.  \nRemaining land after first sale: 80 - 40 = 40 square meters.  \n1/4 of 40 = 10 square meters sold for $30.  \nRevenue from this sale: 10 × $30 = $300.  \nStep 4: Calculate the land left after both sales:  \n40 (after first sale) - 10 (second sale) = 30 square meters.  \nStep5: He sells the remaining 30 square meters at $3 per square meter:  \n30 × $3 = $90.  \nStep6: Add up all the revenues:  \n$2,000 + $300 + $90 = $2,' gold='170' correct=False
[zero_shot][olmo3_7b_instruct][gsm8k] sample 173/200 start id=gsm8k_test_1169
[zero_shot][olmo3_7b_instruct][gsm8k] sample 173/200 done id=gsm8k_test_1169 prediction="Let's break down the problem step by step.\n\n1. **Initial amounts:**\n   - Ronnie received $5.\n   - Rissa received thrice as much as Ronnie, so Rissa received \\( 3 \\times 5 = 15 \\) dollars.\n\n2. **They both gave an equal amount to their little sister.**\n   - Let the amount each gave be \\( x \\).\n   - After giving away \\( x \\), Ronnie has \\( 5 - x \\) left.\n   - After giving away \\( x \\), Rissa has \\( 15 - x \\) left.\n\n3. **Rissa is left with 4/5 of her original money:**\n   - 4/5 of Rissa's original money is \\( \\frac{4}{5} \\times 15 = 12 \\) dollars.\n   - So, after giving away \\( x \\), Rissa has 12 dollars left.\n   - Therefore, \\( 15 - x = 12 \\).\n   - Solving for \\( x \\):  \n     \\( x = 15 - 12 = 3 \\).\n   - This means each of them gave $3 to their sister.\n\n4. **Amount left in Ronnie's money:**\n   -" gold='2' correct=False
[zero_shot][olmo3_7b_instruct][gsm8k] sample 174/200 start id=gsm8k_test_1180
[zero_shot][olmo3_7b_instruct][gsm8k] sample 174/200 done id=gsm8k_test_1180 prediction='5600' gold='5600' correct=True
[zero_shot][olmo3_7b_instruct][gsm8k] sample 175/200 start id=gsm8k_test_1182
[zero_shot][olmo3_7b_instruct][gsm8k] sample 175/200 done id=gsm8k_test_1182 prediction='1800' gold='1800' correct=True
[zero_shot][olmo3_7b_instruct][gsm8k] sample 176/200 start id=gsm8k_test_1195
[zero_shot][olmo3_7b_instruct][gsm8k] sample 176/200 done id=gsm8k_test_1195 prediction='Let\'s break down the problem step by step.\n\n1. **First group (morning entry):**  \n   50 people entered in the morning.\n\n2. **Second group (around 10:00):**  \n   40 more people entered and ordered the same amount of food as the first group.  \n   So, 40 people entered at 10:00.\n\n3. **Third group (lunch time):**  \n   "Twice the number of people who entered at 10:00 came in and ordered lunch."  \n   Number who entered at 10:00 = 40  \n   Twice that = 2 × 40 = 80 people entered for lunch.\n\n4. **Fourth group (by evening):**  \n   "An additional 3 times as many people as the number that came in first."  \n   First group = 50  \n   3 times that = 3 × 50 = 150 people entered by evening.\n\nNow, let\'s sum all the groups. We assume each group is distinct (i.e., the problem is asking for the total number of people who entered at any time during the day, not the total number of customers served):\n\n- Morning entry: 50\n- Entry at 10:' gold='320' correct=False
[zero_shot][olmo3_7b_instruct][gsm8k] sample 177/200 start id=gsm8k_test_1197
[zero_shot][olmo3_7b_instruct][gsm8k] sample 177/200 done id=gsm8k_test_1197 prediction='1400' gold='2400' correct=False
[zero_shot][olmo3_7b_instruct][gsm8k] sample 178/200 start id=gsm8k_test_1204
[zero_shot][olmo3_7b_instruct][gsm8k] sample 178/200 done id=gsm8k_test_1204 prediction='168' gold='168' correct=True
[zero_shot][olmo3_7b_instruct][gsm8k] sample 179/200 start id=gsm8k_test_1205
[zero_shot][olmo3_7b_instruct][gsm8k] sample 179/200 done id=gsm8k_test_1205 prediction='4' gold='4' correct=True
[zero_shot][olmo3_7b_instruct][gsm8k] sample 180/200 start id=gsm8k_test_1206
[zero_shot][olmo3_7b_instruct][gsm8k] sample 180/200 done id=gsm8k_test_1206 prediction='40000' gold='40000' correct=True
[zero_shot][olmo3_7b_instruct][gsm8k] sample 181/200 start id=gsm8k_test_1209
[zero_shot][olmo3_7b_instruct][gsm8k] sample 181/200 done id=gsm8k_test_1209 prediction='29' gold='29' correct=True
[zero_shot][olmo3_7b_instruct][gsm8k] sample 182/200 start id=gsm8k_test_1220
[zero_shot][olmo3_7b_instruct][gsm8k] sample 182/200 done id=gsm8k_test_1220 prediction='32' gold='32' correct=True
[zero_shot][olmo3_7b_instruct][gsm8k] sample 183/200 start id=gsm8k_test_1221
[zero_shot][olmo3_7b_instruct][gsm8k] sample 183/200 done id=gsm8k_test_1221 prediction='10' gold='10' correct=True
[zero_shot][olmo3_7b_instruct][gsm8k] sample 184/200 start id=gsm8k_test_1226
[zero_shot][olmo3_7b_instruct][gsm8k] sample 184/200 done id=gsm8k_test_1226 prediction='120' gold='90' correct=False
[zero_shot][olmo3_7b_instruct][gsm8k] sample 185/200 start id=gsm8k_test_1232
[zero_shot][olmo3_7b_instruct][gsm8k] sample 185/200 done id=gsm8k_test_1232 prediction='15' gold='15' correct=True
[zero_shot][olmo3_7b_instruct][gsm8k] sample 186/200 start id=gsm8k_test_1236
[zero_shot][olmo3_7b_instruct][gsm8k] sample 186/200 done id=gsm8k_test_1236 prediction='84' gold='84' correct=True
[zero_shot][olmo3_7b_instruct][gsm8k] sample 187/200 start id=gsm8k_test_1242
[zero_shot][olmo3_7b_instruct][gsm8k] sample 187/200 done id=gsm8k_test_1242 prediction='20' gold='20' correct=True
[zero_shot][olmo3_7b_instruct][gsm8k] sample 188/200 start id=gsm8k_test_1247
[zero_shot][olmo3_7b_instruct][gsm8k] sample 188/200 done id=gsm8k_test_1247 prediction='Brendan started with 10 marbles. He dropped half of them, so he dropped 10 / 2 = 5 marbles. This means he had 10 - 5 = 5 marbles left on the ground. He found 3 of them, so he now has 5 + 3 = 8 marbles. However, when he inspected the marbles, he found one bead (not a marble) among them and removed it, so he subtracts 1 from the 4 marbles he found (since he already counted the 3 he had and the 1 extra was a bead). But the problem says he "came up with 3" after searching, implying those are marbles, and the bead was separate from the original 10. So, after dropping 5, he had 5 marbles left. He found 3 marbles and 1 bead (which he discarded), so he keeps the 3 marbles plus the 2 marbles he didn\'t find (still in the lost half). Thus, he ends up with the 3 he found plus 2 from the dropped ones = 5 marbles. Alternatively, the straightforward interpretation is that he had 5 left, found 3 mar' gold='7' correct=False
[zero_shot][olmo3_7b_instruct][gsm8k] sample 189/200 start id=gsm8k_test_1266
[zero_shot][olmo3_7b_instruct][gsm8k] sample 189/200 done id=gsm8k_test_1266 prediction='147' gold='147' correct=True
[zero_shot][olmo3_7b_instruct][gsm8k] sample 190/200 start id=gsm8k_test_1280
[zero_shot][olmo3_7b_instruct][gsm8k] sample 190/200 done id=gsm8k_test_1280 prediction='7' gold='7' correct=True
[zero_shot][olmo3_7b_instruct][gsm8k] sample 191/200 start id=gsm8k_test_1285
[zero_shot][olmo3_7b_instruct][gsm8k] sample 191/200 done id=gsm8k_test_1285 prediction='1218' gold='1218' correct=True
[zero_shot][olmo3_7b_instruct][gsm8k] sample 192/200 start id=gsm8k_test_1287
[zero_shot][olmo3_7b_instruct][gsm8k] sample 192/200 done id=gsm8k_test_1287 prediction='84' gold='84' correct=True
[zero_shot][olmo3_7b_instruct][gsm8k] sample 193/200 start id=gsm8k_test_1292
[zero_shot][olmo3_7b_instruct][gsm8k] sample 193/200 done id=gsm8k_test_1292 prediction='67' gold='67' correct=True
[zero_shot][olmo3_7b_instruct][gsm8k] sample 194/200 start id=gsm8k_test_1300
[zero_shot][olmo3_7b_instruct][gsm8k] sample 194/200 done id=gsm8k_test_1300 prediction='120' gold='120' correct=True
[zero_shot][olmo3_7b_instruct][gsm8k] sample 195/200 start id=gsm8k_test_1301
[zero_shot][olmo3_7b_instruct][gsm8k] sample 195/200 done id=gsm8k_test_1301 prediction='23' gold='23' correct=True
[zero_shot][olmo3_7b_instruct][gsm8k] sample 196/200 start id=gsm8k_test_1308
[zero_shot][olmo3_7b_instruct][gsm8k] sample 196/200 done id=gsm8k_test_1308 prediction='30' gold='30' correct=True
[zero_shot][olmo3_7b_instruct][gsm8k] sample 197/200 start id=gsm8k_test_1309
[zero_shot][olmo3_7b_instruct][gsm8k] sample 197/200 done id=gsm8k_test_1309 prediction='2180' gold='2280' correct=False
[zero_shot][olmo3_7b_instruct][gsm8k] sample 198/200 start id=gsm8k_test_1310
[zero_shot][olmo3_7b_instruct][gsm8k] sample 198/200 done id=gsm8k_test_1310 prediction='Let’s break down the problem step by step.\n\n1. **Determine how far Aaron ran.**  \n   The problem says Vanessa ran 4 miles, and Vanessa ran only half as far as Aaron (since "Vanessa ran twice as far as Aaron did" is misread; actually, "Vanessa ran 4 miles, and Aaron ran half that distance because Vanessa ran twice as far as Aaron").  \n   Let A = distance Aaron ran.  \n   Vanessa ran twice as far as Aaron:  \n   \\( 2A = 4 \\) miles  \n   So, \\( A = \\frac{4}{2} = 2 \\) miles.  \n   Aaron ran 2 miles.\n\n2. **Find Aaron’s speed.**  \n   Aaron completed 2 miles in 16 minutes.  \n   Speed = distance / time = \\( \\frac{2 \\text{ miles}}{16 \\text{ minutes}} = \\frac{1}{8} \\) miles per minute.\n\n   But we can also relate their mile speeds. Let’s define:  \n   Let \\( v_V \\) = Vanessa’s speed (miles per minute)  \n   Let \\( v_A \\) = Aaron’s speed  \n   Given: Aaron runs each mile twice' gold='64' correct=False
[zero_shot][olmo3_7b_instruct][gsm8k] sample 199/200 start id=gsm8k_test_1312
[zero_shot][olmo3_7b_instruct][gsm8k] sample 199/200 done id=gsm8k_test_1312 prediction='Step 1: Determine the number of reservations per week.  \nThe restaurant is open 2 days a week and gets 6 reservations each night.  \nSo, total reservations per week = 6 reservations/night × 2 nights = 12 reservations.\n\nStep 2: Calculate the number of meals ordered per week.  \nEach reservation corresponds to 2 meals ordered.  \nTotal meals per night = 2 reservations × 2 meals/reservation = 4 meals.  \nTotal meals per week = 4 meals/night × 2 nights = 8 meals.\n\nStep 3: Calculate the cost of meals per reservation.  \nEach meal costs $5, so for 2 meals per reservation:  \nCost per reservation (meals) = 2 meals × $5/meal = $10.\n\nStep4: Calculate the total revenue from meals per week.  \nTotal meals per week = 8 meals.  \nRevenue from meals = 8 meals × $5/meal = $40.\n\nStep5: Add the cost of wine per week.  \nThey order 1 bottle of wine per night at $5 per bottle.  \nWine revenue per week = 2 nights × $5 = $10.\n\nStep6: Find the total weekly revenue.' gold='180' correct=False
[zero_shot][olmo3_7b_instruct][gsm8k] sample 200/200 start id=gsm8k_test_1316
[zero_shot][olmo3_7b_instruct][gsm8k] sample 200/200 done id=gsm8k_test_1316 prediction='230' gold='230' correct=True
[formal_group] completed config=configs/runs/formal/zero_shot_olmo3_7b_instruct_gsm8k.yaml
[formal_group] config=configs/runs/formal/zero_shot_olmo3_7b_instruct_csqa.yaml
[formal_group] log_path=/home/xuyang_lab/cse12311031/26Spring-CS310-NLP-Project/output/log/A/sampled_200/zero_shot/olmo3_7b_instruct_csqa.log
[zero_shot][olmo3_7b_instruct][csqa] loaded 200 samples from split=validation
[zero_shot][olmo3_7b_instruct][csqa] sample 1/200 start id=a7ab086045575bb497933726e4e6ad28
[zero_shot][olmo3_7b_instruct][csqa] sample 1/200 done id=a7ab086045575bb497933726e4e6ad28 prediction='A' gold='A' correct=True
[zero_shot][olmo3_7b_instruct][csqa] sample 2/200 start id=118a9093a30695622363455e4d911866
[zero_shot][olmo3_7b_instruct][csqa] sample 2/200 done id=118a9093a30695622363455e4d911866 prediction='B' gold='B' correct=True
[zero_shot][olmo3_7b_instruct][csqa] sample 3/200 start id=7ea9f721ffc662918bb0c0937a487f04
[zero_shot][olmo3_7b_instruct][csqa] sample 3/200 done id=7ea9f721ffc662918bb0c0937a487f04 prediction='E' gold='D' correct=False
[zero_shot][olmo3_7b_instruct][csqa] sample 4/200 start id=fc1d33a2301a30214523c12573f81aba
[zero_shot][olmo3_7b_instruct][csqa] sample 4/200 done id=fc1d33a2301a30214523c12573f81aba prediction='C' gold='C' correct=True
[zero_shot][olmo3_7b_instruct][csqa] sample 5/200 start id=b8b287b6277fccd4b7c9c72577177328
[zero_shot][olmo3_7b_instruct][csqa] sample 5/200 done id=b8b287b6277fccd4b7c9c72577177328 prediction='D' gold='D' correct=True
[zero_shot][olmo3_7b_instruct][csqa] sample 6/200 start id=113aaea2b1a27a976547f54e531d99bb
[zero_shot][olmo3_7b_instruct][csqa] sample 6/200 done id=113aaea2b1a27a976547f54e531d99bb prediction='B' gold='B' correct=True
[zero_shot][olmo3_7b_instruct][csqa] sample 7/200 start id=e6586bba9fe96d38792e6e6d4f2703dc
[zero_shot][olmo3_7b_instruct][csqa] sample 7/200 done id=e6586bba9fe96d38792e6e6d4f2703dc prediction='B' gold='E' correct=False
[zero_shot][olmo3_7b_instruct][csqa] sample 8/200 start id=435a728f45d32faa4b3c4553c966fd6b
[zero_shot][olmo3_7b_instruct][csqa] sample 8/200 done id=435a728f45d32faa4b3c4553c966fd6b prediction='B' gold='B' correct=True
[zero_shot][olmo3_7b_instruct][csqa] sample 9/200 start id=b47d912136e3304cb5e5890b6b879551
[zero_shot][olmo3_7b_instruct][csqa] sample 9/200 done id=b47d912136e3304cb5e5890b6b879551 prediction='D' gold='D' correct=True
[zero_shot][olmo3_7b_instruct][csqa] sample 10/200 start id=a8a8ae7792901c7179ff5538c701af1f
[zero_shot][olmo3_7b_instruct][csqa] sample 10/200 done id=a8a8ae7792901c7179ff5538c701af1f prediction='E' gold='E' correct=True
[zero_shot][olmo3_7b_instruct][csqa] sample 11/200 start id=ec79ef747bb89281923edb89ba26786d
[zero_shot][olmo3_7b_instruct][csqa] sample 11/200 done id=ec79ef747bb89281923edb89ba26786d prediction='A' gold='A' correct=True
[zero_shot][olmo3_7b_instruct][csqa] sample 12/200 start id=2d33cde5e3987adc8fa2bca0af4dd3dd
[zero_shot][olmo3_7b_instruct][csqa] sample 12/200 done id=2d33cde5e3987adc8fa2bca0af4dd3dd prediction='A' gold='A' correct=True
[zero_shot][olmo3_7b_instruct][csqa] sample 13/200 start id=1a8b3c2a46efabcbd506f9cf70886ed0
[zero_shot][olmo3_7b_instruct][csqa] sample 13/200 done id=1a8b3c2a46efabcbd506f9cf70886ed0 prediction='E' gold='E' correct=True
[zero_shot][olmo3_7b_instruct][csqa] sample 14/200 start id=1531f1523f5fd24bbdb42c311dbf90e8
[zero_shot][olmo3_7b_instruct][csqa] sample 14/200 done id=1531f1523f5fd24bbdb42c311dbf90e8 prediction='D' gold='E' correct=False
[zero_shot][olmo3_7b_instruct][csqa] sample 15/200 start id=ef22ef7aeec70aaa688720f805c1cf38
[zero_shot][olmo3_7b_instruct][csqa] sample 15/200 done id=ef22ef7aeec70aaa688720f805c1cf38 prediction='B' gold='B' correct=True
[zero_shot][olmo3_7b_instruct][csqa] sample 16/200 start id=2c0030cc14a27be2401dcfdaa501f0fc
