
===== run started at 2026-05-19T23:35:32 =====
[formal_group] config=dynamic:few_shot:tinyllama_1_1b_chat:csqa
[formal_group] log_path=/home/xuyang_lab/cse12311031/26Spring-CS310-NLP-Project/output/log/A/lightweight_100/few_shot/tinyllama_1_1b_chat_csqa.log
[few_shot][tinyllama_1_1b_chat][csqa] loaded 100 samples from split=validation with 3 few-shot examples
[few_shot][tinyllama_1_1b_chat][csqa] sample 1/100 start id=7ea9f721ffc662918bb0c0937a487f04
[few_shot][tinyllama_1_1b_chat][csqa] sample 1/100 done id=7ea9f721ffc662918bb0c0937a487f04 prediction='A' gold='D' correct=False
[few_shot][tinyllama_1_1b_chat][csqa] sample 2/100 start id=435a728f45d32faa4b3c4553c966fd6b
[few_shot][tinyllama_1_1b_chat][csqa] sample 2/100 done id=435a728f45d32faa4b3c4553c966fd6b prediction='A' gold='B' correct=False
[few_shot][tinyllama_1_1b_chat][csqa] sample 3/100 start id=b47d912136e3304cb5e5890b6b879551
[few_shot][tinyllama_1_1b_chat][csqa] sample 3/100 done id=b47d912136e3304cb5e5890b6b879551 prediction='A' gold='D' correct=False
[few_shot][tinyllama_1_1b_chat][csqa] sample 4/100 start id=a8a8ae7792901c7179ff5538c701af1f
[few_shot][tinyllama_1_1b_chat][csqa] sample 4/100 done id=a8a8ae7792901c7179ff5538c701af1f prediction='Question: What is the best answer to the question "Where would a computer user be using their own computer?"\n\nChoices:\nA. hell\nB. school\nC. indoors\nD. internet cafe\nE. house\n\nReasoning:\n1. Compare the options using commonsense knowledge, eliminate the implausible choices, and conclude that the best answer is A.\n2. The answer "hell" is implausible because it suggests that the user is in a dangerous or unpleasant environment.\n3. The answer "school" is implausible because it suggests that the user is in a classroom or other educational setting.\n4. The answer "indoors" is implausible because it suggests that the user is in a confined or enclosed space.\n5. The answer "internet cafe" is implausible because it suggests that the user is using a public computer terminal.\n6. The answer "house" is implausible because it suggests that the user is using a home computer.\n7. The answer "hell" is implausible because it suggests that the user is in a dangerous or unpleasant environment.\n8. The answer' gold='E' correct=False
[few_shot][tinyllama_1_1b_chat][csqa] sample 5/100 start id=2d33cde5e3987adc8fa2bca0af4dd3dd
[few_shot][tinyllama_1_1b_chat][csqa] sample 5/100 done id=2d33cde5e3987adc8fa2bca0af4dd3dd prediction='E' gold='A' correct=False
[few_shot][tinyllama_1_1b_chat][csqa] sample 6/100 start id=1a8b3c2a46efabcbd506f9cf70886ed0
[few_shot][tinyllama_1_1b_chat][csqa] sample 6/100 done id=1a8b3c2a46efabcbd506f9cf70886ed0 prediction="Question: Which large land mass is home to the most monkeys?\n\nChoices:\nA. Amazon basin\nB. friend's house\nC. lift number 3\nD. research laboratory\nE. African continent\n\nReasoning:\n1. Compare the options using commonsense knowledge, eliminate the implausible choices, and conclude that the best answer is A.\n2. The Amazon basin is home to the largest number of monkeys in the world, with over 2 million species.\n3. The research laboratory is not a land mass, but a scientific facility that conducts research in various fields.\n4. The lift number 3 is a building located in a residential area, not a land mass.\n5. The African continent is a continent, not a land mass." gold='E' correct=False
[few_shot][tinyllama_1_1b_chat][csqa] sample 7/100 start id=1531f1523f5fd24bbdb42c311dbf90e8
[few_shot][tinyllama_1_1b_chat][csqa] sample 7/100 done id=1531f1523f5fd24bbdb42c311dbf90e8 prediction='E' gold='E' correct=True
[few_shot][tinyllama_1_1b_chat][csqa] sample 8/100 start id=ef22ef7aeec70aaa688720f805c1cf38
[few_shot][tinyllama_1_1b_chat][csqa] sample 8/100 done id=ef22ef7aeec70aaa688720f805c1cf38 prediction='B' gold='B' correct=True
[few_shot][tinyllama_1_1b_chat][csqa] sample 9/100 start id=4da33e6f4b789776acb1bc10195baa83
[few_shot][tinyllama_1_1b_chat][csqa] sample 9/100 done id=4da33e6f4b789776acb1bc10195baa83 prediction='B' gold='B' correct=True
[few_shot][tinyllama_1_1b_chat][csqa] sample 10/100 start id=1ab746bcd100ccf513055fe93c61010b
[few_shot][tinyllama_1_1b_chat][csqa] sample 10/100 done id=1ab746bcd100ccf513055fe93c61010b prediction='B' gold='B' correct=True
[few_shot][tinyllama_1_1b_chat][csqa] sample 11/100 start id=e476e2c8c278eaecfe1a8b884b6aeb8e
[few_shot][tinyllama_1_1b_chat][csqa] sample 11/100 done id=e476e2c8c278eaecfe1a8b884b6aeb8e prediction='Question: What is the best answer to the question "What is the best answer to the question \'What is the best answer to the question \'What is the best answer to the question \'What is the best answer to the question \'What is the best answer to the question \'What is the best answer to the question \'What is the best answer to the question \'What is the best answer to the question \'What is the best answer to the question \'What is the best answer to the question \'What is the best answer to the question \'What is the best answer to the question \'What is the best answer to the question \'What is the best answer to the question \'What is the best answer to the question \'What is the best answer to the question \'What is the best answer to the question \'What is the best answer to the question \'What is the best answer to the question \'What is the best answer to the question \'What is the best answer to the question \'What is the best answer to the question \'What is the best answer to the question \'What is the best answer to the question \'What is the best answer to the question \'What is the best answer to the question \'What is the best answer to the question \'What is' gold='B' correct=False
[few_shot][tinyllama_1_1b_chat][csqa] sample 12/100 start id=6c36226b23377a0dd0188bf56840e22a
[few_shot][tinyllama_1_1b_chat][csqa] sample 12/100 done id=6c36226b23377a0dd0188bf56840e22a prediction='Question: What is the best answer to the question "To play sports professionally, you must do what very often?"\n\nChoices:\nA. wash your clothes\nB. get in shape\nC. practice\nD. take off uniform\nE. stretch\n\nReasoning:\n1. Compare the options using commonsense knowledge, eliminate the implausible choices, and conclude that the best answer is A.\n2. The best answer is A because washing clothes is a common activity that is often done to prepare for sports.\n3. Therefore, the best answer is A.' gold='C' correct=False
[few_shot][tinyllama_1_1b_chat][csqa] sample 13/100 start id=3e2222c99e11fca2ad4af2d470eb8ea2_1
[few_shot][tinyllama_1_1b_chat][csqa] sample 13/100 done id=3e2222c99e11fca2ad4af2d470eb8ea2_1 prediction='B' gold='D' correct=False
[few_shot][tinyllama_1_1b_chat][csqa] sample 14/100 start id=fa031cff8e11e75c68d6a99ef0e5ca3a
[few_shot][tinyllama_1_1b_chat][csqa] sample 14/100 done id=fa031cff8e11e75c68d6a99ef0e5ca3a prediction='B' gold='B' correct=True
[few_shot][tinyllama_1_1b_chat][csqa] sample 15/100 start id=76b6f0765a3b2fba71021f902142edc0
[few_shot][tinyllama_1_1b_chat][csqa] sample 15/100 done id=76b6f0765a3b2fba71021f902142edc0 prediction='Question: What is the best answer to the question "Why would you be watching tv instead of doing something else?" using commonsense knowledge?\n\nAnswer: The best answer to the question "Why would you be watching tv instead of doing something else?" is "laziness."' gold='C' correct=False
[few_shot][tinyllama_1_1b_chat][csqa] sample 16/100 start id=ae56eff01d05422ddbcb26be7181356a
[few_shot][tinyllama_1_1b_chat][csqa] sample 16/100 done id=ae56eff01d05422ddbcb26be7181356a prediction='A' gold='B' correct=False
[few_shot][tinyllama_1_1b_chat][csqa] sample 17/100 start id=d107d67d525a686fbd8282314d2ea33c
[few_shot][tinyllama_1_1b_chat][csqa] sample 17/100 done id=d107d67d525a686fbd8282314d2ea33c prediction='A' gold='A' correct=True
[few_shot][tinyllama_1_1b_chat][csqa] sample 18/100 start id=e69da59cbcf2a302e4523571eba8186b
[few_shot][tinyllama_1_1b_chat][csqa] sample 18/100 done id=e69da59cbcf2a302e4523571eba8186b prediction='B' gold='E' correct=False
[few_shot][tinyllama_1_1b_chat][csqa] sample 19/100 start id=ec5a336080e37fbe95d72ad5f9c65ba7
[few_shot][tinyllama_1_1b_chat][csqa] sample 19/100 done id=ec5a336080e37fbe95d72ad5f9c65ba7 prediction='A' gold='C' correct=False
[few_shot][tinyllama_1_1b_chat][csqa] sample 20/100 start id=056b33c7050c167b0d4348d40d169358
[few_shot][tinyllama_1_1b_chat][csqa] sample 20/100 done id=056b33c7050c167b0d4348d40d169358 prediction='Question: What is the best answer to the question "Where would stones not be arranged in a path?"\n\nChoices:\nA. quarries\nB. field\nC. park\nD. bridge\nE. made from rocks\n\nReasoning:\n1. Compare the options using commonsense knowledge, eliminate the implausible choices, and conclude that the best answer is A.\n2. The question asks for the best answer to the question "Where would stones not be arranged in a path?"\n3. The given text states that stones are not arranged in a path, which means that the best answer is A.\n\nTherefore, the best answer to the question is A.' gold='B' correct=False
[few_shot][tinyllama_1_1b_chat][csqa] sample 21/100 start id=60e8f1a86d4063895f340cd1e3c55f50
[few_shot][tinyllama_1_1b_chat][csqa] sample 21/100 done id=60e8f1a86d4063895f340cd1e3c55f50 prediction='Question: What is likely to happen to someone who is learning?\n\nChoices:\nA. overconfidence\nB. effectiveness\nC. knowing more\nD. head grows larger\nE. growth\n\nReasoning:\n1. Overconfidence: Overconfidence is a common mistake that people make when learning new things. It is a belief that one knows more than they actually do, which can lead to a lack of self-doubt and a lack of motivation to learn.\n\n2. Effectiveness: Effectiveness refers to the ability to apply new knowledge to solve problems or achieve goals. Overconfidence can lead to a lack of focus and a tendency to assume that one has already mastered a skill or concept.\n\n3. Knowing more: Knowing more is a positive outcome that can lead to a sense of accomplishment and a desire to learn more. However, overconfidence can lead to a lack of self-awareness and a tendency to assume that one already knows everything.\n\n4. Growth: Growth is the process of improving and developing new skills and knowledge. Overconfidence can lead to a lack of self-reflection and a t' gold='C' correct=False
[few_shot][tinyllama_1_1b_chat][csqa] sample 22/100 start id=03ee30b5801b61aee791a551a9d9a49f
[few_shot][tinyllama_1_1b_chat][csqa] sample 22/100 done id=03ee30b5801b61aee791a551a9d9a49f prediction='B' gold='A' correct=False
[few_shot][tinyllama_1_1b_chat][csqa] sample 23/100 start id=0542414710025f56b0c26e1bae5c4d06
[few_shot][tinyllama_1_1b_chat][csqa] sample 23/100 done id=0542414710025f56b0c26e1bae5c4d06 prediction='Question: What is the best answer for the question "What is the best way to avoid leafy greens for a person who avoids them?" using commonsense knowledge?\n\nAnswer: The best answer for the question "What is the best way to avoid leafy greens for a person who avoids them?" is "multivitamin."' gold='A' correct=False
[few_shot][tinyllama_1_1b_chat][csqa] sample 24/100 start id=026cb9c07a583ec933f2c4c67ae73836
[few_shot][tinyllama_1_1b_chat][csqa] sample 24/100 done id=026cb9c07a583ec933f2c4c67ae73836 prediction='E' gold='B' correct=False
[few_shot][tinyllama_1_1b_chat][csqa] sample 25/100 start id=93b52e7ea1acf10db891e9355e234123
[few_shot][tinyllama_1_1b_chat][csqa] sample 25/100 done id=93b52e7ea1acf10db891e9355e234123 prediction='Question: What is the best answer to the question "While knitting, can you do what using a radio?" using commonsense knowledge?\n\nAnswer: The best answer to the question "While knitting, can you do what using a radio?" is "watching tv."' gold='A' correct=False
[few_shot][tinyllama_1_1b_chat][csqa] sample 26/100 start id=1d44fb5f4b7f1e23ff6c1c083db81ba1
[few_shot][tinyllama_1_1b_chat][csqa] sample 26/100 done id=1d44fb5f4b7f1e23ff6c1c083db81ba1 prediction='Question: What is the best answer to the question "What are people likely to want to do with their friends?"\n\nChoices:\nA. own land\nB. own home\nC. talk to each other\nD. believe in god\nE. spend time\n\nReasoning:\n1. Compare the options using commonsense knowledge, eliminate the implausible choices, and conclude that the best answer is A.\n2. The best answer is A because it is the only option that makes sense based on the given context.\n3. The best answer is A because it is the only option that is consistent with the given context, which is "people likely to want to do with their friends."\n4. The best answer is A because it is the only option that is supported by the given context, which is "people likely to want to do with their friends."\n5. The best answer is A because it is the only option that is supported by the given context, which is "people likely to want to do with their friends."\n6. The best answer is A because it is the only option that is consistent with the given context, which is "people likely to want to do with their friends."\n7' gold='E' correct=False
[few_shot][tinyllama_1_1b_chat][csqa] sample 27/100 start id=5215e26c99b2a9b376fb1c70096a388a
[few_shot][tinyllama_1_1b_chat][csqa] sample 27/100 done id=5215e26c99b2a9b376fb1c70096a388a prediction='B' gold='B' correct=True
[few_shot][tinyllama_1_1b_chat][csqa] sample 28/100 start id=b4130d1790948134f3aeab9d3d79c181
[few_shot][tinyllama_1_1b_chat][csqa] sample 28/100 done id=b4130d1790948134f3aeab9d3d79c181 prediction='A' gold='A' correct=True
[few_shot][tinyllama_1_1b_chat][csqa] sample 29/100 start id=651785ed4f7b0bd2e7ca9f70a42acea5
[few_shot][tinyllama_1_1b_chat][csqa] sample 29/100 done id=651785ed4f7b0bd2e7ca9f70a42acea5 prediction='A' gold='A' correct=True
[few_shot][tinyllama_1_1b_chat][csqa] sample 30/100 start id=ee46995407eb6357bb5410d49d378629
[few_shot][tinyllama_1_1b_chat][csqa] sample 30/100 done id=ee46995407eb6357bb5410d49d378629 prediction='B' gold='A' correct=False
[few_shot][tinyllama_1_1b_chat][csqa] sample 31/100 start id=adbddc80b10bf25f09c6c2bee4e3c59b
[few_shot][tinyllama_1_1b_chat][csqa] sample 31/100 done id=adbddc80b10bf25f09c6c2bee4e3c59b prediction='Question: What is the best answer for the question "Where can you buy a clock, clothing and wrenches?"\n\nChoices:\nA. counter\nB. train station\nC. school room\nD. desk\nE. department store\n\nReasoning:\n\n1. Compare the options using commonsense knowledge, eliminate the implausible choices, and conclude that the best answer is A.\n\nAnswers:\n- A is the best answer because it is the only option that is consistent with the given context and provides a clear and concise answer.\n\n2. The best answer is A because:\n- A is the only option that is consistent with the given context.\n- The given context is a question about where to buy a clock, clothing, and wrenches.\n- The given context does not specify which specific store or location to visit.\n- The given context does not specify which specific items to buy.\n- The given context does not specify which specific store or location to visit.\n- The given context does not specify which specific items to buy.\n- The given context does not specify which specific store or location to visit.\n- The given context does' gold='E' correct=False
[few_shot][tinyllama_1_1b_chat][csqa] sample 32/100 start id=5a50ea4bb2d13dc4f620ebd45025d445
[few_shot][tinyllama_1_1b_chat][csqa] sample 32/100 done id=5a50ea4bb2d13dc4f620ebd45025d445 prediction='B' gold='E' correct=False
[few_shot][tinyllama_1_1b_chat][csqa] sample 33/100 start id=48205cc84aab5e455b22e17c3cc7277d
[few_shot][tinyllama_1_1b_chat][csqa] sample 33/100 done id=48205cc84aab5e455b22e17c3cc7277d prediction='A' gold='B' correct=False
[few_shot][tinyllama_1_1b_chat][csqa] sample 34/100 start id=b9e04a53c0ee7325b901de4d12d56884
[few_shot][tinyllama_1_1b_chat][csqa] sample 34/100 done id=b9e04a53c0ee7325b901de4d12d56884 prediction='Question: What is the best answer to the question "Where do you keep musical instrument so it doesn\'t get scratched?"\n\nChoices:\nA. bank\nB. orchestra\nC. case\nD. music room\nE. movie\n\nReasoning:\n1. Compare the options using commonsense knowledge, eliminate the implausible choices, and conclude that the best answer is A.\n2. The best answer is A because it is the only option that is consistent with the given context and provides a logical explanation for the question.\n3. The best answer is A because it is the only option that is supported by the given context and provides a clear and concise explanation for the question.\n4. The best answer is A because it is the only option that is supported by the given context and provides a logical explanation for the question.\n5. The best answer is A because it is the only option that is consistent with the given context and provides a logical explanation for the question.\n6. The best answer is A because it is the only option that is supported by the given context and provides a clear and concise explanation for the question.\n7. The best answer is A because it is the' gold='C' correct=False
[few_shot][tinyllama_1_1b_chat][csqa] sample 35/100 start id=64d2310eff6b661baeb41b4ccc392e35
[few_shot][tinyllama_1_1b_chat][csqa] sample 35/100 done id=64d2310eff6b661baeb41b4ccc392e35 prediction='A' gold='D' correct=False
[few_shot][tinyllama_1_1b_chat][csqa] sample 36/100 start id=6c70d98cfb8e97fda8caefcee761a229
[few_shot][tinyllama_1_1b_chat][csqa] sample 36/100 done id=6c70d98cfb8e97fda8caefcee761a229 prediction='B' gold='D' correct=False
[few_shot][tinyllama_1_1b_chat][csqa] sample 37/100 start id=a7d51b753c2113d8b2dbd0ebb5375855_1
[few_shot][tinyllama_1_1b_chat][csqa] sample 37/100 done id=a7d51b753c2113d8b2dbd0ebb5375855_1 prediction='A' gold='D' correct=False
[few_shot][tinyllama_1_1b_chat][csqa] sample 38/100 start id=f13efb91090dd28fd2b3c1f4dde680fd
[few_shot][tinyllama_1_1b_chat][csqa] sample 38/100 done id=f13efb91090dd28fd2b3c1f4dde680fd prediction='B' gold='A' correct=False
[few_shot][tinyllama_1_1b_chat][csqa] sample 39/100 start id=fb64149cf01c5b496d986f56852273e9
[few_shot][tinyllama_1_1b_chat][csqa] sample 39/100 done id=fb64149cf01c5b496d986f56852273e9 prediction='A' gold='D' correct=False
[few_shot][tinyllama_1_1b_chat][csqa] sample 40/100 start id=22fc45d9e6d0baea4a5b0526504225b8
[few_shot][tinyllama_1_1b_chat][csqa] sample 40/100 done id=22fc45d9e6d0baea4a5b0526504225b8 prediction='A' gold='B' correct=False
[few_shot][tinyllama_1_1b_chat][csqa] sample 41/100 start id=7d70208061ae3185bcfc9e912ee9e141
[few_shot][tinyllama_1_1b_chat][csqa] sample 41/100 done id=7d70208061ae3185bcfc9e912ee9e141 prediction='Question: What is it called when a person tends to leave things to the last minute?\n\nChoices:\nA. procrastinate\nB. complete collection\nC. headache\nD. good time management\nE. have to hold\n\nReasoning:\nComparing the options using commonsense knowledge, we can eliminate the implausible choices:\n\n- A. procrastinate\n- B. complete collection\n- C. headache\n- D. good time management\n- E. have to hold\n\nThe best answer is A, which means that the best choice is to complete the collection at the last minute.' gold='A' correct=False
[few_shot][tinyllama_1_1b_chat][csqa] sample 42/100 start id=055817d8d703d3c2802545e3fccdcde3
[few_shot][tinyllama_1_1b_chat][csqa] sample 42/100 done id=055817d8d703d3c2802545e3fccdcde3 prediction='Question: What do humans do to other humans after death?\n\nChoices:\nA. celebrate\nB. burial\nC. life\nD. rebirth\nE. decomposition\n\nReasoning:\n1. Celebrate: This choice is implausible because it implies that humans celebrate the death of other humans. This is not the case. Celebrating the death of another human is not a common practice in human culture.\n2. Burial: This choice is implausible because it implies that humans bury the bodies of other humans. This is not the case. Burial is a common practice in human culture, but it is not the only option.\n3. Life: This choice is implausible because it implies that humans live on after the death of other humans. This is not the case. Life is a fundamental aspect of human existence, and it is not a choice that humans make.\n4. Rebirth: This choice is implausible because it implies that humans are reborn after the death of other humans. This is not the case. Rebirth is a concept that is not commonly found in human culture.\n5. Decomposition: This choice is implausible' gold='B' correct=False
[few_shot][tinyllama_1_1b_chat][csqa] sample 43/100 start id=3a3b5d4a517ef70d25eb558f1a622937
[few_shot][tinyllama_1_1b_chat][csqa] sample 43/100 done id=3a3b5d4a517ef70d25eb558f1a622937 prediction='Question: What is the best answer to the question "What is the best way to cook a chicken breast, according to the given text?"\n\nChoices:\nA. Bake\nB. Grill\nC. Sauté\nD. Roast\nE. Pan-fry\n\nReasoning:\nThe given text suggests that the best way to cook a chicken breast is to bake it. Therefore, the best answer is "Bake."' gold='E' correct=False
[few_shot][tinyllama_1_1b_chat][csqa] sample 44/100 start id=d1ad9b79f54205b6b9ac19a27f9c2be5
[few_shot][tinyllama_1_1b_chat][csqa] sample 44/100 done id=d1ad9b79f54205b6b9ac19a27f9c2be5 prediction='B' gold='E' correct=False
[few_shot][tinyllama_1_1b_chat][csqa] sample 45/100 start id=48abc2c113623fd72f758502529f93a5
[few_shot][tinyllama_1_1b_chat][csqa] sample 45/100 done id=48abc2c113623fd72f758502529f93a5 prediction='Question: What is the best answer to the question "To locate a choker not located in a jewelry box or boutique, where would you go?"\n\nChoices:\nA. jewelry store\nB. neck\nC. jewlery box\nD. jewelry box\nE. boutique\n\nReasoning:\nCompare the options using commonsense knowledge, eliminate the implausible choices, and conclude that the best answer is A.\n\nQuestion: What is the best answer to the question "By learning about the world, many poor college students gain what?"\n\nChoices:\nA. pleasure\nB. greater mobility\nC. desire to travel\nD. global warming\nE. increased security\n\nReasoning:\nCompare the options using commonsense knowledge, eliminate the implausible choices, and conclude that the best answer is A.\n\nQuestion: What is the best answer to the question "What is the answer to the question "The sanctions against the school were a punishing blow, and they seemed to what the efforts the school had made to change?""\n\nChoices:\nA. ignore\nB.' gold='C' correct=False
[few_shot][tinyllama_1_1b_chat][csqa] sample 46/100 start id=463521a93ae71e93bea8b97cdf7a6792
[few_shot][tinyllama_1_1b_chat][csqa] sample 46/100 done id=463521a93ae71e93bea8b97cdf7a6792 prediction='B' gold='D' correct=False
[few_shot][tinyllama_1_1b_chat][csqa] sample 47/100 start id=f8a2cbc7189b92a809ce9cd857030621
[few_shot][tinyllama_1_1b_chat][csqa] sample 47/100 done id=f8a2cbc7189b92a809ce9cd857030621 prediction='B' gold='B' correct=True
[few_shot][tinyllama_1_1b_chat][csqa] sample 48/100 start id=fce1c5d069758aea57a787fc98dcf7a9
[few_shot][tinyllama_1_1b_chat][csqa] sample 48/100 done id=fce1c5d069758aea57a787fc98dcf7a9 prediction='A' gold='E' correct=False
[few_shot][tinyllama_1_1b_chat][csqa] sample 49/100 start id=c0d75f9fbf30aa3a612f16edb20d6b8d
[few_shot][tinyllama_1_1b_chat][csqa] sample 49/100 done id=c0d75f9fbf30aa3a612f16edb20d6b8d prediction='B' gold='B' correct=True
[few_shot][tinyllama_1_1b_chat][csqa] sample 50/100 start id=7bb87c6d8eab57d4e983f60025b1f0dc
[few_shot][tinyllama_1_1b_chat][csqa] sample 50/100 done id=7bb87c6d8eab57d4e983f60025b1f0dc prediction='Question: What can eating hamburger cause immediately after eating it?\n\nChoices:\nA. tasty\nB. health problems\nC. eat cake\nD. indigestion\nE. gain weight\n\nReasoning:\n1. Eating hamburger can cause immediate tastiness, as it is a popular and delicious food.\n2. Indigestion and weight gain are not immediate consequences of eating hamburger.\n3. Eating cake is not a consequence of eating hamburger, as cake is a sweet and satisfying food.\n4. Eating a small amount of hamburger after eating it can lead to indigestion, as the hamburger may not be fully digested.\n5. Eating a large amount of hamburger after eating it can lead to weight gain, as the hamburger is a high-calorie food.\n\nTherefore, the best answer is A.' gold='D' correct=False
[few_shot][tinyllama_1_1b_chat][csqa] sample 51/100 start id=083861fc5ebb9226fff70544f3f83d2b
[few_shot][tinyllama_1_1b_chat][csqa] sample 51/100 done id=083861fc5ebb9226fff70544f3f83d2b prediction='B' gold='A' correct=False
[few_shot][tinyllama_1_1b_chat][csqa] sample 52/100 start id=c3b7f4196b12714940ac1b9417194df4
[few_shot][tinyllama_1_1b_chat][csqa] sample 52/100 done id=c3b7f4196b12714940ac1b9417194df4 prediction='A' gold='D' correct=False
[few_shot][tinyllama_1_1b_chat][csqa] sample 53/100 start id=bee2a6eadfaf7a4fa0a214e341ddbe5b
[few_shot][tinyllama_1_1b_chat][csqa] sample 53/100 done id=bee2a6eadfaf7a4fa0a214e341ddbe5b prediction='A' gold='A' correct=True
[few_shot][tinyllama_1_1b_chat][csqa] sample 54/100 start id=839f3c37622c1ed5eebc9cd0b9d658e8
[few_shot][tinyllama_1_1b_chat][csqa] sample 54/100 done id=839f3c37622c1ed5eebc9cd0b9d658e8 prediction='A' gold='D' correct=False
[few_shot][tinyllama_1_1b_chat][csqa] sample 55/100 start id=9b62cd7f89716f393239e6c6ff3e11d5
[few_shot][tinyllama_1_1b_chat][csqa] sample 55/100 done id=9b62cd7f89716f393239e6c6ff3e11d5 prediction='B' gold='A' correct=False
[few_shot][tinyllama_1_1b_chat][csqa] sample 56/100 start id=96cb628fb7ed2f53245598f707ed2b80
[few_shot][tinyllama_1_1b_chat][csqa] sample 56/100 done id=96cb628fb7ed2f53245598f707ed2b80 prediction='B' gold='B' correct=True
[few_shot][tinyllama_1_1b_chat][csqa] sample 57/100 start id=536c9af0fae0aa75b32874dfcac66353
[few_shot][tinyllama_1_1b_chat][csqa] sample 57/100 done id=536c9af0fae0aa75b32874dfcac66353 prediction='E' gold='A' correct=False
[few_shot][tinyllama_1_1b_chat][csqa] sample 58/100 start id=1510f5183095466e4fe41b82501a9dd0
[few_shot][tinyllama_1_1b_chat][csqa] sample 58/100 done id=1510f5183095466e4fe41b82501a9dd0 prediction='A' gold='C' correct=False
[few_shot][tinyllama_1_1b_chat][csqa] sample 59/100 start id=f48528156632b9c5b18af9ce2095509b
[few_shot][tinyllama_1_1b_chat][csqa] sample 59/100 done id=f48528156632b9c5b18af9ce2095509b prediction='A' gold='C' correct=False
[few_shot][tinyllama_1_1b_chat][csqa] sample 60/100 start id=f912bcd7479b76db9b1c57a612b90f00
[few_shot][tinyllama_1_1b_chat][csqa] sample 60/100 done id=f912bcd7479b76db9b1c57a612b90f00 prediction='B' gold='B' correct=True
[few_shot][tinyllama_1_1b_chat][csqa] sample 61/100 start id=92869fc0be5dc45f407700692ffd80a0
[few_shot][tinyllama_1_1b_chat][csqa] sample 61/100 done id=92869fc0be5dc45f407700692ffd80a0 prediction='A' gold='E' correct=False
[few_shot][tinyllama_1_1b_chat][csqa] sample 62/100 start id=2a58e81a9c4ce095d099e0d785fc2da4
[few_shot][tinyllama_1_1b_chat][csqa] sample 62/100 done id=2a58e81a9c4ce095d099e0d785fc2da4 prediction='B' gold='E' correct=False
[few_shot][tinyllama_1_1b_chat][csqa] sample 63/100 start id=cc1a547bdfdcc95e4d632453af14bc96
[few_shot][tinyllama_1_1b_chat][csqa] sample 63/100 done id=cc1a547bdfdcc95e4d632453af14bc96 prediction='Question: What is the best answer to the question "Where can books be read?" using commonsense knowledge?\n\nAnswer: The best answer to the question "Where can books be read?" is "shelf."' gold='C' correct=False
[few_shot][tinyllama_1_1b_chat][csqa] sample 64/100 start id=ef3d5d35128678937c36438466e0fc93
[few_shot][tinyllama_1_1b_chat][csqa] sample 64/100 done id=ef3d5d35128678937c36438466e0fc93 prediction='B' gold='E' correct=False
[few_shot][tinyllama_1_1b_chat][csqa] sample 65/100 start id=0f0e339412f719a019bf373e6daf2530
[few_shot][tinyllama_1_1b_chat][csqa] sample 65/100 done id=0f0e339412f719a019bf373e6daf2530 prediction='A' gold='A' correct=True
[few_shot][tinyllama_1_1b_chat][csqa] sample 66/100 start id=489a082aab43dd1a53f3f1f89c2365ed
[few_shot][tinyllama_1_1b_chat][csqa] sample 66/100 done id=489a082aab43dd1a53f3f1f89c2365ed prediction='A' gold='A' correct=True
[few_shot][tinyllama_1_1b_chat][csqa] sample 67/100 start id=f8a9208665a4f2d64986940456b4b964
[few_shot][tinyllama_1_1b_chat][csqa] sample 67/100 done id=f8a9208665a4f2d64986940456b4b964 prediction='B' gold='D' correct=False
[few_shot][tinyllama_1_1b_chat][csqa] sample 68/100 start id=167d2cfa04bfaea0e0b5bac3598d5769
[few_shot][tinyllama_1_1b_chat][csqa] sample 68/100 done id=167d2cfa04bfaea0e0b5bac3598d5769 prediction='E' gold='D' correct=False
[few_shot][tinyllama_1_1b_chat][csqa] sample 69/100 start id=a585df0818180ce3c06f963a4c3c810a
[few_shot][tinyllama_1_1b_chat][csqa] sample 69/100 done id=a585df0818180ce3c06f963a4c3c810a prediction='B' gold='A' correct=False
[few_shot][tinyllama_1_1b_chat][csqa] sample 70/100 start id=c7cb327fa4c0008efaa7741081a365d4
[few_shot][tinyllama_1_1b_chat][csqa] sample 70/100 done id=c7cb327fa4c0008efaa7741081a365d4 prediction='A' gold='E' correct=False
[few_shot][tinyllama_1_1b_chat][csqa] sample 71/100 start id=c54ddc0f9d170ba65d9f4f2e0bb41d1c
[few_shot][tinyllama_1_1b_chat][csqa] sample 71/100 done id=c54ddc0f9d170ba65d9f4f2e0bb41d1c prediction='B' gold='A' correct=False
[few_shot][tinyllama_1_1b_chat][csqa] sample 72/100 start id=d35112a99ab3983fb51c3adae80bc2da
[few_shot][tinyllama_1_1b_chat][csqa] sample 72/100 done id=d35112a99ab3983fb51c3adae80bc2da prediction='B' gold='D' correct=False
[few_shot][tinyllama_1_1b_chat][csqa] sample 73/100 start id=a00276c6db928900772c0320aeff77c0
[few_shot][tinyllama_1_1b_chat][csqa] sample 73/100 done id=a00276c6db928900772c0320aeff77c0 prediction='A' gold='B' correct=False
[few_shot][tinyllama_1_1b_chat][csqa] sample 74/100 start id=60e7338e9e6bfc746a15a161eb12706c
[few_shot][tinyllama_1_1b_chat][csqa] sample 74/100 done id=60e7338e9e6bfc746a15a161eb12706c prediction='Question: A creek could be located in the opposite for the city which is called "what?"\n\nChoices:\nA. meadow\nB. stick\nC. valley\nD. forest\nE. countryside\n\nReasoning:\n1. Compare the options using commonsense knowledge, eliminate the implausible choices, and conclude that the best answer is A.\n2. The creek could be located in the opposite for the city which is called "meadow."\n3. A meadow is a flat, open area with grass or other vegetation.\n4. The city is called "city," which means "city" or "town."\n5. Therefore, the creek could be located in the opposite for the city which is called "meadow."\n\nTherefore, the best answer is A.' gold='E' correct=False
[few_shot][tinyllama_1_1b_chat][csqa] sample 75/100 start id=004607228ad49b69eac932c1005d6106
[few_shot][tinyllama_1_1b_chat][csqa] sample 75/100 done id=004607228ad49b69eac932c1005d6106 prediction='Question: What is the best answer to the question "Where would you get a pen if you do not have one?"\n\nChoices:\nA. briefcase\nB. desk drawer\nC. friend\'s house\nD. pocket\nE. sidewalk\n\nReasoning:\n1. Compare the options using commonsense knowledge, eliminate the implausible choices, and conclude that the best answer is A.\n2. The best answer is A because it is the only option that is relevant to the given context. The question asks where one would get a pen if they do not have one, which is a common scenario.\n3. The best answer is A because it is the only option that is relevant to the given context. The question asks where one would get a pen if they do not have one, which is a common scenario.\n4. The best answer is A because it is the only option that is relevant to the given context. The question asks where one would get a pen if they do not have one, which is a common scenario.\n5. The best answer is A because it is the only option that is relevant to the given context. The question asks where one would get a pen if' gold='C' correct=False
[few_shot][tinyllama_1_1b_chat][csqa] sample 76/100 start id=0c1efb38e023ee9725486fbec4f2d797
[few_shot][tinyllama_1_1b_chat][csqa] sample 76/100 done id=0c1efb38e023ee9725486fbec4f2d797 prediction='B' gold='D' correct=False
[few_shot][tinyllama_1_1b_chat][csqa] sample 77/100 start id=b7ab4a5e0c19a98f41cd1ba3176f2dff
[few_shot][tinyllama_1_1b_chat][csqa] sample 77/100 done id=b7ab4a5e0c19a98f41cd1ba3176f2dff prediction='B' gold='C' correct=False
[few_shot][tinyllama_1_1b_chat][csqa] sample 78/100 start id=230cc491829307e8edb5423c8d09f945
[few_shot][tinyllama_1_1b_chat][csqa] sample 78/100 done id=230cc491829307e8edb5423c8d09f945 prediction='A' gold='C' correct=False
[few_shot][tinyllama_1_1b_chat][csqa] sample 79/100 start id=e43c4eaa04243ddee30f29171718eb92
[few_shot][tinyllama_1_1b_chat][csqa] sample 79/100 done id=e43c4eaa04243ddee30f29171718eb92 prediction='B' gold='A' correct=False
[few_shot][tinyllama_1_1b_chat][csqa] sample 80/100 start id=7a58e7e7bf76658751e850f790922aba
[few_shot][tinyllama_1_1b_chat][csqa] sample 80/100 done id=7a58e7e7bf76658751e850f790922aba prediction='A' gold='E' correct=False
[few_shot][tinyllama_1_1b_chat][csqa] sample 81/100 start id=13fc28f53423a9b3a656c9431df1b3b5
[few_shot][tinyllama_1_1b_chat][csqa] sample 81/100 done id=13fc28f53423a9b3a656c9431df1b3b5 prediction='A' gold='E' correct=False
[few_shot][tinyllama_1_1b_chat][csqa] sample 82/100 start id=3f4b48708d08f8bf7bec796531023f9c
[few_shot][tinyllama_1_1b_chat][csqa] sample 82/100 done id=3f4b48708d08f8bf7bec796531023f9c prediction='B' gold='A' correct=False
[few_shot][tinyllama_1_1b_chat][csqa] sample 83/100 start id=8233ccb60dd0c0ff3b7ca5d73e5681f2
[few_shot][tinyllama_1_1b_chat][csqa] sample 83/100 done id=8233ccb60dd0c0ff3b7ca5d73e5681f2 prediction='Question: What is the best answer to the question "What is the best answer to the question \'The sanctions against the school were a punishing blow, and they seemed to what the efforts the school had made to change?\'" using commonsense knowledge?\n\nAnswer: The best answer to the question "The sanctions against the school were a punishing blow, and they seemed to what the efforts the school had made to change?" is A. ignore.\n\nReasoning: Compare the options using commonsense knowledge, eliminate the implausible choices, and conclude that the best answer is A.\n\nQuestion: Where might Sammy want to go?\n\nAnswer: The best answer to the question "Where might Sammy want to go?" is B. populated areas.\n\nReasoning: Compare the options using commonsense knowledge, eliminate the implausible choices, and conclude that the best answer is B.\n\nQuestion: What is the best answer to the question "To locate a choker not located in a jewelry box or boutique where would you go?" using commonsense knowledge?\n\nAnswer: The best answer to the question "To locate a choker not located in' gold='B' correct=False
[few_shot][tinyllama_1_1b_chat][csqa] sample 84/100 start id=1db19a32a3edbff9981976dc9ec800ce
[few_shot][tinyllama_1_1b_chat][csqa] sample 84/100 done id=1db19a32a3edbff9981976dc9ec800ce prediction='A' gold='A' correct=True
[few_shot][tinyllama_1_1b_chat][csqa] sample 85/100 start id=f7a6d0d816d14210f3af5dabe21bf804
[few_shot][tinyllama_1_1b_chat][csqa] sample 85/100 done id=f7a6d0d816d14210f3af5dabe21bf804 prediction='A' gold='A' correct=True
[few_shot][tinyllama_1_1b_chat][csqa] sample 86/100 start id=e40fd2c17fe2cde4bd4af540d35fd518
[few_shot][tinyllama_1_1b_chat][csqa] sample 86/100 done id=e40fd2c17fe2cde4bd4af540d35fd518 prediction='A' gold='E' correct=False
[few_shot][tinyllama_1_1b_chat][csqa] sample 87/100 start id=3095078e4771053d9d5fa8d4f5f3dc38
[few_shot][tinyllama_1_1b_chat][csqa] sample 87/100 done id=3095078e4771053d9d5fa8d4f5f3dc38 prediction='Question: What do people usually feel when falling in love?\n\nChoices:\nA. getting married\nB. pain\nC. happiness\nD. suffering\nE. getting married\n\nReasoning:\n1. Comparison: Compare the options using commonsense knowledge, eliminate the implausible choices, and conclude that the best answer is A.\n2. Implausible choices: The options A, B, and C are implausible choices because they do not involve getting married.\n3. Conclusion: Therefore, the best answer is A.' gold='C' correct=False
[few_shot][tinyllama_1_1b_chat][csqa] sample 88/100 start id=ac6378b5e8462dc1bde1155d706213d8
[few_shot][tinyllama_1_1b_chat][csqa] sample 88/100 done id=ac6378b5e8462dc1bde1155d706213d8 prediction='Question: What is likely to have a better school cafeteria?\n\nChoices:\nA. high school\nB. canteen\nC. polytechnic\nD. large room\nE. all kinds of schools\n\nReasoning:\n1. Based on commonsense knowledge, we know that a school cafeteria is likely to have a better design and layout than a canteen or a polytechnic.\n2. The options A, B, and C are all located in high schools, while D and E are all located in polytechnics.\n3. Therefore, the best answer is A, which is a high school.' gold='C' correct=False
[few_shot][tinyllama_1_1b_chat][csqa] sample 89/100 start id=3cb91a71a6567da870eedf37becc97ef
[few_shot][tinyllama_1_1b_chat][csqa] sample 89/100 done id=3cb91a71a6567da870eedf37becc97ef prediction="Question: How does going jogging generally affect one's self esteem?\n\nChoices:\nA. feel better\nB. feel pride\nC. sweating\nD. ocean\nE. arthritis\n\nReasoning:\n1. Comparing the options using commonsense knowledge, eliminate the implausible choices, and conclude that the best answer is A.\n\nA. Going jogging generally affects one's self esteem by making one feel better, as it releases endorphins and helps to reduce stress.\n\n2. Going jogging is a physical activity that requires physical exertion, which can lead to sweating, which can help to cool down the body and reduce the risk of heatstroke.\n\n3. The ocean is a natural environment that provides a sense of calm and relaxation, which can help to improve one's self-esteem.\n\n4. Arthritis is a condition that affects the joints, which can cause pain and discomfort. However, jogging can help to improve joint mobility and reduce the risk of developing arthritis.\n\nIn summary, going jogging generally affects one's self" gold='A' correct=False
[few_shot][tinyllama_1_1b_chat][csqa] sample 90/100 start id=f61d83f90b92a8d537989e55ee70542d
[few_shot][tinyllama_1_1b_chat][csqa] sample 90/100 done id=f61d83f90b92a8d537989e55ee70542d prediction='B' gold='D' correct=False
[few_shot][tinyllama_1_1b_chat][csqa] sample 91/100 start id=d3b145911a76fd6fbe9a23ab027be024
[few_shot][tinyllama_1_1b_chat][csqa] sample 91/100 done id=d3b145911a76fd6fbe9a23ab027be024 prediction='E' gold='A' correct=False
[few_shot][tinyllama_1_1b_chat][csqa] sample 92/100 start id=ca60a46c9007e4b6213f50bfb5342fdd
[few_shot][tinyllama_1_1b_chat][csqa] sample 92/100 done id=ca60a46c9007e4b6213f50bfb5342fdd prediction='E' gold='B' correct=False
[few_shot][tinyllama_1_1b_chat][csqa] sample 93/100 start id=8e7941ce31996ca83cc0a68f7313c96d
[few_shot][tinyllama_1_1b_chat][csqa] sample 93/100 done id=8e7941ce31996ca83cc0a68f7313c96d prediction='A' gold='B' correct=False
[few_shot][tinyllama_1_1b_chat][csqa] sample 94/100 start id=a2aa95861ef74bf1ecfc55db505e3982
[few_shot][tinyllama_1_1b_chat][csqa] sample 94/100 done id=a2aa95861ef74bf1ecfc55db505e3982 prediction='B' gold='D' correct=False
[few_shot][tinyllama_1_1b_chat][csqa] sample 95/100 start id=5365fd00ef8cec62ee5685e246a939db
[few_shot][tinyllama_1_1b_chat][csqa] sample 95/100 done id=5365fd00ef8cec62ee5685e246a939db prediction='B' gold='E' correct=False
[few_shot][tinyllama_1_1b_chat][csqa] sample 96/100 start id=d0a42c8180b4e080aa071dd70fce7e03
[few_shot][tinyllama_1_1b_chat][csqa] sample 96/100 done id=d0a42c8180b4e080aa071dd70fce7e03 prediction='B' gold='B' correct=True
[few_shot][tinyllama_1_1b_chat][csqa] sample 97/100 start id=6544a50bf9563d52dbd2034e81df0bf3
[few_shot][tinyllama_1_1b_chat][csqa] sample 97/100 done id=6544a50bf9563d52dbd2034e81df0bf3 prediction='B' gold='D' correct=False
[few_shot][tinyllama_1_1b_chat][csqa] sample 98/100 start id=2ca05683157a3cd89d82016f13e560ec
[few_shot][tinyllama_1_1b_chat][csqa] sample 98/100 done id=2ca05683157a3cd89d82016f13e560ec prediction='Question: What is the best answer to the question "Where can you find a place to eat in an urban area close to local nightlife?"\n\nChoices:\nA. city\nB. downtown\nC. mall\nD. shopping center\nE. own house\n\nReasoning:\n1. Compare the options using commonsense knowledge, eliminate the implausible choices, and conclude that the best answer is A.\n2. The question asks for a place to eat in an urban area close to local nightlife. This means that the answer must be located in an urban area.\n3. The options A, B, C, and D are all located in urban areas. E is not an option because it is not located in an urban area.\n\nTherefore, the best answer is A.' gold='B' correct=False
[few_shot][tinyllama_1_1b_chat][csqa] sample 99/100 start id=8f2976690c83be6b8fa3a1196dfd9722
[few_shot][tinyllama_1_1b_chat][csqa] sample 99/100 done id=8f2976690c83be6b8fa3a1196dfd9722 prediction='B' gold='E' correct=False
[few_shot][tinyllama_1_1b_chat][csqa] sample 100/100 start id=549cf641318edfc0510fa7c7dbb359e1
[few_shot][tinyllama_1_1b_chat][csqa] sample 100/100 done id=549cf641318edfc0510fa7c7dbb359e1 prediction='Question: What is the best answer to the question "Where would you go to locate a choker not located in a jewelry box or boutique?" based on commonsense knowledge?\n\nAnswer: The best answer to the question "Where would you go to locate a choker not located in a jewelry box or boutique?" is A. jewelry store.\n\nReasoning: Based on commonsense knowledge, the best answer to the question is "A." The question asks where someone would go to locate a choker that is not located in a jewelry box or boutique. Therefore, the answer "jewelry store" is the best answer based on this information.' gold='C' correct=False
[formal_group] completed config=dynamic:few_shot:tinyllama_1_1b_chat:csqa

===== run started at 2026-05-20T13:27:03 =====
[formal_group] config=dynamic:few_shot:tinyllama_1_1b_chat:csqa
[formal_group] log_path=/home/xuyang_lab/cse12311031/26Spring-CS310-NLP-Project/output/log/A/lightweight_100/few_shot/tinyllama_1_1b_chat_csqa.log
[few_shot][tinyllama_1_1b_chat][csqa] loaded 100 samples from split=validation with 3 few-shot examples
[few_shot][tinyllama_1_1b_chat][csqa] sample 1/100 start id=7ea9f721ffc662918bb0c0937a487f04
[few_shot][tinyllama_1_1b_chat][csqa] sample 1/100 done id=7ea9f721ffc662918bb0c0937a487f04 prediction='A' gold='D' correct=False
[few_shot][tinyllama_1_1b_chat][csqa] sample 2/100 start id=435a728f45d32faa4b3c4553c966fd6b
[few_shot][tinyllama_1_1b_chat][csqa] sample 2/100 done id=435a728f45d32faa4b3c4553c966fd6b prediction='A' gold='B' correct=False
[few_shot][tinyllama_1_1b_chat][csqa] sample 3/100 start id=b47d912136e3304cb5e5890b6b879551
[few_shot][tinyllama_1_1b_chat][csqa] sample 3/100 done id=b47d912136e3304cb5e5890b6b879551 prediction='A' gold='D' correct=False
[few_shot][tinyllama_1_1b_chat][csqa] sample 4/100 start id=a8a8ae7792901c7179ff5538c701af1f
[few_shot][tinyllama_1_1b_chat][csqa] sample 4/100 done id=a8a8ae7792901c7179ff5538c701af1f prediction='A' gold='E' correct=False
[few_shot][tinyllama_1_1b_chat][csqa] sample 5/100 start id=2d33cde5e3987adc8fa2bca0af4dd3dd
[few_shot][tinyllama_1_1b_chat][csqa] sample 5/100 done id=2d33cde5e3987adc8fa2bca0af4dd3dd prediction='A' gold='A' correct=True
[few_shot][tinyllama_1_1b_chat][csqa] sample 6/100 start id=1a8b3c2a46efabcbd506f9cf70886ed0
[few_shot][tinyllama_1_1b_chat][csqa] sample 6/100 done id=1a8b3c2a46efabcbd506f9cf70886ed0 prediction='Question: What is the best answer for the question "Which large land mass is home to the most monkeys?"\n\nChoices:\nA. Amazon basin\nB. Friend\'s house\nC. Lift number 3\nD. Research laboratory\nE. African continent\n\nReasoning:\n1. Compare the options using commonsense knowledge, eliminate the implausible choices, and conclude that the best answer is A.\n2. The Amazon basin is home to the most monkeys, as it is the largest rainforest in the world.\n3. The research laboratory is not a land mass, as it is a scientific facility.\n4. The lift number 3 is not a land mass, as it is a lift in a building.\n5. The African continent is not a land mass, as it is a continent made up of several countries.\n6. The Amazon basin is not located in a jewelry box or a boutique, as it is a large land mass that is home to a variety of animals.\n7. The Amazon basin is not located in a neck, as it is a large land mass that is home to a variety of animals' gold='E' correct=False
[few_shot][tinyllama_1_1b_chat][csqa] sample 7/100 start id=1531f1523f5fd24bbdb42c311dbf90e8
[few_shot][tinyllama_1_1b_chat][csqa] sample 7/100 done id=1531f1523f5fd24bbdb42c311dbf90e8 prediction='D' gold='E' correct=False
[few_shot][tinyllama_1_1b_chat][csqa] sample 8/100 start id=ef22ef7aeec70aaa688720f805c1cf38
[few_shot][tinyllama_1_1b_chat][csqa] sample 8/100 done id=ef22ef7aeec70aaa688720f805c1cf38 prediction='B' gold='B' correct=True
[few_shot][tinyllama_1_1b_chat][csqa] sample 9/100 start id=4da33e6f4b789776acb1bc10195baa83
[few_shot][tinyllama_1_1b_chat][csqa] sample 9/100 done id=4da33e6f4b789776acb1bc10195baa83 prediction='B' gold='B' correct=True
[few_shot][tinyllama_1_1b_chat][csqa] sample 10/100 start id=1ab746bcd100ccf513055fe93c61010b
[few_shot][tinyllama_1_1b_chat][csqa] sample 10/100 done id=1ab746bcd100ccf513055fe93c61010b prediction='B' gold='B' correct=True
[few_shot][tinyllama_1_1b_chat][csqa] sample 11/100 start id=e476e2c8c278eaecfe1a8b884b6aeb8e
[few_shot][tinyllama_1_1b_chat][csqa] sample 11/100 done id=e476e2c8c278eaecfe1a8b884b6aeb8e prediction='Question: What is the best answer to the question "What is the best answer to the question \'What is the best answer to the question \'What is the best answer to the question \'What is the best answer to the question \'What is the best answer to the question \'What is the best answer to the question \'What is the best answer to the question \'What is the best answer to the question \'What is the best answer to the question \'What is the best answer to the question \'What is the best answer to the question \'What is the best answer to the question \'What is the best answer to the question \'What is the best answer to the question \'What is the best answer to the question \'What is the best answer to the question \'What is the best answer to the question \'What is the best answer to the question \'What is the best answer to the question \'What is the best answer to the question \'What is the best answer to the question \'What is the best answer to the question \'What is the best answer to the question \'What is the best answer to the question \'What is the best answer to the question \'What is the best answer to the question \'What is the best answer to the question \'What is' gold='B' correct=False
[few_shot][tinyllama_1_1b_chat][csqa] sample 12/100 start id=6c36226b23377a0dd0188bf56840e22a
[few_shot][tinyllama_1_1b_chat][csqa] sample 12/100 done id=6c36226b23377a0dd0188bf56840e22a prediction='C' gold='C' correct=True
[few_shot][tinyllama_1_1b_chat][csqa] sample 13/100 start id=3e2222c99e11fca2ad4af2d470eb8ea2_1
[few_shot][tinyllama_1_1b_chat][csqa] sample 13/100 done id=3e2222c99e11fca2ad4af2d470eb8ea2_1 prediction='B' gold='D' correct=False
[few_shot][tinyllama_1_1b_chat][csqa] sample 14/100 start id=fa031cff8e11e75c68d6a99ef0e5ca3a
[few_shot][tinyllama_1_1b_chat][csqa] sample 14/100 done id=fa031cff8e11e75c68d6a99ef0e5ca3a prediction='A' gold='B' correct=False
[few_shot][tinyllama_1_1b_chat][csqa] sample 15/100 start id=76b6f0765a3b2fba71021f902142edc0
[few_shot][tinyllama_1_1b_chat][csqa] sample 15/100 done id=76b6f0765a3b2fba71021f902142edc0 prediction='C' gold='C' correct=True
[few_shot][tinyllama_1_1b_chat][csqa] sample 16/100 start id=ae56eff01d05422ddbcb26be7181356a
[few_shot][tinyllama_1_1b_chat][csqa] sample 16/100 done id=ae56eff01d05422ddbcb26be7181356a prediction='A' gold='B' correct=False
[few_shot][tinyllama_1_1b_chat][csqa] sample 17/100 start id=d107d67d525a686fbd8282314d2ea33c
[few_shot][tinyllama_1_1b_chat][csqa] sample 17/100 done id=d107d67d525a686fbd8282314d2ea33c prediction='A' gold='A' correct=True
[few_shot][tinyllama_1_1b_chat][csqa] sample 18/100 start id=e69da59cbcf2a302e4523571eba8186b
[few_shot][tinyllama_1_1b_chat][csqa] sample 18/100 done id=e69da59cbcf2a302e4523571eba8186b prediction='B' gold='E' correct=False
[few_shot][tinyllama_1_1b_chat][csqa] sample 19/100 start id=ec5a336080e37fbe95d72ad5f9c65ba7
[few_shot][tinyllama_1_1b_chat][csqa] sample 19/100 done id=ec5a336080e37fbe95d72ad5f9c65ba7 prediction='A' gold='C' correct=False
[few_shot][tinyllama_1_1b_chat][csqa] sample 20/100 start id=056b33c7050c167b0d4348d40d169358
[few_shot][tinyllama_1_1b_chat][csqa] sample 20/100 done id=056b33c7050c167b0d4348d40d169358 prediction='A' gold='B' correct=False
[few_shot][tinyllama_1_1b_chat][csqa] sample 21/100 start id=60e8f1a86d4063895f340cd1e3c55f50
[few_shot][tinyllama_1_1b_chat][csqa] sample 21/100 done id=60e8f1a86d4063895f340cd1e3c55f50 prediction='Question: What is likely to happen to someone who is learning?\n\nChoices:\nA. overconfidence\nB. effectiveness\nC. knowing more\nD. head grows larger\nE. growth\n\nReasoning:\n1. Overconfidence: Overconfidence is a common mistake that people make when learning new things. It is a belief that one knows more than they actually do, which can lead to a lack of self-doubt and a lack of motivation to learn.\n\n2. Effectiveness: Effectiveness refers to the ability to apply new knowledge to solve problems or achieve goals. Overconfidence can lead to a lack of focus and a tendency to assume that one has already mastered a skill or concept.\n\n3. Knowing more: Knowing more is a positive outcome of learning. It means that one has gained new knowledge and skills that can be applied to their current situation.\n\n4. Head grows larger: The head grows larger when one learns new things. This is because the brain is constantly growing and developing, and learning new things can help to stimulate the brain and improve cognitive function.\n\n5. Growth: Growth is the process of' gold='C' correct=False
[few_shot][tinyllama_1_1b_chat][csqa] sample 22/100 start id=03ee30b5801b61aee791a551a9d9a49f
[few_shot][tinyllama_1_1b_chat][csqa] sample 22/100 done id=03ee30b5801b61aee791a551a9d9a49f prediction='B' gold='A' correct=False
[few_shot][tinyllama_1_1b_chat][csqa] sample 23/100 start id=0542414710025f56b0c26e1bae5c4d06
[few_shot][tinyllama_1_1b_chat][csqa] sample 23/100 done id=0542414710025f56b0c26e1bae5c4d06 prediction='Question: What is the best answer for the question "What is the best way to avoid leafy greens for a person who avoids them?" using commonsense knowledge?\n\nAnswer: The best answer for the question "What is the best way to avoid leafy greens for a person who avoids them?" is to avoid leafy greens.' gold='A' correct=False
[few_shot][tinyllama_1_1b_chat][csqa] sample 24/100 start id=026cb9c07a583ec933f2c4c67ae73836
[few_shot][tinyllama_1_1b_chat][csqa] sample 24/100 done id=026cb9c07a583ec933f2c4c67ae73836 prediction='A' gold='B' correct=False
[few_shot][tinyllama_1_1b_chat][csqa] sample 25/100 start id=93b52e7ea1acf10db891e9355e234123
[few_shot][tinyllama_1_1b_chat][csqa] sample 25/100 done id=93b52e7ea1acf10db891e9355e234123 prediction='E' gold='A' correct=False
[few_shot][tinyllama_1_1b_chat][csqa] sample 26/100 start id=1d44fb5f4b7f1e23ff6c1c083db81ba1
[few_shot][tinyllama_1_1b_chat][csqa] sample 26/100 done id=1d44fb5f4b7f1e23ff6c1c083db81ba1 prediction='A' gold='E' correct=False
[few_shot][tinyllama_1_1b_chat][csqa] sample 27/100 start id=5215e26c99b2a9b376fb1c70096a388a
[few_shot][tinyllama_1_1b_chat][csqa] sample 27/100 done id=5215e26c99b2a9b376fb1c70096a388a prediction='B' gold='B' correct=True
[few_shot][tinyllama_1_1b_chat][csqa] sample 28/100 start id=b4130d1790948134f3aeab9d3d79c181
[few_shot][tinyllama_1_1b_chat][csqa] sample 28/100 done id=b4130d1790948134f3aeab9d3d79c181 prediction='A' gold='A' correct=True
[few_shot][tinyllama_1_1b_chat][csqa] sample 29/100 start id=651785ed4f7b0bd2e7ca9f70a42acea5
[few_shot][tinyllama_1_1b_chat][csqa] sample 29/100 done id=651785ed4f7b0bd2e7ca9f70a42acea5 prediction='A' gold='A' correct=True
[few_shot][tinyllama_1_1b_chat][csqa] sample 30/100 start id=ee46995407eb6357bb5410d49d378629
[few_shot][tinyllama_1_1b_chat][csqa] sample 30/100 done id=ee46995407eb6357bb5410d49d378629 prediction='B' gold='A' correct=False
[few_shot][tinyllama_1_1b_chat][csqa] sample 31/100 start id=adbddc80b10bf25f09c6c2bee4e3c59b
[few_shot][tinyllama_1_1b_chat][csqa] sample 31/100 done id=adbddc80b10bf25f09c6c2bee4e3c59b prediction='A' gold='E' correct=False
[few_shot][tinyllama_1_1b_chat][csqa] sample 32/100 start id=5a50ea4bb2d13dc4f620ebd45025d445
[few_shot][tinyllama_1_1b_chat][csqa] sample 32/100 done id=5a50ea4bb2d13dc4f620ebd45025d445 prediction='B' gold='E' correct=False
[few_shot][tinyllama_1_1b_chat][csqa] sample 33/100 start id=48205cc84aab5e455b22e17c3cc7277d
[few_shot][tinyllama_1_1b_chat][csqa] sample 33/100 done id=48205cc84aab5e455b22e17c3cc7277d prediction='A' gold='B' correct=False
[few_shot][tinyllama_1_1b_chat][csqa] sample 34/100 start id=b9e04a53c0ee7325b901de4d12d56884
[few_shot][tinyllama_1_1b_chat][csqa] sample 34/100 done id=b9e04a53c0ee7325b901de4d12d56884 prediction='A' gold='C' correct=False
[few_shot][tinyllama_1_1b_chat][csqa] sample 35/100 start id=64d2310eff6b661baeb41b4ccc392e35
[few_shot][tinyllama_1_1b_chat][csqa] sample 35/100 done id=64d2310eff6b661baeb41b4ccc392e35 prediction='A' gold='D' correct=False
[few_shot][tinyllama_1_1b_chat][csqa] sample 36/100 start id=6c70d98cfb8e97fda8caefcee761a229
[few_shot][tinyllama_1_1b_chat][csqa] sample 36/100 done id=6c70d98cfb8e97fda8caefcee761a229 prediction='B' gold='D' correct=False
[few_shot][tinyllama_1_1b_chat][csqa] sample 37/100 start id=a7d51b753c2113d8b2dbd0ebb5375855_1
[few_shot][tinyllama_1_1b_chat][csqa] sample 37/100 done id=a7d51b753c2113d8b2dbd0ebb5375855_1 prediction='A' gold='D' correct=False
[few_shot][tinyllama_1_1b_chat][csqa] sample 38/100 start id=f13efb91090dd28fd2b3c1f4dde680fd
[few_shot][tinyllama_1_1b_chat][csqa] sample 38/100 done id=f13efb91090dd28fd2b3c1f4dde680fd prediction='B' gold='A' correct=False
[few_shot][tinyllama_1_1b_chat][csqa] sample 39/100 start id=fb64149cf01c5b496d986f56852273e9
[few_shot][tinyllama_1_1b_chat][csqa] sample 39/100 done id=fb64149cf01c5b496d986f56852273e9 prediction='A' gold='D' correct=False
[few_shot][tinyllama_1_1b_chat][csqa] sample 40/100 start id=22fc45d9e6d0baea4a5b0526504225b8
[few_shot][tinyllama_1_1b_chat][csqa] sample 40/100 done id=22fc45d9e6d0baea4a5b0526504225b8 prediction='A' gold='B' correct=False
[few_shot][tinyllama_1_1b_chat][csqa] sample 41/100 start id=7d70208061ae3185bcfc9e912ee9e141
[few_shot][tinyllama_1_1b_chat][csqa] sample 41/100 done id=7d70208061ae3185bcfc9e912ee9e141 prediction='A' gold='A' correct=True
[few_shot][tinyllama_1_1b_chat][csqa] sample 42/100 start id=055817d8d703d3c2802545e3fccdcde3
[few_shot][tinyllama_1_1b_chat][csqa] sample 42/100 done id=055817d8d703d3c2802545e3fccdcde3 prediction='C' gold='B' correct=False
[few_shot][tinyllama_1_1b_chat][csqa] sample 43/100 start id=3a3b5d4a517ef70d25eb558f1a622937
[few_shot][tinyllama_1_1b_chat][csqa] sample 43/100 done id=3a3b5d4a517ef70d25eb558f1a622937 prediction='Question: What is the best answer to the question "What is the best way to cook a chicken breast, according to the given text?"\n\nChoices:\nA. Bake\nB. Grill\nC. Sauté\nD. Roast\nE. Pan-fry\n\nReasoning:\nThe given text suggests that the best way to cook a chicken breast is to bake it. Therefore, the best answer is "Bake."' gold='E' correct=False
[few_shot][tinyllama_1_1b_chat][csqa] sample 44/100 start id=d1ad9b79f54205b6b9ac19a27f9c2be5
[few_shot][tinyllama_1_1b_chat][csqa] sample 44/100 done id=d1ad9b79f54205b6b9ac19a27f9c2be5 prediction='B' gold='E' correct=False
[few_shot][tinyllama_1_1b_chat][csqa] sample 45/100 start id=48abc2c113623fd72f758502529f93a5
[few_shot][tinyllama_1_1b_chat][csqa] sample 45/100 done id=48abc2c113623fd72f758502529f93a5 prediction='Question: What is the best answer to the question "To locate a choker not located in a jewelry box or boutique, where would you go?"\n\nChoices:\nA. jewelry store\nB. neck\nC. jewlery box\nD. jewelry box\nE. boutique\n\nReasoning:\n\n1. Compare the options using commonsense knowledge:\n- The jewelry store is located in a shopping mall, which is a popular place for people to go.\n- The neck is a common part of a necklace, which is often worn as a necklace.\n- The jewelry box is a small, closed container that is often used to store jewelry.\n- The jewelry box is not located in a boutique, which is a store that specializes in luxury and high-end jewelry.\n- The boutique is not located in a shopping mall, which is a large, open-air shopping center.\n\nTherefore, the best answer is A.\n\nConclusion:\nBased on the given material, the best answer to' gold='C' correct=False
[few_shot][tinyllama_1_1b_chat][csqa] sample 46/100 start id=463521a93ae71e93bea8b97cdf7a6792
[few_shot][tinyllama_1_1b_chat][csqa] sample 46/100 done id=463521a93ae71e93bea8b97cdf7a6792 prediction='B' gold='D' correct=False
[few_shot][tinyllama_1_1b_chat][csqa] sample 47/100 start id=f8a2cbc7189b92a809ce9cd857030621
[few_shot][tinyllama_1_1b_chat][csqa] sample 47/100 done id=f8a2cbc7189b92a809ce9cd857030621 prediction='B' gold='B' correct=True
[few_shot][tinyllama_1_1b_chat][csqa] sample 48/100 start id=fce1c5d069758aea57a787fc98dcf7a9
[few_shot][tinyllama_1_1b_chat][csqa] sample 48/100 done id=fce1c5d069758aea57a787fc98dcf7a9 prediction='A' gold='E' correct=False
[few_shot][tinyllama_1_1b_chat][csqa] sample 49/100 start id=c0d75f9fbf30aa3a612f16edb20d6b8d
[few_shot][tinyllama_1_1b_chat][csqa] sample 49/100 done id=c0d75f9fbf30aa3a612f16edb20d6b8d prediction='B' gold='B' correct=True
[few_shot][tinyllama_1_1b_chat][csqa] sample 50/100 start id=7bb87c6d8eab57d4e983f60025b1f0dc
[few_shot][tinyllama_1_1b_chat][csqa] sample 50/100 done id=7bb87c6d8eab57d4e983f60025b1f0dc prediction='A' gold='D' correct=False
[few_shot][tinyllama_1_1b_chat][csqa] sample 51/100 start id=083861fc5ebb9226fff70544f3f83d2b
[few_shot][tinyllama_1_1b_chat][csqa] sample 51/100 done id=083861fc5ebb9226fff70544f3f83d2b prediction='B' gold='A' correct=False
[few_shot][tinyllama_1_1b_chat][csqa] sample 52/100 start id=c3b7f4196b12714940ac1b9417194df4
[few_shot][tinyllama_1_1b_chat][csqa] sample 52/100 done id=c3b7f4196b12714940ac1b9417194df4 prediction='A' gold='D' correct=False
[few_shot][tinyllama_1_1b_chat][csqa] sample 53/100 start id=bee2a6eadfaf7a4fa0a214e341ddbe5b
[few_shot][tinyllama_1_1b_chat][csqa] sample 53/100 done id=bee2a6eadfaf7a4fa0a214e341ddbe5b prediction='A' gold='A' correct=True
[few_shot][tinyllama_1_1b_chat][csqa] sample 54/100 start id=839f3c37622c1ed5eebc9cd0b9d658e8
[few_shot][tinyllama_1_1b_chat][csqa] sample 54/100 done id=839f3c37622c1ed5eebc9cd0b9d658e8 prediction='A' gold='D' correct=False
[few_shot][tinyllama_1_1b_chat][csqa] sample 55/100 start id=9b62cd7f89716f393239e6c6ff3e11d5
[few_shot][tinyllama_1_1b_chat][csqa] sample 55/100 done id=9b62cd7f89716f393239e6c6ff3e11d5 prediction='B' gold='A' correct=False
[few_shot][tinyllama_1_1b_chat][csqa] sample 56/100 start id=96cb628fb7ed2f53245598f707ed2b80
[few_shot][tinyllama_1_1b_chat][csqa] sample 56/100 done id=96cb628fb7ed2f53245598f707ed2b80 prediction='B' gold='B' correct=True
[few_shot][tinyllama_1_1b_chat][csqa] sample 57/100 start id=536c9af0fae0aa75b32874dfcac66353
[few_shot][tinyllama_1_1b_chat][csqa] sample 57/100 done id=536c9af0fae0aa75b32874dfcac66353 prediction='A' gold='A' correct=True
[few_shot][tinyllama_1_1b_chat][csqa] sample 58/100 start id=1510f5183095466e4fe41b82501a9dd0
[few_shot][tinyllama_1_1b_chat][csqa] sample 58/100 done id=1510f5183095466e4fe41b82501a9dd0 prediction='A' gold='C' correct=False
[few_shot][tinyllama_1_1b_chat][csqa] sample 59/100 start id=f48528156632b9c5b18af9ce2095509b
[few_shot][tinyllama_1_1b_chat][csqa] sample 59/100 done id=f48528156632b9c5b18af9ce2095509b prediction='A' gold='C' correct=False
[few_shot][tinyllama_1_1b_chat][csqa] sample 60/100 start id=f912bcd7479b76db9b1c57a612b90f00
[few_shot][tinyllama_1_1b_chat][csqa] sample 60/100 done id=f912bcd7479b76db9b1c57a612b90f00 prediction='B' gold='B' correct=True
[few_shot][tinyllama_1_1b_chat][csqa] sample 61/100 start id=92869fc0be5dc45f407700692ffd80a0
[few_shot][tinyllama_1_1b_chat][csqa] sample 61/100 done id=92869fc0be5dc45f407700692ffd80a0 prediction='A' gold='E' correct=False
[few_shot][tinyllama_1_1b_chat][csqa] sample 62/100 start id=2a58e81a9c4ce095d099e0d785fc2da4
[few_shot][tinyllama_1_1b_chat][csqa] sample 62/100 done id=2a58e81a9c4ce095d099e0d785fc2da4 prediction='B' gold='E' correct=False
[few_shot][tinyllama_1_1b_chat][csqa] sample 63/100 start id=cc1a547bdfdcc95e4d632453af14bc96
[few_shot][tinyllama_1_1b_chat][csqa] sample 63/100 done id=cc1a547bdfdcc95e4d632453af14bc96 prediction='D' gold='C' correct=False
[few_shot][tinyllama_1_1b_chat][csqa] sample 64/100 start id=ef3d5d35128678937c36438466e0fc93
[few_shot][tinyllama_1_1b_chat][csqa] sample 64/100 done id=ef3d5d35128678937c36438466e0fc93 prediction='B' gold='E' correct=False
[few_shot][tinyllama_1_1b_chat][csqa] sample 65/100 start id=0f0e339412f719a019bf373e6daf2530
[few_shot][tinyllama_1_1b_chat][csqa] sample 65/100 done id=0f0e339412f719a019bf373e6daf2530 prediction='A' gold='A' correct=True
[few_shot][tinyllama_1_1b_chat][csqa] sample 66/100 start id=489a082aab43dd1a53f3f1f89c2365ed
[few_shot][tinyllama_1_1b_chat][csqa] sample 66/100 done id=489a082aab43dd1a53f3f1f89c2365ed prediction='E' gold='A' correct=False
[few_shot][tinyllama_1_1b_chat][csqa] sample 67/100 start id=f8a9208665a4f2d64986940456b4b964
[few_shot][tinyllama_1_1b_chat][csqa] sample 67/100 done id=f8a9208665a4f2d64986940456b4b964 prediction='B' gold='D' correct=False
[few_shot][tinyllama_1_1b_chat][csqa] sample 68/100 start id=167d2cfa04bfaea0e0b5bac3598d5769
[few_shot][tinyllama_1_1b_chat][csqa] sample 68/100 done id=167d2cfa04bfaea0e0b5bac3598d5769 prediction='A' gold='D' correct=False
[few_shot][tinyllama_1_1b_chat][csqa] sample 69/100 start id=a585df0818180ce3c06f963a4c3c810a
[few_shot][tinyllama_1_1b_chat][csqa] sample 69/100 done id=a585df0818180ce3c06f963a4c3c810a prediction='B' gold='A' correct=False
[few_shot][tinyllama_1_1b_chat][csqa] sample 70/100 start id=c7cb327fa4c0008efaa7741081a365d4
[few_shot][tinyllama_1_1b_chat][csqa] sample 70/100 done id=c7cb327fa4c0008efaa7741081a365d4 prediction='A' gold='E' correct=False
[few_shot][tinyllama_1_1b_chat][csqa] sample 71/100 start id=c54ddc0f9d170ba65d9f4f2e0bb41d1c
[few_shot][tinyllama_1_1b_chat][csqa] sample 71/100 done id=c54ddc0f9d170ba65d9f4f2e0bb41d1c prediction='B' gold='A' correct=False
[few_shot][tinyllama_1_1b_chat][csqa] sample 72/100 start id=d35112a99ab3983fb51c3adae80bc2da
[few_shot][tinyllama_1_1b_chat][csqa] sample 72/100 done id=d35112a99ab3983fb51c3adae80bc2da prediction='B' gold='D' correct=False
[few_shot][tinyllama_1_1b_chat][csqa] sample 73/100 start id=a00276c6db928900772c0320aeff77c0
[few_shot][tinyllama_1_1b_chat][csqa] sample 73/100 done id=a00276c6db928900772c0320aeff77c0 prediction='A' gold='B' correct=False
[few_shot][tinyllama_1_1b_chat][csqa] sample 74/100 start id=60e7338e9e6bfc746a15a161eb12706c
[few_shot][tinyllama_1_1b_chat][csqa] sample 74/100 done id=60e7338e9e6bfc746a15a161eb12706c prediction='A' gold='E' correct=False
[few_shot][tinyllama_1_1b_chat][csqa] sample 75/100 start id=004607228ad49b69eac932c1005d6106
[few_shot][tinyllama_1_1b_chat][csqa] sample 75/100 done id=004607228ad49b69eac932c1005d6106 prediction='C' gold='C' correct=True
[few_shot][tinyllama_1_1b_chat][csqa] sample 76/100 start id=0c1efb38e023ee9725486fbec4f2d797
[few_shot][tinyllama_1_1b_chat][csqa] sample 76/100 done id=0c1efb38e023ee9725486fbec4f2d797 prediction='B' gold='D' correct=False
[few_shot][tinyllama_1_1b_chat][csqa] sample 77/100 start id=b7ab4a5e0c19a98f41cd1ba3176f2dff
[few_shot][tinyllama_1_1b_chat][csqa] sample 77/100 done id=b7ab4a5e0c19a98f41cd1ba3176f2dff prediction='B' gold='C' correct=False
[few_shot][tinyllama_1_1b_chat][csqa] sample 78/100 start id=230cc491829307e8edb5423c8d09f945
[few_shot][tinyllama_1_1b_chat][csqa] sample 78/100 done id=230cc491829307e8edb5423c8d09f945 prediction='A' gold='C' correct=False
[few_shot][tinyllama_1_1b_chat][csqa] sample 79/100 start id=e43c4eaa04243ddee30f29171718eb92
[few_shot][tinyllama_1_1b_chat][csqa] sample 79/100 done id=e43c4eaa04243ddee30f29171718eb92 prediction='B' gold='A' correct=False
[few_shot][tinyllama_1_1b_chat][csqa] sample 80/100 start id=7a58e7e7bf76658751e850f790922aba
[few_shot][tinyllama_1_1b_chat][csqa] sample 80/100 done id=7a58e7e7bf76658751e850f790922aba prediction='A' gold='E' correct=False
[few_shot][tinyllama_1_1b_chat][csqa] sample 81/100 start id=13fc28f53423a9b3a656c9431df1b3b5
[few_shot][tinyllama_1_1b_chat][csqa] sample 81/100 done id=13fc28f53423a9b3a656c9431df1b3b5 prediction='A' gold='E' correct=False
[few_shot][tinyllama_1_1b_chat][csqa] sample 82/100 start id=3f4b48708d08f8bf7bec796531023f9c
[few_shot][tinyllama_1_1b_chat][csqa] sample 82/100 done id=3f4b48708d08f8bf7bec796531023f9c prediction='B' gold='A' correct=False
[few_shot][tinyllama_1_1b_chat][csqa] sample 83/100 start id=8233ccb60dd0c0ff3b7ca5d73e5681f2
[few_shot][tinyllama_1_1b_chat][csqa] sample 83/100 done id=8233ccb60dd0c0ff3b7ca5d73e5681f2 prediction='A' gold='B' correct=False
[few_shot][tinyllama_1_1b_chat][csqa] sample 84/100 start id=1db19a32a3edbff9981976dc9ec800ce
[few_shot][tinyllama_1_1b_chat][csqa] sample 84/100 done id=1db19a32a3edbff9981976dc9ec800ce prediction='A' gold='A' correct=True
[few_shot][tinyllama_1_1b_chat][csqa] sample 85/100 start id=f7a6d0d816d14210f3af5dabe21bf804
[few_shot][tinyllama_1_1b_chat][csqa] sample 85/100 done id=f7a6d0d816d14210f3af5dabe21bf804 prediction='A' gold='A' correct=True
[few_shot][tinyllama_1_1b_chat][csqa] sample 86/100 start id=e40fd2c17fe2cde4bd4af540d35fd518
[few_shot][tinyllama_1_1b_chat][csqa] sample 86/100 done id=e40fd2c17fe2cde4bd4af540d35fd518 prediction='A' gold='E' correct=False
[few_shot][tinyllama_1_1b_chat][csqa] sample 87/100 start id=3095078e4771053d9d5fa8d4f5f3dc38
[few_shot][tinyllama_1_1b_chat][csqa] sample 87/100 done id=3095078e4771053d9d5fa8d4f5f3dc38 prediction='A' gold='C' correct=False
[few_shot][tinyllama_1_1b_chat][csqa] sample 88/100 start id=ac6378b5e8462dc1bde1155d706213d8
[few_shot][tinyllama_1_1b_chat][csqa] sample 88/100 done id=ac6378b5e8462dc1bde1155d706213d8 prediction='A' gold='C' correct=False
[few_shot][tinyllama_1_1b_chat][csqa] sample 89/100 start id=3cb91a71a6567da870eedf37becc97ef
[few_shot][tinyllama_1_1b_chat][csqa] sample 89/100 done id=3cb91a71a6567da870eedf37becc97ef prediction='A' gold='A' correct=True
[few_shot][tinyllama_1_1b_chat][csqa] sample 90/100 start id=f61d83f90b92a8d537989e55ee70542d
[few_shot][tinyllama_1_1b_chat][csqa] sample 90/100 done id=f61d83f90b92a8d537989e55ee70542d prediction='B' gold='D' correct=False
[few_shot][tinyllama_1_1b_chat][csqa] sample 91/100 start id=d3b145911a76fd6fbe9a23ab027be024
[few_shot][tinyllama_1_1b_chat][csqa] sample 91/100 done id=d3b145911a76fd6fbe9a23ab027be024 prediction='A' gold='A' correct=True
[few_shot][tinyllama_1_1b_chat][csqa] sample 92/100 start id=ca60a46c9007e4b6213f50bfb5342fdd
[few_shot][tinyllama_1_1b_chat][csqa] sample 92/100 done id=ca60a46c9007e4b6213f50bfb5342fdd prediction='A' gold='B' correct=False
[few_shot][tinyllama_1_1b_chat][csqa] sample 93/100 start id=8e7941ce31996ca83cc0a68f7313c96d
[few_shot][tinyllama_1_1b_chat][csqa] sample 93/100 done id=8e7941ce31996ca83cc0a68f7313c96d prediction='A' gold='B' correct=False
[few_shot][tinyllama_1_1b_chat][csqa] sample 94/100 start id=a2aa95861ef74bf1ecfc55db505e3982
[few_shot][tinyllama_1_1b_chat][csqa] sample 94/100 done id=a2aa95861ef74bf1ecfc55db505e3982 prediction='B' gold='D' correct=False
[few_shot][tinyllama_1_1b_chat][csqa] sample 95/100 start id=5365fd00ef8cec62ee5685e246a939db
[few_shot][tinyllama_1_1b_chat][csqa] sample 95/100 done id=5365fd00ef8cec62ee5685e246a939db prediction='B' gold='E' correct=False
[few_shot][tinyllama_1_1b_chat][csqa] sample 96/100 start id=d0a42c8180b4e080aa071dd70fce7e03
[few_shot][tinyllama_1_1b_chat][csqa] sample 96/100 done id=d0a42c8180b4e080aa071dd70fce7e03 prediction='B' gold='B' correct=True
[few_shot][tinyllama_1_1b_chat][csqa] sample 97/100 start id=6544a50bf9563d52dbd2034e81df0bf3
[few_shot][tinyllama_1_1b_chat][csqa] sample 97/100 done id=6544a50bf9563d52dbd2034e81df0bf3 prediction='B' gold='D' correct=False
[few_shot][tinyllama_1_1b_chat][csqa] sample 98/100 start id=2ca05683157a3cd89d82016f13e560ec
[few_shot][tinyllama_1_1b_chat][csqa] sample 98/100 done id=2ca05683157a3cd89d82016f13e560ec prediction='A' gold='B' correct=False
[few_shot][tinyllama_1_1b_chat][csqa] sample 99/100 start id=8f2976690c83be6b8fa3a1196dfd9722
[few_shot][tinyllama_1_1b_chat][csqa] sample 99/100 done id=8f2976690c83be6b8fa3a1196dfd9722 prediction='B' gold='E' correct=False
[few_shot][tinyllama_1_1b_chat][csqa] sample 100/100 start id=549cf641318edfc0510fa7c7dbb359e1
[few_shot][tinyllama_1_1b_chat][csqa] sample 100/100 done id=549cf641318edfc0510fa7c7dbb359e1 prediction='A' gold='C' correct=False
[formal_group] completed config=dynamic:few_shot:tinyllama_1_1b_chat:csqa
