Loading weights:   0%|          | 0/355 [00:00<?, ?it/s]Loading weights:  29%|██▉       | 104/355 [00:00<00:00, 884.06it/s]Loading weights:  55%|█████▍    | 195/355 [00:00<00:00, 867.87it/s]Loading weights:  79%|███████▉  | 282/355 [00:00<00:00, 792.10it/s]Loading weights: 100%|██████████| 355/355 [00:00<00:00, 831.81it/s]
[formal_group] loaded shared runner for model=olmo3_7b_instruct configs=3 split=test
[formal_group] skip existing config=configs/runs/formal/zero_shot_olmo3_7b_instruct_gsm8k.yaml jsonl=/home/xuyang_lab/cse12311031/26Spring-CS310-NLP-Project/output/raw/A/sampled_200/zero_shot/olmo3_7b_instruct_gsm8k.jsonl csv=/home/xuyang_lab/cse12311031/26Spring-CS310-NLP-Project/output/raw/A/sampled_200/zero_shot/olmo3_7b_instruct_gsm8k.csv
[formal_group] config=configs/runs/formal/zero_shot_olmo3_7b_instruct_csqa.yaml
[formal_group] log_path=/home/xuyang_lab/cse12311031/26Spring-CS310-NLP-Project/output/log/A/sampled_200/zero_shot/olmo3_7b_instruct_csqa.log
[zero_shot][olmo3_7b_instruct][csqa] loaded 200 samples from split=validation
[zero_shot][olmo3_7b_instruct][csqa] sample 1/200 start id=a7ab086045575bb497933726e4e6ad28
[zero_shot][olmo3_7b_instruct][csqa] sample 1/200 done id=a7ab086045575bb497933726e4e6ad28 prediction='A' gold='A' correct=True
[zero_shot][olmo3_7b_instruct][csqa] sample 2/200 start id=118a9093a30695622363455e4d911866
[zero_shot][olmo3_7b_instruct][csqa] sample 2/200 done id=118a9093a30695622363455e4d911866 prediction='B' gold='B' correct=True
[zero_shot][olmo3_7b_instruct][csqa] sample 3/200 start id=7ea9f721ffc662918bb0c0937a487f04
[zero_shot][olmo3_7b_instruct][csqa] sample 3/200 done id=7ea9f721ffc662918bb0c0937a487f04 prediction='E' gold='D' correct=False
[zero_shot][olmo3_7b_instruct][csqa] sample 4/200 start id=fc1d33a2301a30214523c12573f81aba
[zero_shot][olmo3_7b_instruct][csqa] sample 4/200 done id=fc1d33a2301a30214523c12573f81aba prediction='C' gold='C' correct=True
[zero_shot][olmo3_7b_instruct][csqa] sample 5/200 start id=b8b287b6277fccd4b7c9c72577177328
[zero_shot][olmo3_7b_instruct][csqa] sample 5/200 done id=b8b287b6277fccd4b7c9c72577177328 prediction='D' gold='D' correct=True
[zero_shot][olmo3_7b_instruct][csqa] sample 6/200 start id=113aaea2b1a27a976547f54e531d99bb
[zero_shot][olmo3_7b_instruct][csqa] sample 6/200 done id=113aaea2b1a27a976547f54e531d99bb prediction='B' gold='B' correct=True
[zero_shot][olmo3_7b_instruct][csqa] sample 7/200 start id=e6586bba9fe96d38792e6e6d4f2703dc
[zero_shot][olmo3_7b_instruct][csqa] sample 7/200 done id=e6586bba9fe96d38792e6e6d4f2703dc prediction='E' gold='E' correct=True
[zero_shot][olmo3_7b_instruct][csqa] sample 8/200 start id=435a728f45d32faa4b3c4553c966fd6b
[zero_shot][olmo3_7b_instruct][csqa] sample 8/200 done id=435a728f45d32faa4b3c4553c966fd6b prediction='B' gold='B' correct=True
[zero_shot][olmo3_7b_instruct][csqa] sample 9/200 start id=b47d912136e3304cb5e5890b6b879551
[zero_shot][olmo3_7b_instruct][csqa] sample 9/200 done id=b47d912136e3304cb5e5890b6b879551 prediction='D' gold='D' correct=True
[zero_shot][olmo3_7b_instruct][csqa] sample 10/200 start id=a8a8ae7792901c7179ff5538c701af1f
[zero_shot][olmo3_7b_instruct][csqa] sample 10/200 done id=a8a8ae7792901c7179ff5538c701af1f prediction='E' gold='E' correct=True
[zero_shot][olmo3_7b_instruct][csqa] sample 11/200 start id=ec79ef747bb89281923edb89ba26786d
[zero_shot][olmo3_7b_instruct][csqa] sample 11/200 done id=ec79ef747bb89281923edb89ba26786d prediction='A' gold='A' correct=True
[zero_shot][olmo3_7b_instruct][csqa] sample 12/200 start id=2d33cde5e3987adc8fa2bca0af4dd3dd
[zero_shot][olmo3_7b_instruct][csqa] sample 12/200 done id=2d33cde5e3987adc8fa2bca0af4dd3dd prediction='A' gold='A' correct=True
[zero_shot][olmo3_7b_instruct][csqa] sample 13/200 start id=1a8b3c2a46efabcbd506f9cf70886ed0
[zero_shot][olmo3_7b_instruct][csqa] sample 13/200 done id=1a8b3c2a46efabcbd506f9cf70886ed0 prediction='E' gold='E' correct=True
[zero_shot][olmo3_7b_instruct][csqa] sample 14/200 start id=1531f1523f5fd24bbdb42c311dbf90e8
[zero_shot][olmo3_7b_instruct][csqa] sample 14/200 done id=1531f1523f5fd24bbdb42c311dbf90e8 prediction='D' gold='E' correct=False
[zero_shot][olmo3_7b_instruct][csqa] sample 15/200 start id=ef22ef7aeec70aaa688720f805c1cf38
[zero_shot][olmo3_7b_instruct][csqa] sample 15/200 done id=ef22ef7aeec70aaa688720f805c1cf38 prediction='B' gold='B' correct=True
[zero_shot][olmo3_7b_instruct][csqa] sample 16/200 start id=2c0030cc14a27be2401dcfdaa501f0fc
[zero_shot][olmo3_7b_instruct][csqa] sample 16/200 done id=2c0030cc14a27be2401dcfdaa501f0fc prediction='C' gold='C' correct=True
[zero_shot][olmo3_7b_instruct][csqa] sample 17/200 start id=4da33e6f4b789776acb1bc10195baa83
[zero_shot][olmo3_7b_instruct][csqa] sample 17/200 done id=4da33e6f4b789776acb1bc10195baa83 prediction='E' gold='B' correct=False
[zero_shot][olmo3_7b_instruct][csqa] sample 18/200 start id=3730c646fdf54472ab873aac9ff7852e
[zero_shot][olmo3_7b_instruct][csqa] sample 18/200 done id=3730c646fdf54472ab873aac9ff7852e prediction='E' gold='E' correct=True
[zero_shot][olmo3_7b_instruct][csqa] sample 19/200 start id=11d7db1d8e1cff2f40d4184f15cf7ae7
[zero_shot][olmo3_7b_instruct][csqa] sample 19/200 done id=11d7db1d8e1cff2f40d4184f15cf7ae7 prediction='B' gold='B' correct=True
[zero_shot][olmo3_7b_instruct][csqa] sample 20/200 start id=e9389b08fdd17f14b148d498d6ff4dfe
[zero_shot][olmo3_7b_instruct][csqa] sample 20/200 done id=e9389b08fdd17f14b148d498d6ff4dfe prediction='A' gold='A' correct=True
[zero_shot][olmo3_7b_instruct][csqa] sample 21/200 start id=2f0931adc3d0d422d9ab6264395e89d8
[zero_shot][olmo3_7b_instruct][csqa] sample 21/200 done id=2f0931adc3d0d422d9ab6264395e89d8 prediction='D' gold='D' correct=True
[zero_shot][olmo3_7b_instruct][csqa] sample 22/200 start id=d00d3ba777cb3889a45799d72fca0a50
[zero_shot][olmo3_7b_instruct][csqa] sample 22/200 done id=d00d3ba777cb3889a45799d72fca0a50 prediction='C' gold='C' correct=True
[zero_shot][olmo3_7b_instruct][csqa] sample 23/200 start id=1ab746bcd100ccf513055fe93c61010b
[zero_shot][olmo3_7b_instruct][csqa] sample 23/200 done id=1ab746bcd100ccf513055fe93c61010b prediction='B' gold='B' correct=True
[zero_shot][olmo3_7b_instruct][csqa] sample 24/200 start id=e89a2762d578cb7bc2cc0a5b2a16d933
[zero_shot][olmo3_7b_instruct][csqa] sample 24/200 done id=e89a2762d578cb7bc2cc0a5b2a16d933 prediction='E' gold='E' correct=True
[zero_shot][olmo3_7b_instruct][csqa] sample 25/200 start id=f21ef67b31bd36a3174b6b4c7b4bbc7b
[zero_shot][olmo3_7b_instruct][csqa] sample 25/200 done id=f21ef67b31bd36a3174b6b4c7b4bbc7b prediction='E' gold='E' correct=True
[zero_shot][olmo3_7b_instruct][csqa] sample 26/200 start id=e476e2c8c278eaecfe1a8b884b6aeb8e
[zero_shot][olmo3_7b_instruct][csqa] sample 26/200 done id=e476e2c8c278eaecfe1a8b884b6aeb8e prediction='A' gold='B' correct=False
[zero_shot][olmo3_7b_instruct][csqa] sample 27/200 start id=290fac9f881a83d8bfb34355f8e71044
[zero_shot][olmo3_7b_instruct][csqa] sample 27/200 done id=290fac9f881a83d8bfb34355f8e71044 prediction='E' gold='E' correct=True
[zero_shot][olmo3_7b_instruct][csqa] sample 28/200 start id=6c36226b23377a0dd0188bf56840e22a
[zero_shot][olmo3_7b_instruct][csqa] sample 28/200 done id=6c36226b23377a0dd0188bf56840e22a prediction='C' gold='C' correct=True
[zero_shot][olmo3_7b_instruct][csqa] sample 29/200 start id=3e2222c99e11fca2ad4af2d470eb8ea2_1
[zero_shot][olmo3_7b_instruct][csqa] sample 29/200 done id=3e2222c99e11fca2ad4af2d470eb8ea2_1 prediction='D' gold='D' correct=True
[zero_shot][olmo3_7b_instruct][csqa] sample 30/200 start id=fa031cff8e11e75c68d6a99ef0e5ca3a
[zero_shot][olmo3_7b_instruct][csqa] sample 30/200 done id=fa031cff8e11e75c68d6a99ef0e5ca3a prediction='B' gold='B' correct=True
[zero_shot][olmo3_7b_instruct][csqa] sample 31/200 start id=900492bd731f8f615ed7c08155737d44
[zero_shot][olmo3_7b_instruct][csqa] sample 31/200 done id=900492bd731f8f615ed7c08155737d44 prediction='E' gold='E' correct=True
[zero_shot][olmo3_7b_instruct][csqa] sample 32/200 start id=76b6f0765a3b2fba71021f902142edc0
[zero_shot][olmo3_7b_instruct][csqa] sample 32/200 done id=76b6f0765a3b2fba71021f902142edc0 prediction='C' gold='C' correct=True
[zero_shot][olmo3_7b_instruct][csqa] sample 33/200 start id=ae56eff01d05422ddbcb26be7181356a
[zero_shot][olmo3_7b_instruct][csqa] sample 33/200 done id=ae56eff01d05422ddbcb26be7181356a prediction='B' gold='B' correct=True
[zero_shot][olmo3_7b_instruct][csqa] sample 34/200 start id=d107d67d525a686fbd8282314d2ea33c
[zero_shot][olmo3_7b_instruct][csqa] sample 34/200 done id=d107d67d525a686fbd8282314d2ea33c prediction='A' gold='A' correct=True
[zero_shot][olmo3_7b_instruct][csqa] sample 35/200 start id=e69da59cbcf2a302e4523571eba8186b
[zero_shot][olmo3_7b_instruct][csqa] sample 35/200 done id=e69da59cbcf2a302e4523571eba8186b prediction='E' gold='E' correct=True
[zero_shot][olmo3_7b_instruct][csqa] sample 36/200 start id=b33047f46db680a9b630c13e8ca115cc
[zero_shot][olmo3_7b_instruct][csqa] sample 36/200 done id=b33047f46db680a9b630c13e8ca115cc prediction='C' gold='E' correct=False
[zero_shot][olmo3_7b_instruct][csqa] sample 37/200 start id=ec5a336080e37fbe95d72ad5f9c65ba7
[zero_shot][olmo3_7b_instruct][csqa] sample 37/200 done id=ec5a336080e37fbe95d72ad5f9c65ba7 prediction='C' gold='C' correct=True
[zero_shot][olmo3_7b_instruct][csqa] sample 38/200 start id=11c4c78d61e8212f0984fd07eb22b669
[zero_shot][olmo3_7b_instruct][csqa] sample 38/200 done id=11c4c78d61e8212f0984fd07eb22b669 prediction='B' gold='A' correct=False
[zero_shot][olmo3_7b_instruct][csqa] sample 39/200 start id=056b33c7050c167b0d4348d40d169358
[zero_shot][olmo3_7b_instruct][csqa] sample 39/200 done id=056b33c7050c167b0d4348d40d169358 prediction='B' gold='B' correct=True
[zero_shot][olmo3_7b_instruct][csqa] sample 40/200 start id=60e8f1a86d4063895f340cd1e3c55f50
[zero_shot][olmo3_7b_instruct][csqa] sample 40/200 done id=60e8f1a86d4063895f340cd1e3c55f50 prediction='E' gold='C' correct=False
[zero_shot][olmo3_7b_instruct][csqa] sample 41/200 start id=ada088b7c97de80336ad043757c2db16
[zero_shot][olmo3_7b_instruct][csqa] sample 41/200 done id=ada088b7c97de80336ad043757c2db16 prediction='A' gold='A' correct=True
[zero_shot][olmo3_7b_instruct][csqa] sample 42/200 start id=9310c39a0752f28640c3a05cba1d5ca7
[zero_shot][olmo3_7b_instruct][csqa] sample 42/200 done id=9310c39a0752f28640c3a05cba1d5ca7 prediction='E' gold='E' correct=True
[zero_shot][olmo3_7b_instruct][csqa] sample 43/200 start id=fee5f4e9d8e37f0183e36eb9b8dbcbb9
[zero_shot][olmo3_7b_instruct][csqa] sample 43/200 done id=fee5f4e9d8e37f0183e36eb9b8dbcbb9 prediction='A' gold='A' correct=True
[zero_shot][olmo3_7b_instruct][csqa] sample 44/200 start id=03ee30b5801b61aee791a551a9d9a49f
[zero_shot][olmo3_7b_instruct][csqa] sample 44/200 done id=03ee30b5801b61aee791a551a9d9a49f prediction='A' gold='A' correct=True
[zero_shot][olmo3_7b_instruct][csqa] sample 45/200 start id=6d1d483745bc0aae0f4dd04e851ceffb
[zero_shot][olmo3_7b_instruct][csqa] sample 45/200 done id=6d1d483745bc0aae0f4dd04e851ceffb prediction='A' gold='B' correct=False
[zero_shot][olmo3_7b_instruct][csqa] sample 46/200 start id=6b9221c1af583ffb43580857d6fde38a
[zero_shot][olmo3_7b_instruct][csqa] sample 46/200 done id=6b9221c1af583ffb43580857d6fde38a prediction='D' gold='B' correct=False
[zero_shot][olmo3_7b_instruct][csqa] sample 47/200 start id=c410a4626dfce4b4cfd3e5937602cd77
[zero_shot][olmo3_7b_instruct][csqa] sample 47/200 done id=c410a4626dfce4b4cfd3e5937602cd77 prediction='E' gold='A' correct=False
[zero_shot][olmo3_7b_instruct][csqa] sample 48/200 start id=0542414710025f56b0c26e1bae5c4d06
[zero_shot][olmo3_7b_instruct][csqa] sample 48/200 done id=0542414710025f56b0c26e1bae5c4d06 prediction='A' gold='A' correct=True
[zero_shot][olmo3_7b_instruct][csqa] sample 49/200 start id=83250ae2dfeb2e3886ead4cde8e1290f
[zero_shot][olmo3_7b_instruct][csqa] sample 49/200 done id=83250ae2dfeb2e3886ead4cde8e1290f prediction='C' gold='C' correct=True
[zero_shot][olmo3_7b_instruct][csqa] sample 50/200 start id=94770e75c4e2000e717b4218ddff19e8
[zero_shot][olmo3_7b_instruct][csqa] sample 50/200 done id=94770e75c4e2000e717b4218ddff19e8 prediction='The problem states that the forest experienced a cold winter. To determine where it is located based on this information, we need to consider which of the choices are plausible locations for forests that can have cold winters. \n\n- "Earth" is too broad and not a specific location.\n- "South America" is a continent, which contains many forests, but not all of South America experiences cold winters everywhere.\n- "Amazon Basin" is a specific region in South America known for its rainforests. However, the Amazon basin typically has a warm, humid climate year-round, with very little cold weather, so it is unlikely to experience a cold winter.\n- "Temperate zone" refers to regions with distinct seasons, including cold winters. Many forests are found in temperate zones (e.g., in Europe, North America).\n- "National park" is a protected area, not a location type.\n\nSince the key clue is the cold winter, the most specific and geographically accurate answer is the temperate zone, as this is a climate zone where cold winters are common and forests can thrive. While the Amazon basin is a forest region, its climate does not match the description. South America as a whole could contain temperate forests, but the question likely expects a climate or biome' gold='D' correct=False
[zero_shot][olmo3_7b_instruct][csqa] sample 51/200 start id=6efaeb796307036719635242fa5ad0f3
[zero_shot][olmo3_7b_instruct][csqa] sample 51/200 done id=6efaeb796307036719635242fa5ad0f3 prediction='C' gold='E' correct=False
[zero_shot][olmo3_7b_instruct][csqa] sample 52/200 start id=026cb9c07a583ec933f2c4c67ae73836
[zero_shot][olmo3_7b_instruct][csqa] sample 52/200 done id=026cb9c07a583ec933f2c4c67ae73836 prediction='B' gold='B' correct=True
[zero_shot][olmo3_7b_instruct][csqa] sample 53/200 start id=93b52e7ea1acf10db891e9355e234123
[zero_shot][olmo3_7b_instruct][csqa] sample 53/200 done id=93b52e7ea1acf10db891e9355e234123 prediction='A' gold='A' correct=True
[zero_shot][olmo3_7b_instruct][csqa] sample 54/200 start id=1d44fb5f4b7f1e23ff6c1c083db81ba1
[zero_shot][olmo3_7b_instruct][csqa] sample 54/200 done id=1d44fb5f4b7f1e23ff6c1c083db81ba1 prediction='C' gold='E' correct=False
[zero_shot][olmo3_7b_instruct][csqa] sample 55/200 start id=558cb0bc25387ce38d71f64ef6f1fa57
[zero_shot][olmo3_7b_instruct][csqa] sample 55/200 done id=558cb0bc25387ce38d71f64ef6f1fa57 prediction='B' gold='B' correct=True
[zero_shot][olmo3_7b_instruct][csqa] sample 56/200 start id=5215e26c99b2a9b376fb1c70096a388a
[zero_shot][olmo3_7b_instruct][csqa] sample 56/200 done id=5215e26c99b2a9b376fb1c70096a388a prediction='The question states that they passed an apple tree on their way to a racetrack where they were going to watch the biggest motorsport spectacle in the world. The key is identifying which of the choices is a location for a racetrack. \n\n- "Maryland" and "New Jersey" are U.S. states known for having racetracks (e.g., Maryland\'s Inner Loop or New Jersey\'s Auto Club Speedway).\n- "Indiana" also has racetracks, such as the Indianapolis Motor Speedway.\n- "On TV" refers to the event being broadcast, not a location.\n- "Park" could refer to a public park, which is unlikely to host a major motorsport event.\n\nThe largest motorsport event in the U.S. is often associated with the Indianapolis Motor Speedway in Indiana. However, the phrasing "biggest motorsport spectacle in the world" could refer to events like the Formula 1 World Championship, which are held at various tracks around the world. But among the given choices, the most plausible answer is a location where a major motorsport event is held. Since the Indianapolis Motor Speedway is one of the most famous racetracks and is in Indiana, and the question mentions passing a tree on the way to the racetrack' gold='B' correct=False
[zero_shot][olmo3_7b_instruct][csqa] sample 57/200 start id=b5baf77d3855935c87f01f5fb2216667
[zero_shot][olmo3_7b_instruct][csqa] sample 57/200 done id=b5baf77d3855935c87f01f5fb2216667 prediction='D' gold='D' correct=True
[zero_shot][olmo3_7b_instruct][csqa] sample 58/200 start id=b4130d1790948134f3aeab9d3d79c181
[zero_shot][olmo3_7b_instruct][csqa] sample 58/200 done id=b4130d1790948134f3aeab9d3d79c181 prediction='A' gold='A' correct=True
[zero_shot][olmo3_7b_instruct][csqa] sample 59/200 start id=a5097b7f56d20217679f28201801476f
[zero_shot][olmo3_7b_instruct][csqa] sample 59/200 done id=a5097b7f56d20217679f28201801476f prediction='C' gold='C' correct=True
[zero_shot][olmo3_7b_instruct][csqa] sample 60/200 start id=2e83c5989a018bec6d5f5ac7d3b72f49
[zero_shot][olmo3_7b_instruct][csqa] sample 60/200 done id=2e83c5989a018bec6d5f5ac7d3b72f49 prediction='B' gold='B' correct=True
[zero_shot][olmo3_7b_instruct][csqa] sample 61/200 start id=651785ed4f7b0bd2e7ca9f70a42acea5
[zero_shot][olmo3_7b_instruct][csqa] sample 61/200 done id=651785ed4f7b0bd2e7ca9f70a42acea5 prediction='A' gold='A' correct=True
[zero_shot][olmo3_7b_instruct][csqa] sample 62/200 start id=ee46995407eb6357bb5410d49d378629
[zero_shot][olmo3_7b_instruct][csqa] sample 62/200 done id=ee46995407eb6357bb5410d49d378629 prediction='The problem states that the traveler\'s groceries get soaked by the rain because mass transit is limited in his city. This implies he had to wait somewhere outside the transit system, exposed to the rain. Let\'s evaluate the choices:\n\nA. **bus stop**: Bus stops are typically outdoor locations where people wait for buses. If mass transit is limited, maybe buses are less frequent, but the waiting itself is still at a bus stop, possibly in the rain.\nB. **library**: Libraries are indoors, so waiting there would not result in rain soaking groceries.\nC. **motel**: Motels are buildings where you can stay, but waiting to take a transit option (like a bus or taxi) would likely happen outside, not inside the motel.\nD. **airport**: Airports are also large outdoor spaces, but the context is about "transit" in the city, so this seems less likely.\nE. **subway**: The subway is part of mass transit, so waiting *inside* the subway wouldn\'t explain the rain soaking the groceries. He would be inside an enclosed space.\n\nThe phrase "as he waits where" suggests the location of waiting is causing the issue. Since the rain is soaking him and his groceries, he must be waiting *outside* a' gold='A' correct=False
[zero_shot][olmo3_7b_instruct][csqa] sample 63/200 start id=0547da29ffab9b441bae8870cd0f9dab
[zero_shot][olmo3_7b_instruct][csqa] sample 63/200 done id=0547da29ffab9b441bae8870cd0f9dab prediction='A' gold='A' correct=True
[zero_shot][olmo3_7b_instruct][csqa] sample 64/200 start id=adbddc80b10bf25f09c6c2bee4e3c59b
[zero_shot][olmo3_7b_instruct][csqa] sample 64/200 done id=adbddc80b10bf25f09c6c2bee4e3c59b prediction='E' gold='E' correct=True
[zero_shot][olmo3_7b_instruct][csqa] sample 65/200 start id=8b23cd355ffc8b6e7aa5459ffb21b4e0
[zero_shot][olmo3_7b_instruct][csqa] sample 65/200 done id=8b23cd355ffc8b6e7aa5459ffb21b4e0 prediction='B' gold='B' correct=True
[zero_shot][olmo3_7b_instruct][csqa] sample 66/200 start id=6e77de03bee86d6c20780e14f00944d0
[zero_shot][olmo3_7b_instruct][csqa] sample 66/200 done id=6e77de03bee86d6c20780e14f00944d0 prediction='C' gold='C' correct=True
[zero_shot][olmo3_7b_instruct][csqa] sample 67/200 start id=fc59ab1a9e6d2b51126dd828d30e9167
[zero_shot][olmo3_7b_instruct][csqa] sample 67/200 done id=fc59ab1a9e6d2b51126dd828d30e9167 prediction='D' gold='D' correct=True
[zero_shot][olmo3_7b_instruct][csqa] sample 68/200 start id=5a50ea4bb2d13dc4f620ebd45025d445
[zero_shot][olmo3_7b_instruct][csqa] sample 68/200 done id=5a50ea4bb2d13dc4f620ebd45025d445 prediction='B' gold='E' correct=False
[zero_shot][olmo3_7b_instruct][csqa] sample 69/200 start id=48205cc84aab5e455b22e17c3cc7277d
[zero_shot][olmo3_7b_instruct][csqa] sample 69/200 done id=48205cc84aab5e455b22e17c3cc7277d prediction='B' gold='B' correct=True
[zero_shot][olmo3_7b_instruct][csqa] sample 70/200 start id=cce13a32fedb997c017d3fac87c34912
[zero_shot][olmo3_7b_instruct][csqa] sample 70/200 done id=cce13a32fedb997c017d3fac87c34912 prediction='B' gold='B' correct=True
[zero_shot][olmo3_7b_instruct][csqa] sample 71/200 start id=b9e04a53c0ee7325b901de4d12d56884
[zero_shot][olmo3_7b_instruct][csqa] sample 71/200 done id=b9e04a53c0ee7325b901de4d12d56884 prediction='C' gold='C' correct=True
[zero_shot][olmo3_7b_instruct][csqa] sample 72/200 start id=64d2310eff6b661baeb41b4ccc392e35
[zero_shot][olmo3_7b_instruct][csqa] sample 72/200 done id=64d2310eff6b661baeb41b4ccc392e35 prediction='D' gold='D' correct=True
[zero_shot][olmo3_7b_instruct][csqa] sample 73/200 start id=6b1f5ebd9d0dbc7e34a598456a6091a8
[zero_shot][olmo3_7b_instruct][csqa] sample 73/200 done id=6b1f5ebd9d0dbc7e34a598456a6091a8 prediction='C' gold='C' correct=True
[zero_shot][olmo3_7b_instruct][csqa] sample 74/200 start id=6c70d98cfb8e97fda8caefcee761a229
[zero_shot][olmo3_7b_instruct][csqa] sample 74/200 done id=6c70d98cfb8e97fda8caefcee761a229 prediction='A' gold='D' correct=False
[zero_shot][olmo3_7b_instruct][csqa] sample 75/200 start id=178cb8153123716aa94f286b615149d4
[zero_shot][olmo3_7b_instruct][csqa] sample 75/200 done id=178cb8153123716aa94f286b615149d4 prediction='D' gold='D' correct=True
[zero_shot][olmo3_7b_instruct][csqa] sample 76/200 start id=a7d51b753c2113d8b2dbd0ebb5375855_1
[zero_shot][olmo3_7b_instruct][csqa] sample 76/200 done id=a7d51b753c2113d8b2dbd0ebb5375855_1 prediction='D' gold='D' correct=True
[zero_shot][olmo3_7b_instruct][csqa] sample 77/200 start id=f13efb91090dd28fd2b3c1f4dde680fd
[zero_shot][olmo3_7b_instruct][csqa] sample 77/200 done id=f13efb91090dd28fd2b3c1f4dde680fd prediction='A' gold='A' correct=True
[zero_shot][olmo3_7b_instruct][csqa] sample 78/200 start id=fb64149cf01c5b496d986f56852273e9
[zero_shot][olmo3_7b_instruct][csqa] sample 78/200 done id=fb64149cf01c5b496d986f56852273e9 prediction='D' gold='D' correct=True
[zero_shot][olmo3_7b_instruct][csqa] sample 79/200 start id=22fc45d9e6d0baea4a5b0526504225b8
[zero_shot][olmo3_7b_instruct][csqa] sample 79/200 done id=22fc45d9e6d0baea4a5b0526504225b8 prediction='A person seeing a man with a suitcase full of money might suspect that the money is being transported, which typically happens in vehicles designed for carrying cargo. Among the options, a suitcase would most logically be on an airplane (E) or in a cargo hold (E), as these are common for transporting such items. However, "suitcase" specifically refers to a type of luggage, not the vehicle itself. The phrase "watching" implies the person is observing through a window or screen. An airplane or cargo hold has a window or viewing area, but "movie" (B) is a thing being watched, not a place. The suitcase is "full of money," so it\'s not in a baggage compartment (A), which usually holds general luggage, not necessarily money. "Subway" (C) and "airplane" (D) are possible places, but the most precise answer is the E options related to the vehicle. Since "E. cargo hold" directly relates to transporting money and can be seen from inside or outside an airplane, and airplanes (D) are the most common means for moving large sums of money in a suitcase, but the act of "watching" suggests the person is not on the plane. Thus, the most likely scenario' gold='B' correct=False
[zero_shot][olmo3_7b_instruct][csqa] sample 80/200 start id=7d70208061ae3185bcfc9e912ee9e141
[zero_shot][olmo3_7b_instruct][csqa] sample 80/200 done id=7d70208061ae3185bcfc9e912ee9e141 prediction='A' gold='A' correct=True
[zero_shot][olmo3_7b_instruct][csqa] sample 81/200 start id=8bdbb8caefcc607a9ec7579aa0c87cba
[zero_shot][olmo3_7b_instruct][csqa] sample 81/200 done id=8bdbb8caefcc607a9ec7579aa0c87cba prediction='A' gold='A' correct=True
[zero_shot][olmo3_7b_instruct][csqa] sample 82/200 start id=055817d8d703d3c2802545e3fccdcde3
[zero_shot][olmo3_7b_instruct][csqa] sample 82/200 done id=055817d8d703d3c2802545e3fccdcde3 prediction='E' gold='B' correct=False
[zero_shot][olmo3_7b_instruct][csqa] sample 83/200 start id=1e939cc6fef999953d692b57caab254b
[zero_shot][olmo3_7b_instruct][csqa] sample 83/200 done id=1e939cc6fef999953d692b57caab254b prediction='B' gold='B' correct=True
[zero_shot][olmo3_7b_instruct][csqa] sample 84/200 start id=3a3b5d4a517ef70d25eb558f1a622937
[zero_shot][olmo3_7b_instruct][csqa] sample 84/200 done id=3a3b5d4a517ef70d25eb558f1a622937 prediction='E' gold='E' correct=True
[zero_shot][olmo3_7b_instruct][csqa] sample 85/200 start id=57a343d72031b668e5eb91868420e915
[zero_shot][olmo3_7b_instruct][csqa] sample 85/200 done id=57a343d72031b668e5eb91868420e915 prediction='A' gold='A' correct=True
[zero_shot][olmo3_7b_instruct][csqa] sample 86/200 start id=d1ad9b79f54205b6b9ac19a27f9c2be5
[zero_shot][olmo3_7b_instruct][csqa] sample 86/200 done id=d1ad9b79f54205b6b9ac19a27f9c2be5 prediction='E' gold='E' correct=True
[zero_shot][olmo3_7b_instruct][csqa] sample 87/200 start id=91756d8e475d8d59fa0a4e35f408e366
[zero_shot][olmo3_7b_instruct][csqa] sample 87/200 done id=91756d8e475d8d59fa0a4e35f408e366 prediction='D' gold='D' correct=True
[zero_shot][olmo3_7b_instruct][csqa] sample 88/200 start id=484f6e4fb8e6431b010c299490b72e3c
[zero_shot][olmo3_7b_instruct][csqa] sample 88/200 done id=484f6e4fb8e6431b010c299490b72e3c prediction='B' gold='B' correct=True
[zero_shot][olmo3_7b_instruct][csqa] sample 89/200 start id=1ab04c0501b815b2a48f2581f04215a8
[zero_shot][olmo3_7b_instruct][csqa] sample 89/200 done id=1ab04c0501b815b2a48f2581f04215a8 prediction='C' gold='C' correct=True
[zero_shot][olmo3_7b_instruct][csqa] sample 90/200 start id=3d9c3253e24fb108cea9083e8a853cf2
[zero_shot][olmo3_7b_instruct][csqa] sample 90/200 done id=3d9c3253e24fb108cea9083e8a853cf2 prediction='D' gold='D' correct=True
[zero_shot][olmo3_7b_instruct][csqa] sample 91/200 start id=48abc2c113623fd72f758502529f93a5
[zero_shot][olmo3_7b_instruct][csqa] sample 91/200 done id=48abc2c113623fd72f758502529f93a5 prediction='B' gold='C' correct=False
[zero_shot][olmo3_7b_instruct][csqa] sample 92/200 start id=463521a93ae71e93bea8b97cdf7a6792
[zero_shot][olmo3_7b_instruct][csqa] sample 92/200 done id=463521a93ae71e93bea8b97cdf7a6792 prediction='B' gold='D' correct=False
[zero_shot][olmo3_7b_instruct][csqa] sample 93/200 start id=db7f2bfdabcf53d6778fd7af80b603d2
[zero_shot][olmo3_7b_instruct][csqa] sample 93/200 done id=db7f2bfdabcf53d6778fd7af80b603d2 prediction='A' gold='A' correct=True
[zero_shot][olmo3_7b_instruct][csqa] sample 94/200 start id=ad37795fd9e3a65553683ff305b5113d
[zero_shot][olmo3_7b_instruct][csqa] sample 94/200 done id=ad37795fd9e3a65553683ff305b5113d prediction='D' gold='D' correct=True
[zero_shot][olmo3_7b_instruct][csqa] sample 95/200 start id=315baf79f8dd3673f67a90de0758240e
[zero_shot][olmo3_7b_instruct][csqa] sample 95/200 done id=315baf79f8dd3673f67a90de0758240e prediction='A' gold='E' correct=False
[zero_shot][olmo3_7b_instruct][csqa] sample 96/200 start id=f8a2cbc7189b92a809ce9cd857030621
[zero_shot][olmo3_7b_instruct][csqa] sample 96/200 done id=f8a2cbc7189b92a809ce9cd857030621 prediction='B' gold='B' correct=True
[zero_shot][olmo3_7b_instruct][csqa] sample 97/200 start id=225287e06c993feee34e0f06b25f6ba8
[zero_shot][olmo3_7b_instruct][csqa] sample 97/200 done id=225287e06c993feee34e0f06b25f6ba8 prediction='B' gold='B' correct=True
[zero_shot][olmo3_7b_instruct][csqa] sample 98/200 start id=fce1c5d069758aea57a787fc98dcf7a9
[zero_shot][olmo3_7b_instruct][csqa] sample 98/200 done id=fce1c5d069758aea57a787fc98dcf7a9 prediction='E' gold='E' correct=True
[zero_shot][olmo3_7b_instruct][csqa] sample 99/200 start id=c0d75f9fbf30aa3a612f16edb20d6b8d
[zero_shot][olmo3_7b_instruct][csqa] sample 99/200 done id=c0d75f9fbf30aa3a612f16edb20d6b8d prediction='B' gold='B' correct=True
[zero_shot][olmo3_7b_instruct][csqa] sample 100/200 start id=7bb87c6d8eab57d4e983f60025b1f0dc
[zero_shot][olmo3_7b_instruct][csqa] sample 100/200 done id=7bb87c6d8eab57d4e983f60025b1f0dc prediction='D' gold='D' correct=True
[zero_shot][olmo3_7b_instruct][csqa] sample 101/200 start id=083861fc5ebb9226fff70544f3f83d2b
[zero_shot][olmo3_7b_instruct][csqa] sample 101/200 done id=083861fc5ebb9226fff70544f3f83d2b prediction='A' gold='A' correct=True
[zero_shot][olmo3_7b_instruct][csqa] sample 102/200 start id=c3b7f4196b12714940ac1b9417194df4
[zero_shot][olmo3_7b_instruct][csqa] sample 102/200 done id=c3b7f4196b12714940ac1b9417194df4 prediction='D' gold='D' correct=True
[zero_shot][olmo3_7b_instruct][csqa] sample 103/200 start id=bee2a6eadfaf7a4fa0a214e341ddbe5b
[zero_shot][olmo3_7b_instruct][csqa] sample 103/200 done id=bee2a6eadfaf7a4fa0a214e341ddbe5b prediction='A' gold='A' correct=True
[zero_shot][olmo3_7b_instruct][csqa] sample 104/200 start id=839f3c37622c1ed5eebc9cd0b9d658e8
[zero_shot][olmo3_7b_instruct][csqa] sample 104/200 done id=839f3c37622c1ed5eebc9cd0b9d658e8 prediction='D' gold='D' correct=True
[zero_shot][olmo3_7b_instruct][csqa] sample 105/200 start id=3957ac6bab96fc9d4f173ada4692d16b
[zero_shot][olmo3_7b_instruct][csqa] sample 105/200 done id=3957ac6bab96fc9d4f173ada4692d16b prediction='A' gold='A' correct=True
[zero_shot][olmo3_7b_instruct][csqa] sample 106/200 start id=9b62cd7f89716f393239e6c6ff3e11d5
[zero_shot][olmo3_7b_instruct][csqa] sample 106/200 done id=9b62cd7f89716f393239e6c6ff3e11d5 prediction='A' gold='A' correct=True
[zero_shot][olmo3_7b_instruct][csqa] sample 107/200 start id=96cb628fb7ed2f53245598f707ed2b80
[zero_shot][olmo3_7b_instruct][csqa] sample 107/200 done id=96cb628fb7ed2f53245598f707ed2b80 prediction='B' gold='B' correct=True
[zero_shot][olmo3_7b_instruct][csqa] sample 108/200 start id=bd4e80fa6642a76c064d0bc924411fb0
[zero_shot][olmo3_7b_instruct][csqa] sample 108/200 done id=bd4e80fa6642a76c064d0bc924411fb0 prediction='D' gold='C' correct=False
[zero_shot][olmo3_7b_instruct][csqa] sample 109/200 start id=0aa23ad1ba9f28bc3e0185237a7ce1cc
[zero_shot][olmo3_7b_instruct][csqa] sample 109/200 done id=0aa23ad1ba9f28bc3e0185237a7ce1cc prediction='C' gold='C' correct=True
[zero_shot][olmo3_7b_instruct][csqa] sample 110/200 start id=e18dd9ffc7b7934c39f2b5e9dee5a8c2
[zero_shot][olmo3_7b_instruct][csqa] sample 110/200 done id=e18dd9ffc7b7934c39f2b5e9dee5a8c2 prediction='E' gold='E' correct=True
[zero_shot][olmo3_7b_instruct][csqa] sample 111/200 start id=4768aa28fa14569d830f8947565296c1
[zero_shot][olmo3_7b_instruct][csqa] sample 111/200 done id=4768aa28fa14569d830f8947565296c1 prediction='D' gold='D' correct=True
[zero_shot][olmo3_7b_instruct][csqa] sample 112/200 start id=536c9af0fae0aa75b32874dfcac66353
[zero_shot][olmo3_7b_instruct][csqa] sample 112/200 done id=536c9af0fae0aa75b32874dfcac66353 prediction='A' gold='A' correct=True
[zero_shot][olmo3_7b_instruct][csqa] sample 113/200 start id=1510f5183095466e4fe41b82501a9dd0
[zero_shot][olmo3_7b_instruct][csqa] sample 113/200 done id=1510f5183095466e4fe41b82501a9dd0 prediction='C' gold='C' correct=True
[zero_shot][olmo3_7b_instruct][csqa] sample 114/200 start id=870b07a1c5af2e956673a9680da99852
[zero_shot][olmo3_7b_instruct][csqa] sample 114/200 done id=870b07a1c5af2e956673a9680da99852 prediction='E' gold='E' correct=True
[zero_shot][olmo3_7b_instruct][csqa] sample 115/200 start id=f48528156632b9c5b18af9ce2095509b
[zero_shot][olmo3_7b_instruct][csqa] sample 115/200 done id=f48528156632b9c5b18af9ce2095509b prediction='C' gold='C' correct=True
[zero_shot][olmo3_7b_instruct][csqa] sample 116/200 start id=335b51bd3a8ada014bbe6754dcbd425f
[zero_shot][olmo3_7b_instruct][csqa] sample 116/200 done id=335b51bd3a8ada014bbe6754dcbd425f prediction='A' gold='C' correct=False
[zero_shot][olmo3_7b_instruct][csqa] sample 117/200 start id=f912bcd7479b76db9b1c57a612b90f00
[zero_shot][olmo3_7b_instruct][csqa] sample 117/200 done id=f912bcd7479b76db9b1c57a612b90f00 prediction='B' gold='B' correct=True
[zero_shot][olmo3_7b_instruct][csqa] sample 118/200 start id=5502dc807d4921679ae1abd0dc9570d6
[zero_shot][olmo3_7b_instruct][csqa] sample 118/200 done id=5502dc807d4921679ae1abd0dc9570d6 prediction='D' gold='D' correct=True
[zero_shot][olmo3_7b_instruct][csqa] sample 119/200 start id=d6107d454181b701ddcaa449a1e422a3
[zero_shot][olmo3_7b_instruct][csqa] sample 119/200 done id=d6107d454181b701ddcaa449a1e422a3 prediction='B' gold='A' correct=False
[zero_shot][olmo3_7b_instruct][csqa] sample 120/200 start id=92869fc0be5dc45f407700692ffd80a0
[zero_shot][olmo3_7b_instruct][csqa] sample 120/200 done id=92869fc0be5dc45f407700692ffd80a0 prediction='E' gold='E' correct=True
[zero_shot][olmo3_7b_instruct][csqa] sample 121/200 start id=2a58e81a9c4ce095d099e0d785fc2da4
[zero_shot][olmo3_7b_instruct][csqa] sample 121/200 done id=2a58e81a9c4ce095d099e0d785fc2da4 prediction='E' gold='E' correct=True
[zero_shot][olmo3_7b_instruct][csqa] sample 122/200 start id=20ae70b9b157b298569cd761787833e7
[zero_shot][olmo3_7b_instruct][csqa] sample 122/200 done id=20ae70b9b157b298569cd761787833e7 prediction='E' gold='E' correct=True
[zero_shot][olmo3_7b_instruct][csqa] sample 123/200 start id=cc1a547bdfdcc95e4d632453af14bc96
[zero_shot][olmo3_7b_instruct][csqa] sample 123/200 done id=cc1a547bdfdcc95e4d632453af14bc96 prediction='C' gold='C' correct=True
[zero_shot][olmo3_7b_instruct][csqa] sample 124/200 start id=ef3d5d35128678937c36438466e0fc93
[zero_shot][olmo3_7b_instruct][csqa] sample 124/200 done id=ef3d5d35128678937c36438466e0fc93 prediction='A' gold='E' correct=False
[zero_shot][olmo3_7b_instruct][csqa] sample 125/200 start id=0f0e339412f719a019bf373e6daf2530
[zero_shot][olmo3_7b_instruct][csqa] sample 125/200 done id=0f0e339412f719a019bf373e6daf2530 prediction='A' gold='A' correct=True
[zero_shot][olmo3_7b_instruct][csqa] sample 126/200 start id=489a082aab43dd1a53f3f1f89c2365ed
[zero_shot][olmo3_7b_instruct][csqa] sample 126/200 done id=489a082aab43dd1a53f3f1f89c2365ed prediction='A' gold='A' correct=True
[zero_shot][olmo3_7b_instruct][csqa] sample 127/200 start id=061f326d2a87a10da6316b55bd5522bd
[zero_shot][olmo3_7b_instruct][csqa] sample 127/200 done id=061f326d2a87a10da6316b55bd5522bd prediction='D' gold='D' correct=True
[zero_shot][olmo3_7b_instruct][csqa] sample 128/200 start id=f8a9208665a4f2d64986940456b4b964
[zero_shot][olmo3_7b_instruct][csqa] sample 128/200 done id=f8a9208665a4f2d64986940456b4b964 prediction='D' gold='D' correct=True
[zero_shot][olmo3_7b_instruct][csqa] sample 129/200 start id=167d2cfa04bfaea0e0b5bac3598d5769
[zero_shot][olmo3_7b_instruct][csqa] sample 129/200 done id=167d2cfa04bfaea0e0b5bac3598d5769 prediction='D' gold='D' correct=True
[zero_shot][olmo3_7b_instruct][csqa] sample 130/200 start id=7bc1198664b376f79d584725ad7f874b
[zero_shot][olmo3_7b_instruct][csqa] sample 130/200 done id=7bc1198664b376f79d584725ad7f874b prediction='A book typically contains standard sections like the introduction, chapters, and a conclusion. A foreword is an introductory section written by someone other than the author, usually before the main content. Therefore, the parts that are not forewords include the main body of the book (chapters), the conclusion, an epilogue, or even something like Ikea instructions if included as an appendix. "Afterword" is a section that comes after the main content but before the bibliography, so it\'s not part of the main book structure and is distinct from the conclusion or epilogue. "Ikea instructions" is an example of a practical item that might be included as an appendix, but it\'s not a standard part of every book. The question asks what is *likely* to be found in a book that is not a foreword. Among the options, "conclusion" (B) and "epilogue" (E) are standard parts of many books, whereas "afterword" (D) is also a recognized section but not always present. However, the most universally likely standard part of a book (excluding the foreword) from the given choices is the conclusion or epilogue. Since the question emphasizes what is *not* a foreword and is a typical part of' gold='E' correct=False
[zero_shot][olmo3_7b_instruct][csqa] sample 131/200 start id=d6c002d46d9bfa466637cec4a134f332
[zero_shot][olmo3_7b_instruct][csqa] sample 131/200 done id=d6c002d46d9bfa466637cec4a134f332 prediction='D' gold='D' correct=True
[zero_shot][olmo3_7b_instruct][csqa] sample 132/200 start id=a585df0818180ce3c06f963a4c3c810a
[zero_shot][olmo3_7b_instruct][csqa] sample 132/200 done id=a585df0818180ce3c06f963a4c3c810a prediction='D' gold='A' correct=False
[zero_shot][olmo3_7b_instruct][csqa] sample 133/200 start id=c7cb327fa4c0008efaa7741081a365d4
[zero_shot][olmo3_7b_instruct][csqa] sample 133/200 done id=c7cb327fa4c0008efaa7741081a365d4 prediction='E' gold='E' correct=True
[zero_shot][olmo3_7b_instruct][csqa] sample 134/200 start id=c54ddc0f9d170ba65d9f4f2e0bb41d1c
[zero_shot][olmo3_7b_instruct][csqa] sample 134/200 done id=c54ddc0f9d170ba65d9f4f2e0bb41d1c prediction='A' gold='A' correct=True
[zero_shot][olmo3_7b_instruct][csqa] sample 135/200 start id=b9bed83138901f4a45041b02c5b242c1
[zero_shot][olmo3_7b_instruct][csqa] sample 135/200 done id=b9bed83138901f4a45041b02c5b242c1 prediction='B' gold='B' correct=True
[zero_shot][olmo3_7b_instruct][csqa] sample 136/200 start id=7b95825a19d6930d6aed35c7c57a2d82
[zero_shot][olmo3_7b_instruct][csqa] sample 136/200 done id=7b95825a19d6930d6aed35c7c57a2d82 prediction='D' gold='D' correct=True
[zero_shot][olmo3_7b_instruct][csqa] sample 137/200 start id=d35112a99ab3983fb51c3adae80bc2da
[zero_shot][olmo3_7b_instruct][csqa] sample 137/200 done id=d35112a99ab3983fb51c3adae80bc2da prediction='D' gold='D' correct=True
[zero_shot][olmo3_7b_instruct][csqa] sample 138/200 start id=a00276c6db928900772c0320aeff77c0
[zero_shot][olmo3_7b_instruct][csqa] sample 138/200 done id=a00276c6db928900772c0320aeff77c0 prediction='B' gold='B' correct=True
[zero_shot][olmo3_7b_instruct][csqa] sample 139/200 start id=60e7338e9e6bfc746a15a161eb12706c
[zero_shot][olmo3_7b_instruct][csqa] sample 139/200 done id=60e7338e9e6bfc746a15a161eb12706c prediction='The question asks where a creek could be located that is opposite a city. To determine the best answer, consider the meaning of each choice in relation to being a location opposite a city. \n\n- A "meadow" is a type of field, usually not a geographical location opposite a city.\n- A "stick" is an object, not a place.\n- A "valley" can be a geographical feature, but it\'s not typically described as being "opposite" a city in a general sense.\n- A "forest" is a large area of trees and vegetation, which can be situated in a direction opposite to a city.\n- A "countryside" refers to a rural area, which could be located opposite a city.\n\nThe phrase "opposite the city" most naturally fits with a geographical feature that can be positioned across from a city, such as a forest or countryside. Between "forest" and "countryside," "forest" is a specific type of area, while "countryside" is broader and less specific. Since the question uses "creek" (a small water feature), the opposite location is likely a larger area, making "countryside" the more appropriate answer. However, if the question is about a specific' gold='E' correct=False
[zero_shot][olmo3_7b_instruct][csqa] sample 140/200 start id=38ab26e29a0984b212006d39185c43f3
[zero_shot][olmo3_7b_instruct][csqa] sample 140/200 done id=38ab26e29a0984b212006d39185c43f3 prediction='B' gold='B' correct=True
[zero_shot][olmo3_7b_instruct][csqa] sample 141/200 start id=a6d3a2cb250a6310b8cabd31dbe2138c
[zero_shot][olmo3_7b_instruct][csqa] sample 141/200 done id=a6d3a2cb250a6310b8cabd31dbe2138c prediction='A' gold='A' correct=True
[zero_shot][olmo3_7b_instruct][csqa] sample 142/200 start id=18ee7a93410a6b4c9cec5d4894775991_1
[zero_shot][olmo3_7b_instruct][csqa] sample 142/200 done id=18ee7a93410a6b4c9cec5d4894775991_1 prediction='C' gold='C' correct=True
[zero_shot][olmo3_7b_instruct][csqa] sample 143/200 start id=004607228ad49b69eac932c1005d6106
[zero_shot][olmo3_7b_instruct][csqa] sample 143/200 done id=004607228ad49b69eac932c1005d6106 prediction='B' gold='C' correct=False
[zero_shot][olmo3_7b_instruct][csqa] sample 144/200 start id=0c1efb38e023ee9725486fbec4f2d797
[zero_shot][olmo3_7b_instruct][csqa] sample 144/200 done id=0c1efb38e023ee9725486fbec4f2d797 prediction='D' gold='D' correct=True
[zero_shot][olmo3_7b_instruct][csqa] sample 145/200 start id=b7ab4a5e0c19a98f41cd1ba3176f2dff
[zero_shot][olmo3_7b_instruct][csqa] sample 145/200 done id=b7ab4a5e0c19a98f41cd1ba3176f2dff prediction='C' gold='C' correct=True
[zero_shot][olmo3_7b_instruct][csqa] sample 146/200 start id=8bcbb5098876940b2382db3a9a0b1beb
[zero_shot][olmo3_7b_instruct][csqa] sample 146/200 done id=8bcbb5098876940b2382db3a9a0b1beb prediction='D' gold='D' correct=True
[zero_shot][olmo3_7b_instruct][csqa] sample 147/200 start id=c7ce02d9365fe9275f88338ad51cbde6
[zero_shot][olmo3_7b_instruct][csqa] sample 147/200 done id=c7ce02d9365fe9275f88338ad51cbde6 prediction='A' gold='A' correct=True
[zero_shot][olmo3_7b_instruct][csqa] sample 148/200 start id=230cc491829307e8edb5423c8d09f945
[zero_shot][olmo3_7b_instruct][csqa] sample 148/200 done id=230cc491829307e8edb5423c8d09f945 prediction='C' gold='C' correct=True
[zero_shot][olmo3_7b_instruct][csqa] sample 149/200 start id=c39131d979c9205c11d0e109e18188e4
[zero_shot][olmo3_7b_instruct][csqa] sample 149/200 done id=c39131d979c9205c11d0e109e18188e4 prediction='E' gold='E' correct=True
[zero_shot][olmo3_7b_instruct][csqa] sample 150/200 start id=5393ba1ce298bd1ac4744c07d7373a9c
[zero_shot][olmo3_7b_instruct][csqa] sample 150/200 done id=5393ba1ce298bd1ac4744c07d7373a9c prediction='E' gold='D' correct=False
[zero_shot][olmo3_7b_instruct][csqa] sample 151/200 start id=2632ff6c9b781d3aa74e8dd36b990871
[zero_shot][olmo3_7b_instruct][csqa] sample 151/200 done id=2632ff6c9b781d3aa74e8dd36b990871 prediction='B' gold='B' correct=True
[zero_shot][olmo3_7b_instruct][csqa] sample 152/200 start id=e43c4eaa04243ddee30f29171718eb92
[zero_shot][olmo3_7b_instruct][csqa] sample 152/200 done id=e43c4eaa04243ddee30f29171718eb92 prediction='A' gold='A' correct=True
[zero_shot][olmo3_7b_instruct][csqa] sample 153/200 start id=2eef2d255fe629414f4d24ade8590102
[zero_shot][olmo3_7b_instruct][csqa] sample 153/200 done id=2eef2d255fe629414f4d24ade8590102 prediction='C' gold='C' correct=True
[zero_shot][olmo3_7b_instruct][csqa] sample 154/200 start id=7a58e7e7bf76658751e850f790922aba
[zero_shot][olmo3_7b_instruct][csqa] sample 154/200 done id=7a58e7e7bf76658751e850f790922aba prediction='E' gold='E' correct=True
[zero_shot][olmo3_7b_instruct][csqa] sample 155/200 start id=76b2c6d254f9127b4fd66d90e1a330e7
[zero_shot][olmo3_7b_instruct][csqa] sample 155/200 done id=76b2c6d254f9127b4fd66d90e1a330e7 prediction='B' gold='B' correct=True
[zero_shot][olmo3_7b_instruct][csqa] sample 156/200 start id=13fc28f53423a9b3a656c9431df1b3b5
[zero_shot][olmo3_7b_instruct][csqa] sample 156/200 done id=13fc28f53423a9b3a656c9431df1b3b5 prediction='A' gold='E' correct=False
[zero_shot][olmo3_7b_instruct][csqa] sample 157/200 start id=3f4b48708d08f8bf7bec796531023f9c
[zero_shot][olmo3_7b_instruct][csqa] sample 157/200 done id=3f4b48708d08f8bf7bec796531023f9c prediction='A' gold='A' correct=True
[zero_shot][olmo3_7b_instruct][csqa] sample 158/200 start id=8233ccb60dd0c0ff3b7ca5d73e5681f2
[zero_shot][olmo3_7b_instruct][csqa] sample 158/200 done id=8233ccb60dd0c0ff3b7ca5d73e5681f2 prediction='B' gold='B' correct=True
[zero_shot][olmo3_7b_instruct][csqa] sample 159/200 start id=f75b22d5b88ac56ae7df030c1ebeded5
[zero_shot][olmo3_7b_instruct][csqa] sample 159/200 done id=f75b22d5b88ac56ae7df030c1ebeded5 prediction='The student is walking and needs to store his writing instrument. He would not put it in a fixed location like a desk or cabinet while moving. A purse is carried by the person and suitable for storing small items like a writing instrument. A pocket is also on the person but is smaller and may not fit all writing instruments. The classroom (D) is a location he passes through, not something he "put" the item in while walking. Therefore, the most logical places are A (desk drawer, but he\'s not at a desk while walking), B (cabinet, same issue), C (purse, plausible while moving), and E (pocket, plausible). Since the question specifies he is walking and the item must be accessible while moving, the most likely options are C (purse) or E (pocket). However, typically, students carry pens in their pocket or in a bag (purse). Between the choices given, both C and E are possible, but "pocket" is a more common and direct answer for a writing instrument while walking. The question asks where he *put* it while moving, so the item must be with him, not stored in a stationary place. Thus, the best answer is C or E. Since the' gold='E' correct=False
[zero_shot][olmo3_7b_instruct][csqa] sample 160/200 start id=7d937233b4a9043da0b976dbd42d141b
[zero_shot][olmo3_7b_instruct][csqa] sample 160/200 done id=7d937233b4a9043da0b976dbd42d141b prediction='D' gold='D' correct=True
[zero_shot][olmo3_7b_instruct][csqa] sample 161/200 start id=487cabfcd776d89748ee7e7bb681ad59
[zero_shot][olmo3_7b_instruct][csqa] sample 161/200 done id=487cabfcd776d89748ee7e7bb681ad59 prediction='D' gold='C' correct=False
[zero_shot][olmo3_7b_instruct][csqa] sample 162/200 start id=b8937a30f25093910c040f4e63e1d352
[zero_shot][olmo3_7b_instruct][csqa] sample 162/200 done id=b8937a30f25093910c040f4e63e1d352 prediction='C' gold='C' correct=True
[zero_shot][olmo3_7b_instruct][csqa] sample 163/200 start id=0a006d16d9042e0c170935e5fbf7f9af
[zero_shot][olmo3_7b_instruct][csqa] sample 163/200 done id=0a006d16d9042e0c170935e5fbf7f9af prediction='E' gold='E' correct=True
[zero_shot][olmo3_7b_instruct][csqa] sample 164/200 start id=d33a81660058e570a18fb2eafa284a78
[zero_shot][olmo3_7b_instruct][csqa] sample 164/200 done id=d33a81660058e570a18fb2eafa284a78 prediction='A' gold='A' correct=True
[zero_shot][olmo3_7b_instruct][csqa] sample 165/200 start id=0c2fa15a02d0b6ca6707e98fac7589e4
[zero_shot][olmo3_7b_instruct][csqa] sample 165/200 done id=0c2fa15a02d0b6ca6707e98fac7589e4 prediction='A' gold='A' correct=True
[zero_shot][olmo3_7b_instruct][csqa] sample 166/200 start id=1db19a32a3edbff9981976dc9ec800ce
[zero_shot][olmo3_7b_instruct][csqa] sample 166/200 done id=1db19a32a3edbff9981976dc9ec800ce prediction='A' gold='A' correct=True
[zero_shot][olmo3_7b_instruct][csqa] sample 167/200 start id=f7a6d0d816d14210f3af5dabe21bf804
[zero_shot][olmo3_7b_instruct][csqa] sample 167/200 done id=f7a6d0d816d14210f3af5dabe21bf804 prediction='A' gold='A' correct=True
[zero_shot][olmo3_7b_instruct][csqa] sample 168/200 start id=9ae52783d8fdb5cc2e8caa01542c3341
[zero_shot][olmo3_7b_instruct][csqa] sample 168/200 done id=9ae52783d8fdb5cc2e8caa01542c3341 prediction='E' gold='E' correct=True
[zero_shot][olmo3_7b_instruct][csqa] sample 169/200 start id=e40fd2c17fe2cde4bd4af540d35fd518
[zero_shot][olmo3_7b_instruct][csqa] sample 169/200 done id=e40fd2c17fe2cde4bd4af540d35fd518 prediction='E' gold='E' correct=True
[zero_shot][olmo3_7b_instruct][csqa] sample 170/200 start id=a4b44a986e7f9045432e20ea75611df4
[zero_shot][olmo3_7b_instruct][csqa] sample 170/200 done id=a4b44a986e7f9045432e20ea75611df4 prediction='B' gold='C' correct=False
[zero_shot][olmo3_7b_instruct][csqa] sample 171/200 start id=3095078e4771053d9d5fa8d4f5f3dc38
[zero_shot][olmo3_7b_instruct][csqa] sample 171/200 done id=3095078e4771053d9d5fa8d4f5f3dc38 prediction='C' gold='C' correct=True
[zero_shot][olmo3_7b_instruct][csqa] sample 172/200 start id=a617eb4d27edea93e7fd630ce00c8219
[zero_shot][olmo3_7b_instruct][csqa] sample 172/200 done id=a617eb4d27edea93e7fd630ce00c8219 prediction='C' gold='C' correct=True
[zero_shot][olmo3_7b_instruct][csqa] sample 173/200 start id=3338109fcafaaa370c8900a53e1b3ed8
[zero_shot][olmo3_7b_instruct][csqa] sample 173/200 done id=3338109fcafaaa370c8900a53e1b3ed8 prediction='B' gold='B' correct=True
[zero_shot][olmo3_7b_instruct][csqa] sample 174/200 start id=d0bd5b5ee7319d1c4727e38d429dd54e
[zero_shot][olmo3_7b_instruct][csqa] sample 174/200 done id=d0bd5b5ee7319d1c4727e38d429dd54e prediction='E' gold='E' correct=True
[zero_shot][olmo3_7b_instruct][csqa] sample 175/200 start id=75cb55aec7e64f592c01eee5d4578dcd
[zero_shot][olmo3_7b_instruct][csqa] sample 175/200 done id=75cb55aec7e64f592c01eee5d4578dcd prediction='A' gold='A' correct=True
[zero_shot][olmo3_7b_instruct][csqa] sample 176/200 start id=ea33206992fb7ad1c3476e9673bb4a9c
[zero_shot][olmo3_7b_instruct][csqa] sample 176/200 done id=ea33206992fb7ad1c3476e9673bb4a9c prediction='C' gold='D' correct=False
[zero_shot][olmo3_7b_instruct][csqa] sample 177/200 start id=163898952cb6baf3a6440696e1352e86
[zero_shot][olmo3_7b_instruct][csqa] sample 177/200 done id=163898952cb6baf3a6440696e1352e86 prediction='B' gold='B' correct=True
[zero_shot][olmo3_7b_instruct][csqa] sample 178/200 start id=ac6378b5e8462dc1bde1155d706213d8
[zero_shot][olmo3_7b_instruct][csqa] sample 178/200 done id=ac6378b5e8462dc1bde1155d706213d8 prediction='E' gold='C' correct=False
[zero_shot][olmo3_7b_instruct][csqa] sample 179/200 start id=3cb91a71a6567da870eedf37becc97ef
[zero_shot][olmo3_7b_instruct][csqa] sample 179/200 done id=3cb91a71a6567da870eedf37becc97ef prediction='A' gold='A' correct=True
[zero_shot][olmo3_7b_instruct][csqa] sample 180/200 start id=9b4bbf3c4d24ecdb4b27320afb706808
[zero_shot][olmo3_7b_instruct][csqa] sample 180/200 done id=9b4bbf3c4d24ecdb4b27320afb706808 prediction='E' gold='A' correct=False
[zero_shot][olmo3_7b_instruct][csqa] sample 181/200 start id=f61d83f90b92a8d537989e55ee70542d
[zero_shot][olmo3_7b_instruct][csqa] sample 181/200 done id=f61d83f90b92a8d537989e55ee70542d prediction='D' gold='D' correct=True
[zero_shot][olmo3_7b_instruct][csqa] sample 182/200 start id=3bf06235a537adc9d85431846595b800
[zero_shot][olmo3_7b_instruct][csqa] sample 182/200 done id=3bf06235a537adc9d85431846595b800 prediction='B' gold='B' correct=True
[zero_shot][olmo3_7b_instruct][csqa] sample 183/200 start id=d3b145911a76fd6fbe9a23ab027be024
[zero_shot][olmo3_7b_instruct][csqa] sample 183/200 done id=d3b145911a76fd6fbe9a23ab027be024 prediction='B' gold='A' correct=False
[zero_shot][olmo3_7b_instruct][csqa] sample 184/200 start id=ecd32cc0c17d4738a27bba3399f04591
[zero_shot][olmo3_7b_instruct][csqa] sample 184/200 done id=ecd32cc0c17d4738a27bba3399f04591 prediction='C' gold='C' correct=True
[zero_shot][olmo3_7b_instruct][csqa] sample 185/200 start id=ca60a46c9007e4b6213f50bfb5342fdd
[zero_shot][olmo3_7b_instruct][csqa] sample 185/200 done id=ca60a46c9007e4b6213f50bfb5342fdd prediction='E' gold='B' correct=False
[zero_shot][olmo3_7b_instruct][csqa] sample 186/200 start id=f7735d721dfdc94621154951d4eaa4cf
[zero_shot][olmo3_7b_instruct][csqa] sample 186/200 done id=f7735d721dfdc94621154951d4eaa4cf prediction='D' gold='C' correct=False
[zero_shot][olmo3_7b_instruct][csqa] sample 187/200 start id=eaf980db7e945b1cf6d648fa55ddcb5e
[zero_shot][olmo3_7b_instruct][csqa] sample 187/200 done id=eaf980db7e945b1cf6d648fa55ddcb5e prediction='B' gold='B' correct=True
[zero_shot][olmo3_7b_instruct][csqa] sample 188/200 start id=8e7941ce31996ca83cc0a68f7313c96d
[zero_shot][olmo3_7b_instruct][csqa] sample 188/200 done id=8e7941ce31996ca83cc0a68f7313c96d prediction='B' gold='B' correct=True
[zero_shot][olmo3_7b_instruct][csqa] sample 189/200 start id=a2aa95861ef74bf1ecfc55db505e3982
[zero_shot][olmo3_7b_instruct][csqa] sample 189/200 done id=a2aa95861ef74bf1ecfc55db505e3982 prediction='D' gold='D' correct=True
[zero_shot][olmo3_7b_instruct][csqa] sample 190/200 start id=5365fd00ef8cec62ee5685e246a939db
[zero_shot][olmo3_7b_instruct][csqa] sample 190/200 done id=5365fd00ef8cec62ee5685e246a939db prediction='E' gold='E' correct=True
[zero_shot][olmo3_7b_instruct][csqa] sample 191/200 start id=410f907f817dd7aa8e73291a918d3d86
[zero_shot][olmo3_7b_instruct][csqa] sample 191/200 done id=410f907f817dd7aa8e73291a918d3d86 prediction='D' gold='D' correct=True
[zero_shot][olmo3_7b_instruct][csqa] sample 192/200 start id=43fb083962f825ae651d88648bbd2f74
[zero_shot][olmo3_7b_instruct][csqa] sample 192/200 done id=43fb083962f825ae651d88648bbd2f74 prediction='D' gold='D' correct=True
[zero_shot][olmo3_7b_instruct][csqa] sample 193/200 start id=d0a42c8180b4e080aa071dd70fce7e03
[zero_shot][olmo3_7b_instruct][csqa] sample 193/200 done id=d0a42c8180b4e080aa071dd70fce7e03 prediction='E' gold='B' correct=False
[zero_shot][olmo3_7b_instruct][csqa] sample 194/200 start id=6544a50bf9563d52dbd2034e81df0bf3
[zero_shot][olmo3_7b_instruct][csqa] sample 194/200 done id=6544a50bf9563d52dbd2034e81df0bf3 prediction='D' gold='D' correct=True
[zero_shot][olmo3_7b_instruct][csqa] sample 195/200 start id=2ca05683157a3cd89d82016f13e560ec
[zero_shot][olmo3_7b_instruct][csqa] sample 195/200 done id=2ca05683157a3cd89d82016f13e560ec prediction='B' gold='B' correct=True
[zero_shot][olmo3_7b_instruct][csqa] sample 196/200 start id=a2e0f6b5651e5271fcff8d6f5c9adfee
[zero_shot][olmo3_7b_instruct][csqa] sample 196/200 done id=a2e0f6b5651e5271fcff8d6f5c9adfee prediction='A' gold='A' correct=True
[zero_shot][olmo3_7b_instruct][csqa] sample 197/200 start id=d6900a01a9dd6627b4bb22b0f6d191a5
[zero_shot][olmo3_7b_instruct][csqa] sample 197/200 done id=d6900a01a9dd6627b4bb22b0f6d191a5 prediction='E' gold='E' correct=True
[zero_shot][olmo3_7b_instruct][csqa] sample 198/200 start id=8f2976690c83be6b8fa3a1196dfd9722
[zero_shot][olmo3_7b_instruct][csqa] sample 198/200 done id=8f2976690c83be6b8fa3a1196dfd9722 prediction='E' gold='E' correct=True
[zero_shot][olmo3_7b_instruct][csqa] sample 199/200 start id=549cf641318edfc0510fa7c7dbb359e1
[zero_shot][olmo3_7b_instruct][csqa] sample 199/200 done id=549cf641318edfc0510fa7c7dbb359e1 prediction='C' gold='C' correct=True
[zero_shot][olmo3_7b_instruct][csqa] sample 200/200 start id=5af7c7860e3be61d4cfd814cc109f9d9
[zero_shot][olmo3_7b_instruct][csqa] sample 200/200 done id=5af7c7860e3be61d4cfd814cc109f9d9 prediction='C' gold='C' correct=True
[formal_group] completed config=configs/runs/formal/zero_shot_olmo3_7b_instruct_csqa.yaml
[formal_group] config=configs/runs/formal/zero_shot_olmo3_7b_instruct_mmlu.yaml
[formal_group] log_path=/home/xuyang_lab/cse12311031/26Spring-CS310-NLP-Project/output/log/A/sampled_200/zero_shot/olmo3_7b_instruct_mmlu.log
[zero_shot][olmo3_7b_instruct][mmlu] loaded 200 samples from split=validation
[zero_shot][olmo3_7b_instruct][mmlu] sample 1/200 start id=mmlu_validation_1
[zero_shot][olmo3_7b_instruct][mmlu] sample 1/200 done id=mmlu_validation_1 prediction='To determine the order of the factor group \\(\\mathbb{Z}_6 / \\langle 3 \\rangle\\), first identify the subgroup \\(\\langle 3 \\rangle\\) in \\(\\mathbb{Z}_6\\). The element 3 in \\(\\mathbb{Z}_6\\) has order 2 because \\(3 \\times 2 = 6 \\equiv 0 \\pmod{6}\\), and no smaller positive multiple equals 0. Thus, \\(\\langle 3 \\rangle = \\{0, 3}\\), which has order 2. By the First Isomorphism Theorem, the order of the quotient group \\(\\mathbb{Z}_6 / \\langle 3 \\rangle\\) equals the index of \\(\\langle 3\\rangle\\) in \\(\\mathbb{Z}_6\\). The order of \\(\\mathbb{Z}_6\\) is 6, so the index is \\(6 / 2 = 3\\). Alternatively, listing cosets: 0·3 = {0}, 1·3 = {3}, 2·3 = {4}, 4·3 = {2}, 5·3 = {5}. These are five distinct elements,' gold='B' correct=False
[zero_shot][olmo3_7b_instruct][mmlu] sample 2/200 start id=mmlu_validation_6
[zero_shot][olmo3_7b_instruct][mmlu] sample 2/200 done id=mmlu_validation_6 prediction='Let’s analyze each statement in turn.\n\n**Statement 1:** If a and b are elements of finite order in an Abelian group, then |ab| = lcm(|a|, |b|).\n\n- In an Abelian group, the order of a product is the least common multiple of the orders of the factors. That is, if |a| = m and |b| = n, then (ab)^(lcm(m,n)) = a^(lcm(m,n)) b^(lcm(m,n)) = (e^m)^{lcm(m,n)} (e^n)^{lcm(m,n)} = e^{m* lcm(m,n)/m} e^{n* lcm(m,n)/n} = e^{lcm(m,n)} = e, so |ab| divides lcm(m,n). The converse also holds because if (ab)^k = e, then a^k b^k = e, so m and n both divide k, hence lcm(m,n) is the minimal such k. Thus |ab| = lcm(m,n).\n- This is true in any Abelian group.\n\n**Statement 2:** If g is a group element and g^n = e, then |g| = n.\n\n-' gold='B' correct=False
[zero_shot][olmo3_7b_instruct][mmlu] sample 3/200 start id=mmlu_validation_13
[zero_shot][olmo3_7b_instruct][mmlu] sample 3/200 done id=mmlu_validation_13 prediction='The question describes the location of the stethoscope: the 7th right intercostal space in the mid-axillary line. In standard anatomical terminology, the lung is divided into three lobes—upper, middle, and lower—on each side. The intercostal spaces run between the ribs, and the mid-axillary line is an imaginary vertical line halfway between the left and right sides of the chest. Placing a stethoscope in the 7th right intercostal space at the mid-axillary line targets the right lung, specifically the region between the 6th and 7th ribs on the right side. In the right lung, the lower lobe is located at the most caudal (lower) part of the lung, corresponding to the lower border of the diaphragm, which is near the 5th to 6th intercostal spaces in the posterior axillary line but shifts more caudally as the space number increases toward the lower lobe. The 7th intercostal space is deeper and closer to the diaphragmatic boundary, aligning with the lower lobe of the right lung. The costo-diaphragmatic recess refers to the area where the diaphragm dips into the' gold='C' correct=False
[zero_shot][olmo3_7b_instruct][mmlu] sample 4/200 start id=mmlu_validation_23
[zero_shot][olmo3_7b_instruct][mmlu] sample 4/200 done id=mmlu_validation_23 prediction='B' gold='C' correct=False
[zero_shot][olmo3_7b_instruct][mmlu] sample 5/200 start id=mmlu_validation_39
[zero_shot][olmo3_7b_instruct][mmlu] sample 5/200 done id=mmlu_validation_39 prediction='D' gold='D' correct=True
[zero_shot][olmo3_7b_instruct][mmlu] sample 6/200 start id=mmlu_validation_51
[zero_shot][olmo3_7b_instruct][mmlu] sample 6/200 done id=mmlu_validation_51 prediction='The question asks for three factors that can impinge upon stakeholder communication and collaboration. Impingement typically refers to obstacles or influences that hinder effective interaction. \n\nAnalyzing the choices:\n\n- **A. Resource intensity, Culture clash, Accountability**  \n  Resource intensity can strain communication if too much is required. Culture clash is a well-known barrier in cross-cultural collaboration. Accountability is more about responsibility than a direct impediment to communication or collaboration, though it can be affected by cultural differences.\n\n- **B. Resource clash, Culture intensity, Accountability**  \n  Resource clash is a specific type of conflict that can disrupt collaboration. Culture intensity is not a standard term; "culture" as a factor is, but "intensity" is odd. Accountability again is less directly related.\n\n- **C. Resource intensity, Culture clash, Coordinative fluidity**  \n  Resource intensity and culture clash are strong candidates as barriers. However, "coordinative fluidity" is an unusual term. It might mean the ease of coordination, but the phrasing suggests it\'s a positive trait rather than an impediment.\n\n- **D. Resource clash, Culture clash, Coordinative fluidity**  \n  Resource clash and culture clash are both recognized obstacles in stakeholder contexts. However' gold='A' correct=False
[zero_shot][olmo3_7b_instruct][mmlu] sample 7/200 start id=mmlu_validation_54
[zero_shot][olmo3_7b_instruct][mmlu] sample 7/200 done id=mmlu_validation_54 prediction='B' gold='D' correct=False
[zero_shot][olmo3_7b_instruct][mmlu] sample 8/200 start id=mmlu_validation_61
[zero_shot][olmo3_7b_instruct][mmlu] sample 8/200 done id=mmlu_validation_61 prediction="To determine which statement about the anatomy involved in a rectal examination is true, let's analyze each choice:\n\nA. The sacrum is palpated anteriorly.  \nDuring a rectal examination, the examiner typically palpates the rectal canal, which is located posterior to the pelvic brim. The sacrum is a bony structure in the posterior pelvic wall, so it is not palpated anteriorly (in the front). This is false.\n\nB. The pubic bone is palpated anteriorly in both sexes.  \nThe pubic bone is part of the anterior pelvic wall. During a rectal examination, the examiner positions themselves in the supine or lateral position and moves the external genitalia (in males, the penis; in females, the labia) out of the way to access the rectal area. The pubic bone is in the front and can be palpated anteriorly as part of the procedure. This is true for both sexes, though the approach differs.\n\nC. In the male, the testes can be appreciated anteriorly.  \nThe testes are located in the scrotum, which hangs below the penis and is posterior to the pubic bone. During a rectal examination, the examiner does not palpate the anterior surface" gold='D' correct=False
[zero_shot][olmo3_7b_instruct][mmlu] sample 9/200 start id=mmlu_validation_65
[zero_shot][olmo3_7b_instruct][mmlu] sample 9/200 done id=mmlu_validation_65 prediction='A' gold='A' correct=True
[zero_shot][olmo3_7b_instruct][mmlu] sample 10/200 start id=mmlu_validation_88
[zero_shot][olmo3_7b_instruct][mmlu] sample 10/200 done id=mmlu_validation_88 prediction="Oligotrophic lakes are defined by having low nutrient levels in the water, which results in clear, deep water and limited primary production. \n\nLet's evaluate each choice:\n- A. Low nutrient levels: This is a defining characteristic of oligotrophic lakes. ✅\n- B. High altitudes: Altitude can influence a lake's temperature and evaporation, but it is not a direct characteristic of the lake's ecology or water chemistry. This is more about location. ❌\n- C. Shallow water: Oligotrophic lakes are typically deep and clear, not shallow. Shallow lakes are usually more likely to be eutrophic due to increased sunlight penetration and potential nutrient input from the surrounding soil. ❌\n- D. Sand or gravel bottom: These types of bottoms tend to be poor at retaining nutrients, which can support the low nutrient levels typical of oligotrophic lakes. ✅\n\nHowever, the question asks which is **NOT** a characteristic. Both B and C are not characteristics of oligotrophic lakes, but let's focus on the most direct answer. The key defining features are water depth and nutrient content. Shallow water (C) is not typical of oligotrophic lakes—they are usually deep. High altitudes" gold='C' correct=False
[zero_shot][olmo3_7b_instruct][mmlu] sample 11/200 start id=mmlu_validation_93
[zero_shot][olmo3_7b_instruct][mmlu] sample 11/200 done id=mmlu_validation_93 prediction='D' gold='D' correct=True
[zero_shot][olmo3_7b_instruct][mmlu] sample 12/200 start id=mmlu_validation_96
[zero_shot][olmo3_7b_instruct][mmlu] sample 12/200 done id=mmlu_validation_96 prediction='B' gold='B' correct=True
[zero_shot][olmo3_7b_instruct][mmlu] sample 13/200 start id=mmlu_validation_114
[zero_shot][olmo3_7b_instruct][mmlu] sample 13/200 done id=mmlu_validation_114 prediction="To find and remove the 7th largest element in a data structure, we first need to locate it, then perform the removal operation.\n\nLet's analyze each option in the worst case:\n\nI. **Min-Heap**  \nA min-heap stores elements such that the smallest element is at the root, and extraction of the minimum is O(log n).  \nTo find the 7th largest element in a min-heap, we would need to extract the minimum element seven times, each time O(log n), and then rebuild the heap or reinsert the remaining elements.  \nAlternatively, if we could access the kth largest directly (like a max-heap), it would be O(log n), but a min-heap does not support efficient access to arbitrary order statistics.  \nTherefore, finding the 7th largest in a min-heap is **O(n)** in the worst case (e.g., by maintaining a separate set or by repeatedly extracting the minimum).  \nSo, using a min-heap alone does **not** allow O(log n) time for this operation.\n\nII. **Array sorted in increasing order**  \nThe 7th largest element is the (n-7+1)th element in the array (since the largest is at the" gold='D' correct=False
[zero_shot][olmo3_7b_instruct][mmlu] sample 14/200 start id=mmlu_validation_118
[zero_shot][olmo3_7b_instruct][mmlu] sample 14/200 done id=mmlu_validation_118 prediction='Let’s analyze the given condition:  \n"C is true if and only if exactly one of A and B is true."  \nIn logical terms: C ↔ (A ⊕ B), where A ⊕ B means "exactly one of A or B is true."\n\nWe are told C is **false**.  \nSo, C = false ⇒ (A ⊕ B) = false.\n\nRecall that A ⊕ B is false exactly when both A and B are true **or** both A and B are false.  \nSo, when C is false, either:\n1. A is true and B is true, or  \n2. A is false and B is false.\n\nNow, let\'s check each option:\n\nA. "If A is true, then B is false."  \nThis is the implication A → ¬B.  \nBut if A is true and B is also true (from the first case above), then A → ¬B is false.  \nSo this statement is not necessarily true.\n\nB. "If A is false, then B is false."  \nThis is the implication ¬A → ¬B.  \nWhen C is false, there are two possibilities: (A = T, B = T) or (A = F, B =' gold='B' correct=False
[zero_shot][olmo3_7b_instruct][mmlu] sample 15/200 start id=mmlu_validation_130
[zero_shot][olmo3_7b_instruct][mmlu] sample 15/200 done id=mmlu_validation_130 prediction='D' gold='D' correct=True
[zero_shot][olmo3_7b_instruct][mmlu] sample 16/200 start id=mmlu_validation_135
[zero_shot][olmo3_7b_instruct][mmlu] sample 16/200 done id=mmlu_validation_135 prediction='The question asks which psychological or social phenomenon is demonstrated by a therapist helping a young man accept his homosexual feelings and encouraging him to join a support group for newly "out" gay men. Let\'s analyze each choice:\n\nA. **Stereotype threat** – This occurs when people are aware of negative stereotypes about their group and it affects their performance. The scenario does not focus on performance or the impact of stereotypes on behavior or identity, but rather on the process of coming to terms with one\'s identity and seeking community. So, this is not the best fit.\n\nB. **Groupthink** – This is when a group prioritizes harmony and conformity over critical thinking, often leading to poor decisions. The therapist\'s role is to encourage open discussion and acceptance, not to suppress individual thoughts or push the man toward group consensus in a way that ignores his concerns. This doesn\'t fit well.\n\nC. **Universalization** – This is when an individual or group assumes that their personal experience is typical or universal among others. In this case, the therapist helps the man realize his feelings are more common than he thought (that he is not alone), which can be a key part of the therapeutic process for someone exploring their sexuality. The therapist’s approach helps the man recognize the universality' gold='C' correct=False
[zero_shot][olmo3_7b_instruct][mmlu] sample 17/200 start id=mmlu_validation_141
[zero_shot][olmo3_7b_instruct][mmlu] sample 17/200 done id=mmlu_validation_141 prediction='D' gold='D' correct=True
[zero_shot][olmo3_7b_instruct][mmlu] sample 18/200 start id=mmlu_validation_142
[zero_shot][olmo3_7b_instruct][mmlu] sample 18/200 done id=mmlu_validation_142 prediction='B' gold='D' correct=False
[zero_shot][olmo3_7b_instruct][mmlu] sample 19/200 start id=mmlu_validation_146
[zero_shot][olmo3_7b_instruct][mmlu] sample 19/200 done id=mmlu_validation_146 prediction='B' gold='B' correct=True
[zero_shot][olmo3_7b_instruct][mmlu] sample 20/200 start id=mmlu_validation_161
[zero_shot][olmo3_7b_instruct][mmlu] sample 20/200 done id=mmlu_validation_161 prediction='C' gold='D' correct=False
[zero_shot][olmo3_7b_instruct][mmlu] sample 21/200 start id=mmlu_validation_163
[zero_shot][olmo3_7b_instruct][mmlu] sample 21/200 done id=mmlu_validation_163 prediction='Given the definition:  \nh(H, m) = E(m, H) · h(H, m)  \nBut the notation "h(H,m) = E(m, H) h(H,m)" suggests a possible misstatement or a recursive/contradictory definition, since it equates h(H,m) to itself multiplied by E(m,H). However, the problem states that the resulting operation "h(⋅,⋅)h(⋅,⋅)" (applying h twice in some form) is not collision resistant. We are to analyze the options for how H’ is constructed from random (H, m, m’).\n\nTypically, in collision resistance discussions (e.g., in hash functions or certain cryptographic constructions), a collision might be found by choosing random inputs and trying to construct a second input H’ such that h(H,m) = h(H’,m’). The structure of the options suggests that H’ is built using the other values and some function E.\n\nAssuming the intended definition is that to find a collision, you pick random (H, m, m’), and set H’ using E with the swapped or permuted arguments. The notation "E(m’, E(m,H))" or' gold='A' correct=False
[zero_shot][olmo3_7b_instruct][mmlu] sample 22/200 start id=mmlu_validation_175
[zero_shot][olmo3_7b_instruct][mmlu] sample 22/200 done id=mmlu_validation_175 prediction='A' gold='A' correct=True
[zero_shot][olmo3_7b_instruct][mmlu] sample 23/200 start id=mmlu_validation_178
[zero_shot][olmo3_7b_instruct][mmlu] sample 23/200 done id=mmlu_validation_178 prediction='C' gold='C' correct=True
[zero_shot][olmo3_7b_instruct][mmlu] sample 24/200 start id=mmlu_validation_186
[zero_shot][olmo3_7b_instruct][mmlu] sample 24/200 done id=mmlu_validation_186 prediction='C' gold='C' correct=True
[zero_shot][olmo3_7b_instruct][mmlu] sample 25/200 start id=mmlu_validation_189
[zero_shot][olmo3_7b_instruct][mmlu] sample 25/200 done id=mmlu_validation_189 prediction='A' gold='C' correct=False
[zero_shot][olmo3_7b_instruct][mmlu] sample 26/200 start id=mmlu_validation_191
[zero_shot][olmo3_7b_instruct][mmlu] sample 26/200 done id=mmlu_validation_191 prediction='A' gold='A' correct=True
[zero_shot][olmo3_7b_instruct][mmlu] sample 27/200 start id=mmlu_validation_198
[zero_shot][olmo3_7b_instruct][mmlu] sample 27/200 done id=mmlu_validation_198 prediction='To determine which statement is false regarding the Hausman test and the choice between fixed and random effects models:\n\nFirst, recall the Hausman test: It compares the coefficients from a fixed effects (FE) model (which uses within transformations to eliminate individual effects) and a random effects (RE) model (which assumes individual effects are uncorrelated with explanatory variables and uses demeaned data). The test helps decide whether to use FE or RE by checking if the RE estimator is consistent under the null hypothesis (no correlation between explanatory variables and error).\n\nLet\'s evaluate each choice:\n\nA. "For random effects models, the use of OLS would result in consistent but inefficient parameter estimation."  \nThis is generally true. RE models assume the error is uncorrelated with X, so using OLS on the RE-variant (after removing individual dummies in FE, or using first-differencing in some cases) can still be consistent if the assumption holds, though potentially less efficient due to omitted variables (if FE absorb some X variation). So A is **not false**.\n\nB. "If the Hausman test is not satisfied, the random effects model is more appropriate."  \nThis is **false**. If the Hausman test is *not* satisfied (i.e.,' gold='B' correct=False
[zero_shot][olmo3_7b_instruct][mmlu] sample 28/200 start id=mmlu_validation_206
[zero_shot][olmo3_7b_instruct][mmlu] sample 28/200 done id=mmlu_validation_206 prediction='Let\'s analyze each statement regarding the ARIMA(p,d,q) model class:\n\n**(i) The "I" stands for independent.**\n\nThis is **false**. In ARIMA, the "I" stands for **integrated**, not independent. The "I" indicates the number of times the time series is differenced to make it stationary. Independent refers to the errors in a regression, not the process itself. So (i) is incorrect.\n\n**(ii) An ARIMA(p,1,0) model estimated on a series of logs of prices is equivalent to an ARIMA(p,0,1) model estimated on a set of continuously compounded returns.**\n\nThis is **true**. Taking the first difference of the log price series (log P_t - log P_{t-1}) gives the continuously compounded return (approximate). Mathematically, if Y_t = log P_t, then ΔY_t = Y_t - Y_{t-1} ≈ (P_t/P_{t-1}) - 1 ≈ continuously compounded return. An ARIMA(p,1,0) on logs is equivalent in form to an AR(1) process on the returns, but if the returns are stationary, then modeling the returns as' gold='A' correct=False
[zero_shot][olmo3_7b_instruct][mmlu] sample 29/200 start id=mmlu_validation_209
[zero_shot][olmo3_7b_instruct][mmlu] sample 29/200 done id=mmlu_validation_209 prediction="A 4-pole lap-wound DC generator produces a voltage according to the formula:  \n\\( V_{nom} = \\frac{P \\cdot \\Phi \\cdot N}{k} \\)  \nwhere P = poles, N = total number of armature windings (for lap-wound, N = number of turns per armature coil × number of coils, but the key factor is the number of poles), and k is a constant related to the machine's construction.  \n\nThe voltage per pole is:  \n\\( V_{per\\ pole} = \\frac{V_{nom}}{P} \\)  \n\nIf one brush is damaged (and assuming a 4-pole machine with 4 brushes, one per pole), the brush contact resistance at that pole increases. For a lap-wound machine, the number of active commutator segments per pole is reduced by one due to the missing brush, so the effective number of poles becomes 3 (since each brush is typically needed for one pole). However, the standard simplification in such multiple-choice questions is that losing a brush on one pole reduces the voltage by half (since that pole's contribution is lost or reduced), and the current increases by a factor of 2 (since current is invers" gold='D' correct=False
[zero_shot][olmo3_7b_instruct][mmlu] sample 30/200 start id=mmlu_validation_217
[zero_shot][olmo3_7b_instruct][mmlu] sample 30/200 done id=mmlu_validation_217 prediction='D' gold='A' correct=False
[zero_shot][olmo3_7b_instruct][mmlu] sample 31/200 start id=mmlu_validation_224
[zero_shot][olmo3_7b_instruct][mmlu] sample 31/200 done id=mmlu_validation_224 prediction='Dielectric heating, also known as dielectric loss heating, is primarily achieved through the loss tangent (or dissipation factor) of the dielectric material in the radio frequency (RF) range. The most common method is microwave dielectric heating, which typically uses frequencies between 2.45 GHz and 10 GHz. However, the given choices do not include these values. \n\nLooking at the options:\n- A (10 KHz to 100 KHz) is in the audio frequency range, not typically used for dielectric heating.\n- B (100 KHz to 10 MHz) includes both radio frequencies (up to 100 MHz) and lower RF frequencies, but the lower end may be too low for practical dielectric heating.\n- C (1 MHz to 10 MHz) is in the low RF range, which is sometimes used in industrial applications for certain materials.\n- D (10 MHz to 40 MHz) is in the VHF range, which is less common for dielectric heating compared to microwave frequencies.\n\nDespite the mismatch with standard microwave frequencies, among the provided options, the highest range that could plausibly correspond to dielectric heating (especially in older or lower-power equipment) is C or D. However, the most commonly cited frequency range for' gold='D' correct=False
[zero_shot][olmo3_7b_instruct][mmlu] sample 32/200 start id=mmlu_validation_228
[zero_shot][olmo3_7b_instruct][mmlu] sample 32/200 done id=mmlu_validation_228 prediction='A' gold='A' correct=True
[zero_shot][olmo3_7b_instruct][mmlu] sample 33/200 start id=mmlu_validation_229
[zero_shot][olmo3_7b_instruct][mmlu] sample 33/200 done id=mmlu_validation_229 prediction='A' gold='B' correct=False
[zero_shot][olmo3_7b_instruct][mmlu] sample 34/200 start id=mmlu_validation_234
[zero_shot][olmo3_7b_instruct][mmlu] sample 34/200 done id=mmlu_validation_234 prediction='A' gold='A' correct=True
[zero_shot][olmo3_7b_instruct][mmlu] sample 35/200 start id=mmlu_validation_255
[zero_shot][olmo3_7b_instruct][mmlu] sample 35/200 done id=mmlu_validation_255 prediction='C' gold='C' correct=True
[zero_shot][olmo3_7b_instruct][mmlu] sample 36/200 start id=mmlu_validation_257
[zero_shot][olmo3_7b_instruct][mmlu] sample 36/200 done id=mmlu_validation_257 prediction='A' gold='B' correct=False
[zero_shot][olmo3_7b_instruct][mmlu] sample 37/200 start id=mmlu_validation_262
[zero_shot][olmo3_7b_instruct][mmlu] sample 37/200 done id=mmlu_validation_262 prediction='C' gold='C' correct=True
[zero_shot][olmo3_7b_instruct][mmlu] sample 38/200 start id=mmlu_validation_283
[zero_shot][olmo3_7b_instruct][mmlu] sample 38/200 done id=mmlu_validation_283 prediction='To solve the question, we need to determine the percentage of the population in Sub-Saharan Africa living on less than $1.90 per day as of 2020. This is a reference to the World Bank\'s international poverty line, which in 2017 set the extreme poverty line at $1.90 per day (2017 PPP). However, due to inflation and cost of living adjustments, the line is updated annually. By 2020, the World Bank\'s poverty line for international comparisons was approximately $2.15 per day (using 2017 PPP dollars adjusted for 2020 prices). \n\nBut the question specifically mentions "$1.90" (not adjusted), so it\'s likely asking about the 2017 figure, even though the year is 2020. Historically, in 2017, about 36% of the population in Sub-Saharan Africa was living on less than the $1.90 per day (PPP) international poverty line. However, if the question is simply referencing the 2017 percentage for the 2020 data (perhaps assuming no change or using the old threshold), the closest standard answer from common knowledge or typical test data is often around 40%, as many sources round or report the 2017 figure for SSA' gold='C' correct=False
[zero_shot][olmo3_7b_instruct][mmlu] sample 39/200 start id=mmlu_validation_285
[zero_shot][olmo3_7b_instruct][mmlu] sample 39/200 done id=mmlu_validation_285 prediction="To determine which statement about the global growth rate is true, we need to analyze the relationship described in each option. Let G represent the global growth rate in 2020. \n\n- Option A says the growth rate 50 years ago (in 1970) was four times as high as in 2020. This would mean the growth rate in 1970 was 4G.\n- Option B says the growth rate 50 years ago was two times as high as in 2020. So, 1970 growth rate = 2G.\n- Option C claims the current growth rate (2020) is two times the 2020 rate, which is impossible because it compares the 2020 value to itself doubled, contradicting the idea of a change over time.\n- Option D states the current growth rate is four times the 2020 rate, which also doesn't make sense because it's comparing the present to itself.\n\nThe only plausible options are A and B, as they describe how the growth rate in the past compared to the present. However, without specific data, we cannot confirm if it was 2G or 4G. But looking at the wording, options A and B both compare the past to the present, while C and" gold='B' correct=False
[zero_shot][olmo3_7b_instruct][mmlu] sample 40/200 start id=mmlu_validation_292
[zero_shot][olmo3_7b_instruct][mmlu] sample 40/200 done id=mmlu_validation_292 prediction="Let's analyze the scenario step by step:\n\n1. **A cell from Elodea (a freshwater plant) is soaked in a 15% sugar solution.**\n   - This means the external environment (outside the cell) has a high concentration of sugar (solute).\n   - Water will move into the cell by osmosis, because water moves from low to high solute concentration (but actually, since the cell is initially in freshwater, the external solution is hypertonic to the cell's interior).\n\n2. **The cell's contents (cytoplasm and solutes) separate from the cell wall and form a mass in the center of the cell.**\n   - This suggests that the cytoplasm has moved away from the cell wall, likely toward the center of the cell, possibly due to changes in osmotic pressure.\n\nNow, let's evaluate each statement:\n\n---\n\n**A. The vacuole lost water and became smaller.**  \n- In a typical freshwater plant cell in a hypertonic (sugar) solution, water enters the cytoplasm by osmosis, causing the cytoplasm to swell. However, the **vacuole** (which is usually the largest compartment and is typically *isotropic*—meaning it takes" gold='D' correct=False
[zero_shot][olmo3_7b_instruct][mmlu] sample 41/200 start id=mmlu_validation_313
[zero_shot][olmo3_7b_instruct][mmlu] sample 41/200 done id=mmlu_validation_313 prediction='B' gold='B' correct=True
[zero_shot][olmo3_7b_instruct][mmlu] sample 42/200 start id=mmlu_validation_318
[zero_shot][olmo3_7b_instruct][mmlu] sample 42/200 done id=mmlu_validation_318 prediction='B' gold='C' correct=False
[zero_shot][olmo3_7b_instruct][mmlu] sample 43/200 start id=mmlu_validation_323
[zero_shot][olmo3_7b_instruct][mmlu] sample 43/200 done id=mmlu_validation_323 prediction='A' gold='A' correct=True
[zero_shot][olmo3_7b_instruct][mmlu] sample 44/200 start id=mmlu_validation_326
[zero_shot][olmo3_7b_instruct][mmlu] sample 44/200 done id=mmlu_validation_326 prediction="To determine the element from the electron configuration 1s² 2s² 2p⁶ 3s² 3p⁶ 4s², we count the total number of electrons by adding the superscripts:\n\n1s² = 2  \n2s² = 2 (total 4)  \n2p⁶ = 6 (total 10)  \n3s² = 2 (total 12)  \n3p⁶ = 6 (total 18)  \n4s² = 2 (total 20)\n\n20 electrons mean the element has atomic number 20. Scandium (Sc) has atomic number 21, titanium (Ti) has 22, cobalt (Co) has 27, and vanadium (V) has 23. None of these match 20. However, if we consider a possible typo or misreading, the configuration given matches that of calcium (Ca), which has atomic number 20 (1s² 2s² 2p⁶ 3s² 3p⁶). The 4s² orbital is filled before 3d but comes after 3p in the order, which is correct for calcium (since it's in" gold='D' correct=False
[zero_shot][olmo3_7b_instruct][mmlu] sample 45/200 start id=mmlu_validation_327
[zero_shot][olmo3_7b_instruct][mmlu] sample 45/200 done id=mmlu_validation_327 prediction='The electromagnetic spectrum is ordered by wavelength from shortest to longest. X-rays have the shortest wavelengths, followed by ultraviolet, then visible light, and finally infrared. The given options do not include radio waves, which would come after infrared. Among the choices, option A lists ultraviolet, visible, infrared in the correct increasing order, but it places X-ray at the start, which is correct for the shortest wavelength. Option C also starts with X-ray and follows the correct increasing order. However, the standard order including all listed regions in the choices from shortest to longest wavelength is X-ray < ultraviolet < visible < infrared. Therefore, the correct order from decreasing wavelength (longest to shortest) would be the reverse: infrared (longest), visible, ultraviolet, X-ray (shortest). But since the choices do not include radio, and only include the four, the correct order from longest to shortest wavelength is infrared > visible > ultraviolet > X-ray. However, the options present A as ultraviolet, visible, infrared, which is incorrect. Option C is X-ray (shortest), ultraviolet, visible, infrared (longest), which is increasing order. The question asks for decreasing wavelength (longest to shortest), so the correct sequence from the options is' gold='D' correct=False
[zero_shot][olmo3_7b_instruct][mmlu] sample 46/200 start id=mmlu_validation_330
[zero_shot][olmo3_7b_instruct][mmlu] sample 46/200 done id=mmlu_validation_330 prediction="The question asks for the average mass of one carbon atom in grams.  \nWe know that the molar mass of carbon (the mass of one mole of carbon atoms) is approximately 12 grams per mole.  \nBy definition, the molar mass (in grams per mole) is numerically equal to the atomic mass (in atomic mass units, amu) of the element.  \nTherefore, the average mass of a single carbon atom in amu is 12 amu.  \nHowever, the question specifically asks for the average mass of a single carbon atom, but measured in grams.  \nBut the only option that makes sense in the context of the choices given is the relationship between molar mass and atomic mass.  \nOption D states the mass in grams of the most abundant isotope of carbon (which is carbon-12, with a mass of 12 g/mol), and since the average mass in amu per atom is numerically equal to the molar mass in g/mol divided by Avogadro's number, but the question's wording is tricky.  \nHowever, the standard fact taught is that the molar mass (in g/mol) of an element equals the atomic mass (in amu) of its atoms, so the average mass in amu" gold='A' correct=False
[zero_shot][olmo3_7b_instruct][mmlu] sample 47/200 start id=mmlu_validation_333
[zero_shot][olmo3_7b_instruct][mmlu] sample 47/200 done id=mmlu_validation_333 prediction="To determine the correct atomic radius and first ionization energy for sodium, we start by recalling that sodium (Na) has an atomic number of 11 and is in Group 1 of the periodic table. Group 1 metals are known for having low ionization energies because their single valence electron is far from the nucleus, and they have large atomic radii due to the high number of electron shells.\n\nGiven:\n- First ionization energy of sodium = 496 kJ/mol\n- Atomic radius of sodium = 186 pm (this is the actual value, but the question asks us to match it to the options)\n\nLet's analyze the options:\n\n**Option A:** 160 pm, 737 kJ/mol  \n- 160 pm is smaller than the actual radius (186 pm), which would mean a higher effective nuclear charge and a much higher ionization energy. 737 kJ/mol is also higher than 496 kJ/mol. This is inconsistent with sodium's properties.\n\n**Option B:** 86 pm, 398 kJ/mol  \n- 86 pm is similar to the radius of lithium (which is about 152 pm, but alkali metals like potassium are around 190 pm). 86 pm is more like that of helium or maybe a transition" gold='A' correct=False
[zero_shot][olmo3_7b_instruct][mmlu] sample 48/200 start id=mmlu_validation_334
[zero_shot][olmo3_7b_instruct][mmlu] sample 48/200 done id=mmlu_validation_334 prediction='E' gold='D' correct=False
[zero_shot][olmo3_7b_instruct][mmlu] sample 49/200 start id=mmlu_validation_338
[zero_shot][olmo3_7b_instruct][mmlu] sample 49/200 done id=mmlu_validation_338 prediction='The unknown chloride compound is dissolved in water and titrated with excess Pb(NO₃)₂. Pb(NO₃)₂ reacts with Cl⁻ ions to form PbCl₂(s):  \nPb²⁺ + 2 Cl⁻ → PbCl₂(s).  \nStoichiometrically, 1 mole of PbCl₂ is formed for every 2 moles of Cl⁻.  \nSince the precipitate (PbCl₂) mass is given as 0.0050 mol, this represents the moles of Pb²⁺ added (because Pb is in excess and only Cl⁻ from the sample limits the reaction).  \nEach mole of PbCl₂ contains2 moles of Cl⁻.  \nThus, moles of Cl⁻ in the original sample = 2 × 0.0050 mol =0.010 mol Cl⁻.  \nThe mass of Cl⁻ is moles × molar mass of Cl⁻ (or Cl as part of Cl⁻).  \nMolar mass of Cl⁻ ≈35.45 g/mol (using atomic mass of Cl).  \nMass of Cl⁻ =0.010 mol ×35.45 g/mol =0.3545 g' gold='B' correct=False
[zero_shot][olmo3_7b_instruct][mmlu] sample 50/200 start id=mmlu_validation_350
[zero_shot][olmo3_7b_instruct][mmlu] sample 50/200 done id=mmlu_validation_350 prediction="To determine which function grows the slowest as \\( N \\) approaches infinity, we compare the growth rates of the given options:\n\n- **O(N^(1/2))**: Square root growth, increases but slower than linear.\n- **O(N^(1/4))**: Fourth root growth, even slower than square root.\n- **O(N^(1/N))**: Exponent is \\( 1/N \\), which approaches 0 as \\( N \\) grows. So, \\( N^{1/N} \\) approaches 1 (since any number to the power of 0 is 1), and grows extremely slowly—much slower than constant.\n- **O(N)**: Linear growth, the fastest among the options.\n\nAs \\( N \\) becomes very large, the function \\( N^{1/N} \\) approaches 1 and increases very slowly (for example, at N=16, it's 16^(1/16) ≈ 1.189; at N=1000, it's about 1.032). In contrast, constants (like 1) grow at the same rate, and all other options (A and B) grow faster than this. Therefore, **O(N^(1/N))** grows the slowest." gold='C' correct=False
[zero_shot][olmo3_7b_instruct][mmlu] sample 51/200 start id=mmlu_validation_365
[zero_shot][olmo3_7b_instruct][mmlu] sample 51/200 done id=mmlu_validation_365 prediction='C' gold='A' correct=False
[zero_shot][olmo3_7b_instruct][mmlu] sample 52/200 start id=mmlu_validation_393
[zero_shot][olmo3_7b_instruct][mmlu] sample 52/200 done id=mmlu_validation_393 prediction='Let\'s analyze each statement about congressional committees:\n\nI. "The committee chairpersons always belong to the majority party."  \nThis is not true. Committee chairs can be from the majority or the minority party, depending on the political makeup of the committee and the desires of the party in power at the time. There are examples where a minority party member is chosen as a committee chair.\n\nII. "Seats on each committee are divided between the two major parties in exact proportion to their representation in Congress."  \nThis is generally false. While there is a tendency for committee membership to reflect the overall party balance in Congress, it is not always exact. Committees can have members from both parties who may not correspond precisely to the Senate and House party ratios, especially in the case of non-partisan or special committees.\n\nIII. "They recommend whether Congress should pass various pieces of legislation, and those recommendations are always approved by the full congressional body."  \nThis is also not true. Committee recommendations on legislation are not always approved by the full chamber. Congress can choose to overrule, amend, or ignore committee recommendations.\n\nIV. (Not listed as a choice, so we ignore it for this question.)\n\nFrom the above, only statement II is partially accurate but not strictly true in all cases. However' gold='A' correct=False
[zero_shot][olmo3_7b_instruct][mmlu] sample 53/200 start id=mmlu_validation_407
[zero_shot][olmo3_7b_instruct][mmlu] sample 53/200 done id=mmlu_validation_407 prediction='C' gold='D' correct=False
[zero_shot][olmo3_7b_instruct][mmlu] sample 54/200 start id=mmlu_validation_411
[zero_shot][olmo3_7b_instruct][mmlu] sample 54/200 done id=mmlu_validation_411 prediction="The question asks which process best exemplifies the federal structure of the U.S. government. The federal structure is characterized by a division of powers between a central (national) government and regional (state) governments, with each operating within its own authority. \n\nLet's evaluate the choices:\n\nA. **Amending the United States Constitution**  \nThis involves both the federal (national) government and the states, as ratification requires agreement from a certain number of states. It shows the interaction and shared authority between levels of government, as changes to the Constitution must be approved by Congress (federal) and by state legislatures or conventions (state). This is a classic example of federalism in practice.\n\nB. **Imposing export taxes**  \nExport taxes are typically a matter of federal regulation, as the federal government has the authority to tax goods exported from the U.S. This does not require or demonstrate state involvement, so it does not highlight the federal structure.\n\nC. **Spending treasury money without the passage of an appropriations bill**  \nThe federal government cannot spend money without a proper appropriation from Congress, which is a federal action. This choice describes an illegal or at least an improper process, not an example of federal structure.\n\nD. **Granting titles of nobility" gold='A' correct=False
[zero_shot][olmo3_7b_instruct][mmlu] sample 55/200 start id=mmlu_validation_429
[zero_shot][olmo3_7b_instruct][mmlu] sample 55/200 done id=mmlu_validation_429 prediction='C' gold='C' correct=True
[zero_shot][olmo3_7b_instruct][mmlu] sample 56/200 start id=mmlu_validation_432
[zero_shot][olmo3_7b_instruct][mmlu] sample 56/200 done id=mmlu_validation_432 prediction='B' gold='B' correct=True
[zero_shot][olmo3_7b_instruct][mmlu] sample 57/200 start id=mmlu_validation_433
[zero_shot][olmo3_7b_instruct][mmlu] sample 57/200 done id=mmlu_validation_433 prediction='Step 1: Julia\'s income is $1000 per week.  \nStep 2: Her marginal propensity to consume (MPC) is 0.5, meaning she spends 50% of any additional income.  \nStep 3: Since she already spends $30 regardless of income, her "additional" income to spend is $1000 - $30 = $970.  \nStep 4: She will spend 0.5 × $970 = $485 from her income.  \nStep5: Her savings are her income minus her total spending: $1000 (from income) + $30 (autonomous spending) - $485 (spending from income) = $1000 - $485 = $515.  \nWait, but that\'s not one of the options. Let me check the standard Keynesian savings formula.  \nThe Keynesian savings function S = Y - C, where C = a + cY (autonomous consumption + MPC × income).  \nHere, autonomous consumption is $30, MPC is 0.5, income is $1000.  \nSo C = 30 + 0.5×1000 = 30 + 500 = $530.  \nThen S = Y - (C - a)' gold='D' correct=False
[zero_shot][olmo3_7b_instruct][mmlu] sample 58/200 start id=mmlu_validation_435
[zero_shot][olmo3_7b_instruct][mmlu] sample 58/200 done id=mmlu_validation_435 prediction='B' gold='D' correct=False
[zero_shot][olmo3_7b_instruct][mmlu] sample 59/200 start id=mmlu_validation_440
[zero_shot][olmo3_7b_instruct][mmlu] sample 59/200 done id=mmlu_validation_440 prediction='C' gold='C' correct=True
[zero_shot][olmo3_7b_instruct][mmlu] sample 60/200 start id=mmlu_validation_447
[zero_shot][olmo3_7b_instruct][mmlu] sample 60/200 done id=mmlu_validation_447 prediction='C' gold='C' correct=True
[zero_shot][olmo3_7b_instruct][mmlu] sample 61/200 start id=mmlu_validation_449
