Loading weights:   0%|          | 0/291 [00:00<?, ?it/s]Loading weights:  32%|███▏      | 94/291 [00:00<00:00, 928.49it/s]Loading weights:  64%|██████▍   | 187/291 [00:00<00:00, 863.78it/s]Loading weights: 100%|██████████| 291/291 [00:00<00:00, 974.71it/s]
[formal_group] loaded shared runner for model=mistral_7b_instruct_v0_3 configs=3 split=test
[formal_group] config=configs/runs/formal/zero_shot_mistral_7b_instruct_v0_3_gsm8k.yaml
[formal_group] log_path=/home/xuyang_lab/cse12311031/26Spring-CS310-NLP-Project/output/log/A/sampled_50/zero_shot/mistral_7b_instruct_v0_3_gsm8k.log
[zero_shot][mistral_7b_instruct_v0_3][gsm8k] loaded 50 samples from split=test
[zero_shot][mistral_7b_instruct_v0_3][gsm8k] sample 1/50 start id=gsm8k_test_13
[zero_shot][mistral_7b_instruct_v0_3][gsm8k] sample 1/50 done id=gsm8k_test_13 prediction='15' gold='18' correct=False
[zero_shot][mistral_7b_instruct_v0_3][gsm8k] sample 2/50 start id=gsm8k_test_51
[zero_shot][mistral_7b_instruct_v0_3][gsm8k] sample 2/50 done id=gsm8k_test_51 prediction='5' gold='5' correct=True
[zero_shot][mistral_7b_instruct_v0_3][gsm8k] sample 3/50 start id=gsm8k_test_54
[zero_shot][mistral_7b_instruct_v0_3][gsm8k] sample 3/50 done id=gsm8k_test_54 prediction='5' gold='40' correct=False
[zero_shot][mistral_7b_instruct_v0_3][gsm8k] sample 4/50 start id=gsm8k_test_61
[zero_shot][mistral_7b_instruct_v0_3][gsm8k] sample 4/50 done id=gsm8k_test_61 prediction='1430' gold='1430' correct=True
[zero_shot][mistral_7b_instruct_v0_3][gsm8k] sample 5/50 start id=gsm8k_test_65
[zero_shot][mistral_7b_instruct_v0_3][gsm8k] sample 5/50 done id=gsm8k_test_65 prediction='20' gold='36' correct=False
[zero_shot][mistral_7b_instruct_v0_3][gsm8k] sample 6/50 start id=gsm8k_test_88
[zero_shot][mistral_7b_instruct_v0_3][gsm8k] sample 6/50 done id=gsm8k_test_88 prediction='8000' gold='8000' correct=True
[zero_shot][mistral_7b_instruct_v0_3][gsm8k] sample 7/50 start id=gsm8k_test_161
[zero_shot][mistral_7b_instruct_v0_3][gsm8k] sample 7/50 done id=gsm8k_test_161 prediction='13' gold='32' correct=False
[zero_shot][mistral_7b_instruct_v0_3][gsm8k] sample 8/50 start id=gsm8k_test_178
[zero_shot][mistral_7b_instruct_v0_3][gsm8k] sample 8/50 done id=gsm8k_test_178 prediction='122' gold='122' correct=True
[zero_shot][mistral_7b_instruct_v0_3][gsm8k] sample 9/50 start id=gsm8k_test_189
[zero_shot][mistral_7b_instruct_v0_3][gsm8k] sample 9/50 done id=gsm8k_test_189 prediction='34.00' gold='34' correct=False
[zero_shot][mistral_7b_instruct_v0_3][gsm8k] sample 10/50 start id=gsm8k_test_191
[zero_shot][mistral_7b_instruct_v0_3][gsm8k] sample 10/50 done id=gsm8k_test_191 prediction='5' gold='5' correct=True
[zero_shot][mistral_7b_instruct_v0_3][gsm8k] sample 11/50 start id=gsm8k_test_198
[zero_shot][mistral_7b_instruct_v0_3][gsm8k] sample 11/50 done id=gsm8k_test_198 prediction='220' gold='320' correct=False
[zero_shot][mistral_7b_instruct_v0_3][gsm8k] sample 12/50 start id=gsm8k_test_209
[zero_shot][mistral_7b_instruct_v0_3][gsm8k] sample 12/50 done id=gsm8k_test_209 prediction="Let's denote the number of cups as C and the number of plates as P.\n\n1. We know that 20 dozen cups cost $1200 less than the cost of half a dozen plates. So, the total cost of 20 dozen cups is $1200 less than $6000 * P/2 (since half a dozen plates is P/2).\n\n2. Convert 20 dozen cups to a common denominator with the plates. That's 240 cups (since 20 * 12 = 240).\n\n3. So, the equation becomes: 240 * cost per cup = $6000 * P/2 - $1200\n\n4. To find the cost per cup, we need to isolate it. First, divide both sides by 240: cost per cup = ($6000 * P/2 - $1200) / 240\n\n5. Simplify the equation: cost per cup = ($6000P - 1200 * 24) / (240 * 24)" gold='145' correct=False
[zero_shot][mistral_7b_instruct_v0_3][gsm8k] sample 13/50 start id=gsm8k_test_228
[zero_shot][mistral_7b_instruct_v0_3][gsm8k] sample 13/50 done id=gsm8k_test_228 prediction='1' gold='1' correct=True
[zero_shot][mistral_7b_instruct_v0_3][gsm8k] sample 14/50 start id=gsm8k_test_255
[zero_shot][mistral_7b_instruct_v0_3][gsm8k] sample 14/50 done id=gsm8k_test_255 prediction='96' gold='192' correct=False
[zero_shot][mistral_7b_instruct_v0_3][gsm8k] sample 15/50 start id=gsm8k_test_285
[zero_shot][mistral_7b_instruct_v0_3][gsm8k] sample 15/50 done id=gsm8k_test_285 prediction='24' gold='21' correct=False
[zero_shot][mistral_7b_instruct_v0_3][gsm8k] sample 16/50 start id=gsm8k_test_318
[zero_shot][mistral_7b_instruct_v0_3][gsm8k] sample 16/50 done id=gsm8k_test_318 prediction='123' gold='123' correct=True
[zero_shot][mistral_7b_instruct_v0_3][gsm8k] sample 17/50 start id=gsm8k_test_326
[zero_shot][mistral_7b_instruct_v0_3][gsm8k] sample 17/50 done id=gsm8k_test_326 prediction="Let's break this down:\n\n1. Initially, there were people at the terminal.\n2. At the first stop, 5 more people got in, so the total became people.\n3. At the second stop, 7 people got off, leaving people on the bus.\n4. Then, 8 more people got in at the second stop, making the total people on the bus.\n5. At the third stop, the total number of people on the bus was 20.\n6. So, we can set up an equation: Initial people + People from the first stop + People who got off at the second stop - People who got on at the second stop = People at the third stop.\n7. Plugging in the values, we get: Initial people + 5 + (Total people at the third stop - 7 - 8) = 20.\n8. Simplifying the equation, we get: Initial people + 5 + (20 - 15) = 20.\n9. Solving for the initial number of people, we get: Initial people = 20 - 5 - 5 = 15.\n\nThe" gold='14' correct=False
[zero_shot][mistral_7b_instruct_v0_3][gsm8k] sample 18/50 start id=gsm8k_test_407
[zero_shot][mistral_7b_instruct_v0_3][gsm8k] sample 18/50 done id=gsm8k_test_407 prediction='4000' gold='2000' correct=False
[zero_shot][mistral_7b_instruct_v0_3][gsm8k] sample 19/50 start id=gsm8k_test_440
[zero_shot][mistral_7b_instruct_v0_3][gsm8k] sample 19/50 done id=gsm8k_test_440 prediction='98' gold='98' correct=True
[zero_shot][mistral_7b_instruct_v0_3][gsm8k] sample 20/50 start id=gsm8k_test_447
[zero_shot][mistral_7b_instruct_v0_3][gsm8k] sample 20/50 done id=gsm8k_test_447 prediction='5' gold='5' correct=True
[zero_shot][mistral_7b_instruct_v0_3][gsm8k] sample 21/50 start id=gsm8k_test_451
[zero_shot][mistral_7b_instruct_v0_3][gsm8k] sample 21/50 done id=gsm8k_test_451 prediction='10950' gold='11050' correct=False
[zero_shot][mistral_7b_instruct_v0_3][gsm8k] sample 22/50 start id=gsm8k_test_457
[zero_shot][mistral_7b_instruct_v0_3][gsm8k] sample 22/50 done id=gsm8k_test_457 prediction='45' gold='45' correct=True
[zero_shot][mistral_7b_instruct_v0_3][gsm8k] sample 23/50 start id=gsm8k_test_476
[zero_shot][mistral_7b_instruct_v0_3][gsm8k] sample 23/50 done id=gsm8k_test_476 prediction='5' gold='5' correct=True
[zero_shot][mistral_7b_instruct_v0_3][gsm8k] sample 24/50 start id=gsm8k_test_501
[zero_shot][mistral_7b_instruct_v0_3][gsm8k] sample 24/50 done id=gsm8k_test_501 prediction='274' gold='273' correct=False
[zero_shot][mistral_7b_instruct_v0_3][gsm8k] sample 25/50 start id=gsm8k_test_541
[zero_shot][mistral_7b_instruct_v0_3][gsm8k] sample 25/50 done id=gsm8k_test_541 prediction="Let's denote the number of days in April as D.\n\n1. Elvis wants to save $1125 in a month. Since there are 30 days in a month (for simplicity, assuming April has 30 days), he needs to save $1125 / 30 = $37.5 per day on average.\n\n2. In the first half of the month, he saves the same amount each day, so let's denote this amount as S.\n\n3. In the second half of the month, he wants to save twice as much daily as in the first half, so the amount he saves each day in the second half is 2 * S.\n\n4. The total amount he saves in the second half of the month is (D/2) * (2 * S), where D/2 is the number of days in the second half.\n\n5. To hit his target, the total amount he saves in the second half should be equal to the difference between his monthly target and the amount he saves in the first half: (1125 - (D/2) * S) = (D/2) * (2 * S)." gold='50' correct=False
[zero_shot][mistral_7b_instruct_v0_3][gsm8k] sample 26/50 start id=gsm8k_test_563
[zero_shot][mistral_7b_instruct_v0_3][gsm8k] sample 26/50 done id=gsm8k_test_563 prediction='6' gold='12' correct=False
[zero_shot][mistral_7b_instruct_v0_3][gsm8k] sample 27/50 start id=gsm8k_test_569
[zero_shot][mistral_7b_instruct_v0_3][gsm8k] sample 27/50 done id=gsm8k_test_569 prediction='21' gold='21' correct=True
[zero_shot][mistral_7b_instruct_v0_3][gsm8k] sample 28/50 start id=gsm8k_test_600
[zero_shot][mistral_7b_instruct_v0_3][gsm8k] sample 28/50 done id=gsm8k_test_600 prediction='10' gold='10' correct=True
[zero_shot][mistral_7b_instruct_v0_3][gsm8k] sample 29/50 start id=gsm8k_test_689
[zero_shot][mistral_7b_instruct_v0_3][gsm8k] sample 29/50 done id=gsm8k_test_689 prediction="1. Manolo bought 5 lollipops at $0.40 each, so the cost of lollipops is 5 * $0.40 = $2.00.\n2. He also bought 4 candies that cost $3.20.\n3. The total cost of candies is $3.20.\n4. The total cost of the items Manolo bought initially is $2.00 (lollipops) + $3.20 (candies) = $5.20.\n5. Now, Manolo wants to buy 10 lollipops. The cost of 10 lollipops is 10 * $0.40 = $4.00.\n6. He also wants to buy 10 candies, but we don't know their individual cost yet.\n7. To find the total cost of 10 candies, we need to find the difference between the total cost of all items he bought initially and the cost of lollipops: $5.20 (total cost) - $4.00 (cost of lollipops) = $" gold='7' correct=False
[zero_shot][mistral_7b_instruct_v0_3][gsm8k] sample 30/50 start id=gsm8k_test_696
[zero_shot][mistral_7b_instruct_v0_3][gsm8k] sample 30/50 done id=gsm8k_test_696 prediction='180' gold='145' correct=False
[zero_shot][mistral_7b_instruct_v0_3][gsm8k] sample 31/50 start id=gsm8k_test_704
[zero_shot][mistral_7b_instruct_v0_3][gsm8k] sample 31/50 done id=gsm8k_test_704 prediction="1. The total amount of money is $100, and the ratio of Gerald's share to Julia's share is 3:2.\n2. Let G represent Gerald's share and J represent Julia's share. So, we have G + J = $100.\n3. We know that Gerald spent $10 on a book, so his current money is G - $10.\n4. According to the given ratio, Gerald's share is 3 times larger than the difference between his current money and Julia's share. So, 3(G - $10) = 2J.\n5. Since the total amount is $100, we can write another equation: G + J = $100.\n6. Now we have a system of two equations:\n   a. 3(G - $10) = 2J\n   b. G + J = $100\n7. To solve this system, we can first isolate J from equation (b): J = $100 - G.\n8. Next, substitute J from equation (a): 3(G - $" gold='50' correct=False
[zero_shot][mistral_7b_instruct_v0_3][gsm8k] sample 32/50 start id=gsm8k_test_735
[zero_shot][mistral_7b_instruct_v0_3][gsm8k] sample 32/50 done id=gsm8k_test_735 prediction='40' gold='50' correct=False
[zero_shot][mistral_7b_instruct_v0_3][gsm8k] sample 33/50 start id=gsm8k_test_775
[zero_shot][mistral_7b_instruct_v0_3][gsm8k] sample 33/50 done id=gsm8k_test_775 prediction='276' gold='276' correct=True
[zero_shot][mistral_7b_instruct_v0_3][gsm8k] sample 34/50 start id=gsm8k_test_778
[zero_shot][mistral_7b_instruct_v0_3][gsm8k] sample 34/50 done id=gsm8k_test_778 prediction='38.00' gold='38' correct=False
[zero_shot][mistral_7b_instruct_v0_3][gsm8k] sample 35/50 start id=gsm8k_test_859
[zero_shot][mistral_7b_instruct_v0_3][gsm8k] sample 35/50 done id=gsm8k_test_859 prediction="Let's denote the amount of money Rafaela received as R. Since each customer gave her a $20 tip, the total amount Rafaela received is 40 * $20 = $800.\n\nJulieta received 10% less money than Rafaela, so her total amount is R - 0.10 * R = 0.90 * R.\n\nThe total amount they received together is the sum of their individual tips, which is R + 0.90 * R = 1.90 * R.\n\nWe know the total amount they received is $800, so we can set up the equation 1.90 * R = $800 and solve for R:\n\nR = $800 / 1.90 ≈ $421.05\n\nNow, we can find the amount Julieta received:\n\nJulieta's tips = 0.90 * R ≈ 0.90 * $421.05 ≈ $378.95\n\nRafaela's tips = R ≈ $4" gold='1520' correct=False
[zero_shot][mistral_7b_instruct_v0_3][gsm8k] sample 36/50 start id=gsm8k_test_864
[zero_shot][mistral_7b_instruct_v0_3][gsm8k] sample 36/50 done id=gsm8k_test_864 prediction='80' gold='80' correct=True
[zero_shot][mistral_7b_instruct_v0_3][gsm8k] sample 37/50 start id=gsm8k_test_865
[zero_shot][mistral_7b_instruct_v0_3][gsm8k] sample 37/50 done id=gsm8k_test_865 prediction='23' gold='23' correct=True
[zero_shot][mistral_7b_instruct_v0_3][gsm8k] sample 38/50 start id=gsm8k_test_919
[zero_shot][mistral_7b_instruct_v0_3][gsm8k] sample 38/50 done id=gsm8k_test_919 prediction='90' gold='90' correct=True
[zero_shot][mistral_7b_instruct_v0_3][gsm8k] sample 39/50 start id=gsm8k_test_940
[zero_shot][mistral_7b_instruct_v0_3][gsm8k] sample 39/50 done id=gsm8k_test_940 prediction='280' gold='280' correct=True
[zero_shot][mistral_7b_instruct_v0_3][gsm8k] sample 40/50 start id=gsm8k_test_1034
[zero_shot][mistral_7b_instruct_v0_3][gsm8k] sample 40/50 done id=gsm8k_test_1034 prediction='66' gold='66' correct=True
[zero_shot][mistral_7b_instruct_v0_3][gsm8k] sample 41/50 start id=gsm8k_test_1098
[zero_shot][mistral_7b_instruct_v0_3][gsm8k] sample 41/50 done id=gsm8k_test_1098 prediction='30' gold='30' correct=True
[zero_shot][mistral_7b_instruct_v0_3][gsm8k] sample 42/50 start id=gsm8k_test_1116
[zero_shot][mistral_7b_instruct_v0_3][gsm8k] sample 42/50 done id=gsm8k_test_1116 prediction='60' gold='60' correct=True
[zero_shot][mistral_7b_instruct_v0_3][gsm8k] sample 43/50 start id=gsm8k_test_1130
[zero_shot][mistral_7b_instruct_v0_3][gsm8k] sample 43/50 done id=gsm8k_test_1130 prediction="First, let's find out how many boxes Nik needs to hold all his crayons. Since he has 200 crayons and each group is 8 crayons, the number of boxes is 200 / 8 = 25 boxes.\n\nNext, let's calculate the weight of the crayons. Since each crayon weighs 1 ounce and there are 200 crayons, the weight of the crayons is 200 * 1 = 200 ounces.\n\nEach box weighs 8 ounces, so the weight of the empty boxes is 25 * 8 = 200 ounces.\n\nNow, let's find the total weight of the crayons and the boxes. The weight of the crayons is 200 ounces, the weight of the empty boxes is 200 ounces, and since they are added together, the total weight is 200 + 200 = 400 ounces.\n\nFinally, to convert the total weight from ounces to pounds, we divide by" gold='25' correct=False
[zero_shot][mistral_7b_instruct_v0_3][gsm8k] sample 44/50 start id=gsm8k_test_1149
[zero_shot][mistral_7b_instruct_v0_3][gsm8k] sample 44/50 done id=gsm8k_test_1149 prediction='93' gold='93' correct=True
[zero_shot][mistral_7b_instruct_v0_3][gsm8k] sample 45/50 start id=gsm8k_test_1206
[zero_shot][mistral_7b_instruct_v0_3][gsm8k] sample 45/50 done id=gsm8k_test_1206 prediction='40000' gold='40000' correct=True
[zero_shot][mistral_7b_instruct_v0_3][gsm8k] sample 46/50 start id=gsm8k_test_1209
[zero_shot][mistral_7b_instruct_v0_3][gsm8k] sample 46/50 done id=gsm8k_test_1209 prediction='81' gold='29' correct=False
[zero_shot][mistral_7b_instruct_v0_3][gsm8k] sample 47/50 start id=gsm8k_test_1232
[zero_shot][mistral_7b_instruct_v0_3][gsm8k] sample 47/50 done id=gsm8k_test_1232 prediction='15' gold='15' correct=True
[zero_shot][mistral_7b_instruct_v0_3][gsm8k] sample 48/50 start id=gsm8k_test_1236
[zero_shot][mistral_7b_instruct_v0_3][gsm8k] sample 48/50 done id=gsm8k_test_1236 prediction='54' gold='84' correct=False
[zero_shot][mistral_7b_instruct_v0_3][gsm8k] sample 49/50 start id=gsm8k_test_1287
[zero_shot][mistral_7b_instruct_v0_3][gsm8k] sample 49/50 done id=gsm8k_test_1287 prediction='72' gold='84' correct=False
[zero_shot][mistral_7b_instruct_v0_3][gsm8k] sample 50/50 start id=gsm8k_test_1309
[zero_shot][mistral_7b_instruct_v0_3][gsm8k] sample 50/50 done id=gsm8k_test_1309 prediction='2080' gold='2280' correct=False
[formal_group] completed config=configs/runs/formal/zero_shot_mistral_7b_instruct_v0_3_gsm8k.yaml
[formal_group] config=configs/runs/formal/zero_shot_mistral_7b_instruct_v0_3_csqa.yaml
[formal_group] log_path=/home/xuyang_lab/cse12311031/26Spring-CS310-NLP-Project/output/log/A/sampled_50/zero_shot/mistral_7b_instruct_v0_3_csqa.log
[zero_shot][mistral_7b_instruct_v0_3][csqa] loaded 50 samples from split=validation
[zero_shot][mistral_7b_instruct_v0_3][csqa] sample 1/50 start id=7ea9f721ffc662918bb0c0937a487f04
[zero_shot][mistral_7b_instruct_v0_3][csqa] sample 1/50 done id=7ea9f721ffc662918bb0c0937a487f04 prediction='D' gold='D' correct=True
[zero_shot][mistral_7b_instruct_v0_3][csqa] sample 2/50 start id=435a728f45d32faa4b3c4553c966fd6b
[zero_shot][mistral_7b_instruct_v0_3][csqa] sample 2/50 done id=435a728f45d32faa4b3c4553c966fd6b prediction='C' gold='B' correct=False
[zero_shot][mistral_7b_instruct_v0_3][csqa] sample 3/50 start id=b47d912136e3304cb5e5890b6b879551
[zero_shot][mistral_7b_instruct_v0_3][csqa] sample 3/50 done id=b47d912136e3304cb5e5890b6b879551 prediction='D' gold='D' correct=True
[zero_shot][mistral_7b_instruct_v0_3][csqa] sample 4/50 start id=a8a8ae7792901c7179ff5538c701af1f
[zero_shot][mistral_7b_instruct_v0_3][csqa] sample 4/50 done id=a8a8ae7792901c7179ff5538c701af1f prediction='E' gold='E' correct=True
[zero_shot][mistral_7b_instruct_v0_3][csqa] sample 5/50 start id=2d33cde5e3987adc8fa2bca0af4dd3dd
[zero_shot][mistral_7b_instruct_v0_3][csqa] sample 5/50 done id=2d33cde5e3987adc8fa2bca0af4dd3dd prediction='A' gold='A' correct=True
[zero_shot][mistral_7b_instruct_v0_3][csqa] sample 6/50 start id=1a8b3c2a46efabcbd506f9cf70886ed0
[zero_shot][mistral_7b_instruct_v0_3][csqa] sample 6/50 done id=1a8b3c2a46efabcbd506f9cf70886ed0 prediction='E' gold='E' correct=True
[zero_shot][mistral_7b_instruct_v0_3][csqa] sample 7/50 start id=e476e2c8c278eaecfe1a8b884b6aeb8e
[zero_shot][mistral_7b_instruct_v0_3][csqa] sample 7/50 done id=e476e2c8c278eaecfe1a8b884b6aeb8e prediction='E' gold='B' correct=False
[zero_shot][mistral_7b_instruct_v0_3][csqa] sample 8/50 start id=3e2222c99e11fca2ad4af2d470eb8ea2_1
[zero_shot][mistral_7b_instruct_v0_3][csqa] sample 8/50 done id=3e2222c99e11fca2ad4af2d470eb8ea2_1 prediction='E' gold='D' correct=False
[zero_shot][mistral_7b_instruct_v0_3][csqa] sample 9/50 start id=76b6f0765a3b2fba71021f902142edc0
[zero_shot][mistral_7b_instruct_v0_3][csqa] sample 9/50 done id=76b6f0765a3b2fba71021f902142edc0 prediction='E' gold='C' correct=False
[zero_shot][mistral_7b_instruct_v0_3][csqa] sample 10/50 start id=d107d67d525a686fbd8282314d2ea33c
[zero_shot][mistral_7b_instruct_v0_3][csqa] sample 10/50 done id=d107d67d525a686fbd8282314d2ea33c prediction='The gentleman is likely to have a club (A). Golf equipment typically includes clubs, such as drivers, irons, and putters. A, club, is the most relevant choice among the given options. The other choices (assembly hall, meditation center, meeting, church) are not related to golf equipment.' gold='A' correct=False
[zero_shot][mistral_7b_instruct_v0_3][csqa] sample 11/50 start id=e69da59cbcf2a302e4523571eba8186b
[zero_shot][mistral_7b_instruct_v0_3][csqa] sample 11/50 done id=e69da59cbcf2a302e4523571eba8186b prediction='A' gold='E' correct=False
[zero_shot][mistral_7b_instruct_v0_3][csqa] sample 12/50 start id=ec5a336080e37fbe95d72ad5f9c65ba7
[zero_shot][mistral_7b_instruct_v0_3][csqa] sample 12/50 done id=ec5a336080e37fbe95d72ad5f9c65ba7 prediction='E' gold='C' correct=False
[zero_shot][mistral_7b_instruct_v0_3][csqa] sample 13/50 start id=60e8f1a86d4063895f340cd1e3c55f50
[zero_shot][mistral_7b_instruct_v0_3][csqa] sample 13/50 done id=60e8f1a86d4063895f340cd1e3c55f50 prediction='E' gold='C' correct=False
[zero_shot][mistral_7b_instruct_v0_3][csqa] sample 14/50 start id=03ee30b5801b61aee791a551a9d9a49f
[zero_shot][mistral_7b_instruct_v0_3][csqa] sample 14/50 done id=03ee30b5801b61aee791a551a9d9a49f prediction='A' gold='A' correct=True
[zero_shot][mistral_7b_instruct_v0_3][csqa] sample 15/50 start id=0542414710025f56b0c26e1bae5c4d06
[zero_shot][mistral_7b_instruct_v0_3][csqa] sample 15/50 done id=0542414710025f56b0c26e1bae5c4d06 prediction='E' gold='A' correct=False
[zero_shot][mistral_7b_instruct_v0_3][csqa] sample 16/50 start id=93b52e7ea1acf10db891e9355e234123
[zero_shot][mistral_7b_instruct_v0_3][csqa] sample 16/50 done id=93b52e7ea1acf10db891e9355e234123 prediction='C' gold='A' correct=False
[zero_shot][mistral_7b_instruct_v0_3][csqa] sample 17/50 start id=5215e26c99b2a9b376fb1c70096a388a
[zero_shot][mistral_7b_instruct_v0_3][csqa] sample 17/50 done id=5215e26c99b2a9b376fb1c70096a388a prediction='E' gold='B' correct=False
[zero_shot][mistral_7b_instruct_v0_3][csqa] sample 18/50 start id=b4130d1790948134f3aeab9d3d79c181
[zero_shot][mistral_7b_instruct_v0_3][csqa] sample 18/50 done id=b4130d1790948134f3aeab9d3d79c181 prediction='D' gold='A' correct=False
[zero_shot][mistral_7b_instruct_v0_3][csqa] sample 19/50 start id=5a50ea4bb2d13dc4f620ebd45025d445
[zero_shot][mistral_7b_instruct_v0_3][csqa] sample 19/50 done id=5a50ea4bb2d13dc4f620ebd45025d445 prediction='E' gold='E' correct=True
[zero_shot][mistral_7b_instruct_v0_3][csqa] sample 20/50 start id=48205cc84aab5e455b22e17c3cc7277d
[zero_shot][mistral_7b_instruct_v0_3][csqa] sample 20/50 done id=48205cc84aab5e455b22e17c3cc7277d prediction='E' gold='B' correct=False
[zero_shot][mistral_7b_instruct_v0_3][csqa] sample 21/50 start id=a7d51b753c2113d8b2dbd0ebb5375855_1
[zero_shot][mistral_7b_instruct_v0_3][csqa] sample 21/50 done id=a7d51b753c2113d8b2dbd0ebb5375855_1 prediction='E' gold='D' correct=False
[zero_shot][mistral_7b_instruct_v0_3][csqa] sample 22/50 start id=f13efb91090dd28fd2b3c1f4dde680fd
[zero_shot][mistral_7b_instruct_v0_3][csqa] sample 22/50 done id=f13efb91090dd28fd2b3c1f4dde680fd prediction='A' gold='A' correct=True
[zero_shot][mistral_7b_instruct_v0_3][csqa] sample 23/50 start id=22fc45d9e6d0baea4a5b0526504225b8
[zero_shot][mistral_7b_instruct_v0_3][csqa] sample 23/50 done id=22fc45d9e6d0baea4a5b0526504225b8 prediction='E' gold='B' correct=False
[zero_shot][mistral_7b_instruct_v0_3][csqa] sample 24/50 start id=7d70208061ae3185bcfc9e912ee9e141
[zero_shot][mistral_7b_instruct_v0_3][csqa] sample 24/50 done id=7d70208061ae3185bcfc9e912ee9e141 prediction='E' gold='A' correct=False
[zero_shot][mistral_7b_instruct_v0_3][csqa] sample 25/50 start id=d1ad9b79f54205b6b9ac19a27f9c2be5
